<?xml version="1.0" encoding="utf-8" standalone="no"?>
<test-run id="0" runstate="Runnable" testcasecount="62" result="Failed" total="59" passed="44" failed="14" inconclusive="0" skipped="1" asserts="150" engine-version="3.12.0.0" clr-version="4.0.30319.42000" start-time="2021-06-23 08:20:07Z" end-time="2021-06-23 09:30:20Z" duration="4212.672492">
  <command-line><![CDATA["D:\a\ace-e2e-test\ace-e2e-test\Configit.TestAutomation\packages\NUnit.ConsoleRunner.3.12.0\tools\nunit3-console.exe" Configit.TestAutomation\Configit.TA.Tests\bin\Debug\Configit.TA.Tests.dll --where:cat!=SanityCategory --result=TestResult.xml]]></command-line>
  <filter>
    <not>
      <cat>SanityCategory</cat>
    </not>
  </filter>
  <test-suite type="Assembly" id="1-1079" name="Configit.TA.Tests.dll" fullname="D:\a\ace-e2e-test\ace-e2e-test\Configit.TestAutomation\Configit.TA.Tests\bin\Debug\Configit.TA.Tests.dll" runstate="Runnable" testcasecount="62" result="Failed" site="Child" start-time="2021-06-23 08:20:08Z" end-time="2021-06-23 09:30:20Z" duration="4211.899484" total="59" passed="44" failed="14" warnings="0" inconclusive="0" skipped="1" asserts="150">
    <environment framework-version="3.12.0.0" clr-version="4.0.30319.42000" os-version="Microsoft Windows NT 10.0.17763.0" platform="Win32NT" cwd="D:\a\ace-e2e-test\ace-e2e-test" machine-name="fv-az159-82" user="runneradmin" user-domain="fv-az159-82" culture="en-US" uiculture="en-US" os-architecture="x64" />
    <settings>
      <setting name="DisposeRunners" value="True" />
      <setting name="WorkDirectory" value="D:\a\ace-e2e-test\ace-e2e-test" />
      <setting name="ImageRuntimeVersion" value="4.0.30319" />
      <setting name="ImageTargetFrameworkName" value=".NETFramework,Version=v4.7.2" />
      <setting name="ImageRequiresX86" value="False" />
      <setting name="ImageRequiresDefaultAppDomainAssemblyResolver" value="False" />
      <setting name="TargetRuntimeFramework" value="net-4.0" />
      <setting name="NumberOfTestWorkers" value="2" />
    </settings>
    <properties>
      <property name="_PID" value="1192" />
      <property name="_APPDOMAIN" value="domain-" />
    </properties>
    <failure>
      <message><![CDATA[One or more child tests had errors]]></message>
    </failure>
    <test-suite type="TestSuite" id="1-1080" name="Configit" fullname="Configit" runstate="Runnable" testcasecount="62" result="Failed" site="Child" start-time="2021-06-23 08:20:08Z" end-time="2021-06-23 09:30:20Z" duration="4211.876251" total="59" passed="44" failed="14" warnings="0" inconclusive="0" skipped="1" asserts="150">
      <properties />
      <failure>
        <message><![CDATA[One or more child tests had errors]]></message>
      </failure>
      <test-suite type="TestSuite" id="1-1081" name="TA" fullname="Configit.TA" runstate="Runnable" testcasecount="62" result="Failed" site="Child" start-time="2021-06-23 08:20:08Z" end-time="2021-06-23 09:30:20Z" duration="4211.875707" total="59" passed="44" failed="14" warnings="0" inconclusive="0" skipped="1" asserts="150">
        <properties />
        <failure>
          <message><![CDATA[One or more child tests had errors]]></message>
        </failure>
        <test-suite type="TestSuite" id="1-1082" name="Tests" fullname="Configit.TA.Tests" runstate="Runnable" testcasecount="62" result="Failed" site="Child" start-time="2021-06-23 08:20:08Z" end-time="2021-06-23 09:30:20Z" duration="4211.875692" total="59" passed="44" failed="14" warnings="0" inconclusive="0" skipped="1" asserts="150">
          <properties />
          <failure>
            <message><![CDATA[One or more child tests had errors]]></message>
          </failure>
          <test-suite type="SetUpFixture" id="1-1000" name="TestScenarios" fullname="Configit.TA.Tests.TestScenarios.TestRunSetup" classname="Configit.TA.Tests.TestScenarios.TestRunSetup" runstate="Runnable" testcasecount="62" result="Failed" site="Child" start-time="2021-06-23 08:20:08Z" end-time="2021-06-23 09:30:20Z" duration="4211.871926" total="59" passed="44" failed="14" warnings="0" inconclusive="0" skipped="1" asserts="150">
            <properties />
            <failure>
              <message><![CDATA[One or more child tests had errors]]></message>
            </failure>
            <output><![CDATA[2021-06-23 08:20:09,119 INFO Configit.TA.Tests.TestScenarios.TestRunSetup -- ############### Running one time setup ###############
2021-06-23 08:20:09,134 INFO Configit.TA.Core.Configuration.TestConfiguration -- Using test environment: https://dailye2e.ace.configit.cloud/
2021-06-23 08:20:09,134 INFO Configit.TA.Tests.TestScenarios.TestRunSetup -- Cleaning screenshots directory: D:\a\ace-e2e-test\ace-e2e-test\Configit.TestAutomation\Configit.TA.Tests\bin\Debug\screenshots
2021-06-23 08:20:09,135 WARN Configit.TA.Tests.TestScenarios.TestRunSetup -- Could not clean screenshots directory. Exception: Could not find a part of the path 'D:\a\ace-e2e-test\ace-e2e-test\Configit.TestAutomation\Configit.TA.Tests\bin\Debug\screenshots'.
2021-06-23 08:20:09,135 INFO Configit.TA.Tests.TestScenarios.TestRunSetup -- ############### Finished one time setup ###############
2021-06-23 09:30:18,956 INFO Configit.TA.Tests.TestScenarios.TestRunSetup -- ############### Running one time teardown ###############
2021-06-23 09:30:20,961 INFO Configit.TA.Tests.TestScenarios.TestRunSetup -- ############### Finished one time teardown ###############
]]></output>
            <test-suite type="TestSuite" id="1-1087" name="AceModel" fullname="Configit.TA.Tests.TestScenarios.AceModel" runstate="Runnable" testcasecount="46" result="Failed" site="Child" start-time="2021-06-23 08:20:09Z" end-time="2021-06-23 09:16:07Z" duration="3358.267890" total="46" passed="36" failed="9" warnings="0" inconclusive="0" skipped="1" asserts="0">
              <properties />
              <failure>
                <message><![CDATA[One or more child tests had errors]]></message>
              </failure>
              <test-suite type="TestFixture" id="1-1021" name="AdministrationTestSuite" fullname="Configit.TA.Tests.TestScenarios.AceModel.AdministrationTestSuite" classname="Configit.TA.Tests.TestScenarios.AceModel.AdministrationTestSuite" runstate="Runnable" testcasecount="1" result="Skipped" label="Ignored" site="Child" start-time="2021-06-23 08:20:09Z" end-time="2021-06-23 08:20:09Z" duration="0.016404" total="1" passed="0" failed="0" warnings="0" inconclusive="0" skipped="1" asserts="0">
                <properties />
                <reason>
                  <message><![CDATA[One or more child tests were ignored]]></message>
                </reason>
                <output><![CDATA[2021-06-23 08:20:09,138 INFO Configit.TA.Core.Configuration.LogExecutionDetailsAttribute -- ########## Started running  test suite: [AdministrationTestSuite]
2021-06-23 08:20:09,151 INFO Configit.TA.Core.Configuration.LogExecutionDetailsAttribute -- ########## Finished running  test suite: [AdministrationTestSuite]
]]></output>
                <test-case id="1-1022" name="ChangeFamilyCodeLength" fullname="Configit.TA.Tests.TestScenarios.AceModel.AdministrationTestSuite.ChangeFamilyCodeLength" methodname="ChangeFamilyCodeLength" classname="Configit.TA.Tests.TestScenarios.AceModel.AdministrationTestSuite" runstate="Ignored" seed="1024544683" result="Skipped" label="Ignored" start-time="2021-06-23 08:20:09Z" end-time="2021-06-23 08:20:09Z" duration="0.006031" asserts="0">
                  <properties>
                    <property name="Category" value="AceModelCategory" />
                    <property name="_SKIPREASON" value="Verify if the steps are correct" />
                  </properties>
                  <reason>
                    <message><![CDATA[Verify if the steps are correct]]></message>
                  </reason>
                </test-case>
              </test-suite>
              <test-suite type="TestFixture" id="1-1032" name="CompileProductTestSuite" fullname="Configit.TA.Tests.TestScenarios.AceModel.CompileProductTestSuite" classname="Configit.TA.Tests.TestScenarios.AceModel.CompileProductTestSuite" runstate="Runnable" testcasecount="3" result="Passed" start-time="2021-06-23 08:20:09Z" end-time="2021-06-23 08:22:25Z" duration="136.097925" total="3" passed="3" failed="0" warnings="0" inconclusive="0" skipped="0" asserts="0">
                <properties />
                <output><![CDATA[2021-06-23 08:20:09,157 INFO Configit.TA.Core.Configuration.LogExecutionDetailsAttribute -- ########## Started running  test suite: [CompileProductTestSuite]
2021-06-23 08:22:25,265 INFO Configit.TA.Core.Configuration.LogExecutionDetailsAttribute -- ########## Finished running  test suite: [CompileProductTestSuite]
]]></output>
                <test-suite type="ParameterizedMethod" id="1-1036" name="CompileProductModel" fullname="Configit.TA.Tests.TestScenarios.AceModel.CompileProductTestSuite.CompileProductModel" classname="Configit.TA.Tests.TestScenarios.AceModel.CompileProductTestSuite" runstate="Runnable" testcasecount="3" result="Passed" start-time="2021-06-23 08:20:09Z" end-time="2021-06-23 08:22:25Z" duration="136.097689" total="3" passed="3" failed="0" warnings="0" inconclusive="0" skipped="0" asserts="0">
                  <properties>
                    <property name="Category" value="AceModelCategory" />
                  </properties>
                  <test-case id="1-1033" name="CompileProductModel(&quot;X0&quot;)" fullname="Configit.TA.Tests.TestScenarios.AceModel.CompileProductTestSuite.CompileProductModel(&quot;X0&quot;)" methodname="CompileProductModel" classname="Configit.TA.Tests.TestScenarios.AceModel.CompileProductTestSuite" runstate="Runnable" seed="576606615" result="Passed" start-time="2021-06-23 08:20:09Z" end-time="2021-06-23 08:21:09Z" duration="60.615144" asserts="0">
                    <properties>
                      <property name="Description" value="Should compile X0 successfully" />
                    </properties>
                    <output><![CDATA[2021-06-23 08:20:09,160 INFO Configit.TA.Core.Configuration.LogExecutionDetailsAttribute -- ##### Started running  test case: [CompileProductModel]
2021-06-23 08:20:09,162 INFO Configit.TA.Tests.TestScenarios.Base.BaseWebTestSuite -- Initializing browser window...
2021-06-23 08:20:09,164 INFO Configit.TA.Core.Extensions.WrappedWebDriver -- Creating webdriver instance...
2021-06-23 08:20:10,474 INFO Configit.TA.Tests.TestScenarios.Base.BaseWebTestSuite -- Browser initialized.
2021-06-23 08:20:10,478 INFO Configit.TA.Tests.TestSteps.BaseStep -- # Executing step: [Login] with parameters: [Admin]
2021-06-23 08:20:15,025 INFO Configit.TA.Tests.TestSteps.BaseStep -- # Executing step: [CompileProduct] with parameters: [X0]
2021-06-23 08:21:09,652 INFO Configit.TA.Tests.TestScenarios.Base.BaseWebTestSuite -- Closing the browser...
2021-06-23 08:21:09,776 WARN Configit.TA.Core.Extensions.WebDriverExtension -- [WARN] Could not kill remaining chromedriver processes. Inner exception: Cannot process request because the process (5504) has exited.
2021-06-23 08:21:09,776 INFO Configit.TA.Core.Configuration.LogExecutionDetailsAttribute -- ##### Finished running  test case: [CompileProductModel]
]]></output>
                  </test-case>
                  <test-case id="1-1034" name="CompileProductModel(&quot;V950&quot;)" fullname="Configit.TA.Tests.TestScenarios.AceModel.CompileProductTestSuite.CompileProductModel(&quot;V950&quot;)" methodname="CompileProductModel" classname="Configit.TA.Tests.TestScenarios.AceModel.CompileProductTestSuite" runstate="Runnable" seed="1654587639" result="Passed" start-time="2021-06-23 08:21:09Z" end-time="2021-06-23 08:21:45Z" duration="36.022755" asserts="0">
                    <properties>
                      <property name="Description" value="Should compile V950 successfully" />
                    </properties>
                    <output><![CDATA[2021-06-23 08:21:09,777 INFO Configit.TA.Core.Configuration.LogExecutionDetailsAttribute -- ##### Started running  test case: [CompileProductModel]
2021-06-23 08:21:09,777 INFO Configit.TA.Tests.TestScenarios.Base.BaseWebTestSuite -- Initializing browser window...
2021-06-23 08:21:09,777 INFO Configit.TA.Core.Extensions.WrappedWebDriver -- Creating webdriver instance...
2021-06-23 08:21:10,990 INFO Configit.TA.Tests.TestScenarios.Base.BaseWebTestSuite -- Browser initialized.
2021-06-23 08:21:10,990 INFO Configit.TA.Tests.TestSteps.BaseStep -- # Executing step: [Login] with parameters: [Admin]
2021-06-23 08:21:15,291 INFO Configit.TA.Tests.TestSteps.BaseStep -- # Executing step: [CompileProduct] with parameters: [V950]
2021-06-23 08:21:45,705 INFO Configit.TA.Tests.TestScenarios.Base.BaseWebTestSuite -- Closing the browser...
2021-06-23 08:21:45,803 INFO Configit.TA.Core.Configuration.LogExecutionDetailsAttribute -- ##### Finished running  test case: [CompileProductModel]
]]></output>
                  </test-case>
                  <test-case id="1-1035" name="CompileProductModel(&quot;IHEAR&quot;)" fullname="Configit.TA.Tests.TestScenarios.AceModel.CompileProductTestSuite.CompileProductModel(&quot;IHEAR&quot;)" methodname="CompileProductModel" classname="Configit.TA.Tests.TestScenarios.AceModel.CompileProductTestSuite" runstate="Runnable" seed="2016324278" result="Passed" start-time="2021-06-23 08:21:45Z" end-time="2021-06-23 08:22:25Z" duration="39.459134" asserts="0">
                    <properties>
                      <property name="Description" value="Should compile IHEAR successfully" />
                    </properties>
                    <output><![CDATA[2021-06-23 08:21:45,803 INFO Configit.TA.Core.Configuration.LogExecutionDetailsAttribute -- ##### Started running  test case: [CompileProductModel]
2021-06-23 08:21:45,803 INFO Configit.TA.Tests.TestScenarios.Base.BaseWebTestSuite -- Initializing browser window...
2021-06-23 08:21:45,803 INFO Configit.TA.Core.Extensions.WrappedWebDriver -- Creating webdriver instance...
2021-06-23 08:21:47,017 INFO Configit.TA.Tests.TestScenarios.Base.BaseWebTestSuite -- Browser initialized.
2021-06-23 08:21:47,017 INFO Configit.TA.Tests.TestSteps.BaseStep -- # Executing step: [Login] with parameters: [Admin]
2021-06-23 08:21:51,528 INFO Configit.TA.Tests.TestSteps.BaseStep -- # Executing step: [CompileProduct] with parameters: [IHEAR]
2021-06-23 08:22:25,167 INFO Configit.TA.Tests.TestScenarios.Base.BaseWebTestSuite -- Closing the browser...
2021-06-23 08:22:25,265 INFO Configit.TA.Core.Configuration.LogExecutionDetailsAttribute -- ##### Finished running  test case: [CompileProductModel]
]]></output>
                  </test-case>
                </test-suite>
              </test-suite>
              <test-suite type="TestFixture" id="1-1055" name="FeatureApplicabilityTestSuite" fullname="Configit.TA.Tests.TestScenarios.AceModel.FeatureApplicabilityTestSuite" classname="Configit.TA.Tests.TestScenarios.AceModel.FeatureApplicabilityTestSuite" runstate="Runnable" testcasecount="7" result="Failed" site="Child" start-time="2021-06-23 08:22:25Z" end-time="2021-06-23 08:32:12Z" duration="587.238975" total="7" passed="0" failed="7" warnings="0" inconclusive="0" skipped="0" asserts="0">
                <properties />
                <failure>
                  <message><![CDATA[One or more child tests had errors]]></message>
                </failure>
                <output><![CDATA[2021-06-23 08:22:25,266 INFO Configit.TA.Core.Configuration.LogExecutionDetailsAttribute -- ########## Started running  test suite: [FeatureApplicabilityTestSuite]
2021-06-23 08:32:12,548 INFO Configit.TA.Core.Configuration.LogExecutionDetailsAttribute -- ########## Finished running  test suite: [FeatureApplicabilityTestSuite]
]]></output>
                <test-case id="1-1056" name="AddFeatureApplicabilityDefault" fullname="Configit.TA.Tests.TestScenarios.AceModel.FeatureApplicabilityTestSuite.AddFeatureApplicabilityDefault" methodname="AddFeatureApplicabilityDefault" classname="Configit.TA.Tests.TestScenarios.AceModel.FeatureApplicabilityTestSuite" runstate="Runnable" seed="1767982390" result="Failed" label="Error" start-time="2021-06-23 08:22:25Z" end-time="2021-06-23 08:23:40Z" duration="75.084397" asserts="0">
                  <properties>
                    <property name="Category" value="AceModelCategory" />
                  </properties>
                  <failure>
                    <message><![CDATA[System.Exception : Waiting for condition: [WaitUntilIsDisplayed] on object [UiLabel] By: [By.XPath: //*[@label='Status']]... failed after [15] seconds.]]></message>
                    <stack-trace><![CDATA[   at Configit.TA.Core.WaitService.WaitForCondition[T](T obj, Func`2 condition, Int32 maxTimeoutSeconds, Boolean throwException, Action actionAfterCondition) in D:\a\ace-e2e-test\ace-e2e-test\Configit.TestAutomation\Configit.TA.Core\WaitService.cs:line 61
   at Configit.TA.Core.UiElements.UiWebElement.WaitUntil(Func`2 condition, Int32 timeoutInSeconds, Boolean throwException, Action actionAfterCondition) in D:\a\ace-e2e-test\ace-e2e-test\Configit.TestAutomation\Configit.TA.Core\UiElements\UiWebElement.cs:line 301
   at Configit.TA.Core.UiElements.UiWebElement.WaitUntilIsDisplayed(Int32 timeoutInSeconds) in D:\a\ace-e2e-test\ace-e2e-test\Configit.TestAutomation\Configit.TA.Core\UiElements\UiWebElement.cs:line 113
   at Configit.TA.Core.UiElements.UiWebElement.GetInnerText() in D:\a\ace-e2e-test\ace-e2e-test\Configit.TestAutomation\Configit.TA.Core\UiElements\UiWebElement.cs:line 204
   at Configit.TA.Core.UiElements.UiWebElement.GetParsedText() in D:\a\ace-e2e-test\ace-e2e-test\Configit.TestAutomation\Configit.TA.Core\UiElements\UiWebElement.cs:line 216
   at Configit.TA.Tests.TestSteps.ProductDefaultsSteps.AddFeatureApplicability(String productName, String familyName, Effectivity effectivity, Boolean navigateFromHome) in D:\a\ace-e2e-test\ace-e2e-test\Configit.TestAutomation\Configit.TA.Tests\TestSteps\ProductDefaultsSteps.cs:line 451
   at Configit.TA.Tests.TestScenarios.AceModel.FeatureApplicabilityTestSuite.AddFeatureApplicabilityDefault() in D:\a\ace-e2e-test\ace-e2e-test\Configit.TestAutomation\Configit.TA.Tests\TestScenarios\AceModel\FeatureApplicabilityTestSuite.cs:line 63]]></stack-trace>
                  </failure>
                  <output><![CDATA[2021-06-23 08:22:25,266 INFO Configit.TA.Core.Configuration.LogExecutionDetailsAttribute -- ##### Started running  test case: [AddFeatureApplicabilityDefault]
2021-06-23 08:22:25,266 INFO Configit.TA.Tests.TestScenarios.Base.BaseWebTestSuite -- Initializing browser window...
2021-06-23 08:22:25,266 INFO Configit.TA.Core.Extensions.WrappedWebDriver -- Creating webdriver instance...
2021-06-23 08:22:26,503 INFO Configit.TA.Tests.TestScenarios.Base.BaseWebTestSuite -- Browser initialized.
2021-06-23 08:22:26,504 INFO Configit.TA.Tests.TestSteps.BaseStep -- # Executing step: [Login] with parameters: [Admin]
2021-06-23 08:22:30,815 INFO Configit.TA.Tests.TestSteps.BaseStep -- # Executing step: [CreateWorkItemFromHomePage] with parameters: [WI_23062021_082230815, test work item]
2021-06-23 08:22:33,624 INFO Configit.TA.Tests.TestSteps.BaseStep -- # Executing step: [NavigateToWorkItemsPage]
2021-06-23 08:22:34,749 INFO Configit.TA.Tests.TestSteps.BaseStep -- # Executing step: [OpenWorkItemDetails] with parameters: [WI_23062021_082230815]
2021-06-23 08:22:38,265 INFO Configit.TA.Tests.TestSteps.BaseStep -- # Executing step: [AddFeatures] with parameters: [Family code: PCOL Feature codes: ]
2021-06-23 08:22:58,951 INFO Configit.TA.Tests.TestSteps.BaseStep -- # Executing step: [AddFeatureApplicability] with parameters: [Sample Bus, PCOL]
2021-06-23 08:23:22,948 ERROR Configit.TA.Core.WaitService -- Waiting for condition: [WaitUntilIsDisplayed] on object [UiLabel] By: [By.XPath: //*[@label='Status']]... failed after [15] seconds.
2021-06-23 08:23:23,312 INFO Configit.TA.Core.Extensions.WebDriverExtension -- Screenshot saved: D:\a\ace-e2e-test\ace-e2e-test\Configit.TestAutomation\Configit.TA.Tests\bin\Debug\screenshots\AddFeatureApplicabilityDefault1-1056_20210623_082322949.png
2021-06-23 08:23:23,424 INFO Configit.TA.Tests.TestScenarios.Base.BaseWebTestSuite -- Closing the browser...
2021-06-23 08:23:23,530 INFO Configit.TA.Tests.TestScenarios.Base.BaseWebTestSuite -- Initializing browser window...
2021-06-23 08:23:23,530 INFO Configit.TA.Core.Extensions.WrappedWebDriver -- Creating webdriver instance...
2021-06-23 08:23:24,759 INFO Configit.TA.Tests.TestScenarios.Base.BaseWebTestSuite -- Browser initialized.
2021-06-23 08:23:24,759 INFO Configit.TA.Tests.TestSteps.BaseStep -- # Executing step: [Login] with parameters: [Admin]
2021-06-23 08:23:29,260 INFO Configit.TA.Tests.TestSteps.BaseStep -- # Executing step: [NavigateToWorkItemsPage]
2021-06-23 08:23:30,359 INFO Configit.TA.Tests.TestSteps.BaseStep -- # Executing step: [OpenWorkItemDetails] with parameters: [WI_23062021_082230815]
2021-06-23 08:23:34,310 INFO Configit.TA.Tests.TestSteps.BaseStep -- # Executing step: [CloseWorkItem] with parameters: [WI_23062021_082230815]
2021-06-23 08:23:40,260 INFO Configit.TA.Tests.TestScenarios.Base.BaseWebTestSuite -- Closing the browser...
2021-06-23 08:23:40,356 INFO Configit.TA.Core.Configuration.LogExecutionDetailsAttribute -- ##### Finished running  test case: [AddFeatureApplicabilityDefault]
]]></output>
                  <attachments>
                    <attachment>
                      <filePath>D:\a\ace-e2e-test\ace-e2e-test\Configit.TestAutomation\Configit.TA.Tests\bin\Debug\screenshots\AddFeatureApplicabilityDefault1-1056_20210623_082322949.png</filePath>
                    </attachment>
                  </attachments>
                </test-case>
                <test-case id="1-1061" name="AddFeatureApplicabilityOverDefault" fullname="Configit.TA.Tests.TestScenarios.AceModel.FeatureApplicabilityTestSuite.AddFeatureApplicabilityOverDefault" methodname="AddFeatureApplicabilityOverDefault" classname="Configit.TA.Tests.TestScenarios.AceModel.FeatureApplicabilityTestSuite" runstate="Runnable" seed="1756213978" result="Failed" label="Error" start-time="2021-06-23 08:23:40Z" end-time="2021-06-23 08:25:44Z" duration="123.957828" asserts="0">
                  <properties>
                    <property name="Category" value="AceModelCategory" />
                  </properties>
                  <failure>
                    <message><![CDATA[System.Exception : Waiting for condition: [WaitUntilIsDisplayed] on object [UiLabel] By: [By.XPath: //*[@label='Status']]... failed after [15] seconds.]]></message>
                    <stack-trace><![CDATA[   at Configit.TA.Core.WaitService.WaitForCondition[T](T obj, Func`2 condition, Int32 maxTimeoutSeconds, Boolean throwException, Action actionAfterCondition) in D:\a\ace-e2e-test\ace-e2e-test\Configit.TestAutomation\Configit.TA.Core\WaitService.cs:line 61
   at Configit.TA.Core.UiElements.UiWebElement.WaitUntil(Func`2 condition, Int32 timeoutInSeconds, Boolean throwException, Action actionAfterCondition) in D:\a\ace-e2e-test\ace-e2e-test\Configit.TestAutomation\Configit.TA.Core\UiElements\UiWebElement.cs:line 301
   at Configit.TA.Core.UiElements.UiWebElement.WaitUntilIsDisplayed(Int32 timeoutInSeconds) in D:\a\ace-e2e-test\ace-e2e-test\Configit.TestAutomation\Configit.TA.Core\UiElements\UiWebElement.cs:line 113
   at Configit.TA.Core.UiElements.UiWebElement.GetInnerText() in D:\a\ace-e2e-test\ace-e2e-test\Configit.TestAutomation\Configit.TA.Core\UiElements\UiWebElement.cs:line 204
   at Configit.TA.Core.UiElements.UiWebElement.GetParsedText() in D:\a\ace-e2e-test\ace-e2e-test\Configit.TestAutomation\Configit.TA.Core\UiElements\UiWebElement.cs:line 216
   at Configit.TA.Tests.TestSteps.ProductDefaultsSteps.AddFeatureApplicability(String productName, String familyName, Effectivity effectivity, Boolean navigateFromHome) in D:\a\ace-e2e-test\ace-e2e-test\Configit.TestAutomation\Configit.TA.Tests\TestSteps\ProductDefaultsSteps.cs:line 451
   at Configit.TA.Tests.TestScenarios.AceModel.FeatureApplicabilityTestSuite.AddFeatureApplicabilityOverDefault() in D:\a\ace-e2e-test\ace-e2e-test\Configit.TestAutomation\Configit.TA.Tests\TestScenarios\AceModel\FeatureApplicabilityTestSuite.cs:line 251]]></stack-trace>
                  </failure>
                  <output><![CDATA[2021-06-23 08:23:40,356 INFO Configit.TA.Core.Configuration.LogExecutionDetailsAttribute -- ##### Started running  test case: [AddFeatureApplicabilityOverDefault]
2021-06-23 08:23:40,356 INFO Configit.TA.Tests.TestScenarios.Base.BaseWebTestSuite -- Initializing browser window...
2021-06-23 08:23:40,356 INFO Configit.TA.Core.Extensions.WrappedWebDriver -- Creating webdriver instance...
2021-06-23 08:23:41,586 INFO Configit.TA.Tests.TestScenarios.Base.BaseWebTestSuite -- Browser initialized.
2021-06-23 08:23:41,586 INFO Configit.TA.Tests.TestSteps.BaseStep -- # Executing step: [Login] with parameters: [Admin]
2021-06-23 08:23:46,042 INFO Configit.TA.Tests.TestSteps.BaseStep -- # Executing step: [CreateWorkItemFromHomePage] with parameters: [WI_23062021_082346042, test work item]
2021-06-23 08:23:48,890 INFO Configit.TA.Tests.TestSteps.BaseStep -- # Executing step: [NavigateToWorkItemsPage]
2021-06-23 08:23:50,018 INFO Configit.TA.Tests.TestSteps.BaseStep -- # Executing step: [OpenWorkItemDetails] with parameters: [WI_23062021_082346042]
2021-06-23 08:23:55,743 INFO Configit.TA.Tests.TestSteps.BaseStep -- # Executing step: [CreateDefault] with parameters: [Sample Bus, IF SEAT86 then 6 wheels, if V950_BM.SEAT86 then NUM_WHEELS.NUM_FEATURE_6, Job 1, Default End Date, NUM_WHEELS]
2021-06-23 08:24:55,873 INFO Configit.TA.Tests.TestSteps.BaseStep -- # Executing step: [AddFeatureApplicability] with parameters: [Sample Bus, NUM_WHEELS]
2021-06-23 08:25:27,354 ERROR Configit.TA.Core.WaitService -- Waiting for condition: [WaitUntilIsDisplayed] on object [UiLabel] By: [By.XPath: //*[@label='Status']]... failed after [15] seconds.
2021-06-23 08:25:27,592 INFO Configit.TA.Core.Extensions.WebDriverExtension -- Screenshot saved: D:\a\ace-e2e-test\ace-e2e-test\Configit.TestAutomation\Configit.TA.Tests\bin\Debug\screenshots\AddFeatureApplicabilityOverDefault1-1061_20210623_082527354.png
2021-06-23 08:25:27,593 INFO Configit.TA.Tests.TestScenarios.Base.BaseWebTestSuite -- Closing the browser...
2021-06-23 08:25:27,708 INFO Configit.TA.Tests.TestScenarios.Base.BaseWebTestSuite -- Initializing browser window...
2021-06-23 08:25:27,708 INFO Configit.TA.Core.Extensions.WrappedWebDriver -- Creating webdriver instance...
2021-06-23 08:25:28,959 INFO Configit.TA.Tests.TestScenarios.Base.BaseWebTestSuite -- Browser initialized.
2021-06-23 08:25:28,959 INFO Configit.TA.Tests.TestSteps.BaseStep -- # Executing step: [Login] with parameters: [Admin]
2021-06-23 08:25:33,354 INFO Configit.TA.Tests.TestSteps.BaseStep -- # Executing step: [NavigateToWorkItemsPage]
2021-06-23 08:25:34,466 INFO Configit.TA.Tests.TestSteps.BaseStep -- # Executing step: [OpenWorkItemDetails] with parameters: [WI_23062021_082346042]
2021-06-23 08:25:38,314 INFO Configit.TA.Tests.TestSteps.BaseStep -- # Executing step: [CloseWorkItem] with parameters: [WI_23062021_082346042]
2021-06-23 08:25:44,218 INFO Configit.TA.Tests.TestScenarios.Base.BaseWebTestSuite -- Closing the browser...
2021-06-23 08:25:44,323 INFO Configit.TA.Core.Configuration.LogExecutionDetailsAttribute -- ##### Finished running  test case: [AddFeatureApplicabilityOverDefault]
]]></output>
                  <attachments>
                    <attachment>
                      <filePath>D:\a\ace-e2e-test\ace-e2e-test\Configit.TestAutomation\Configit.TA.Tests\bin\Debug\screenshots\AddFeatureApplicabilityOverDefault1-1061_20210623_082527354.png</filePath>
                    </attachment>
                  </attachments>
                </test-case>
                <test-case id="1-1057" name="AddFeatureApplicabilitySelections" fullname="Configit.TA.Tests.TestScenarios.AceModel.FeatureApplicabilityTestSuite.AddFeatureApplicabilitySelections" methodname="AddFeatureApplicabilitySelections" classname="Configit.TA.Tests.TestScenarios.AceModel.FeatureApplicabilityTestSuite" runstate="Runnable" seed="629569719" result="Failed" label="Error" start-time="2021-06-23 08:25:44Z" end-time="2021-06-23 08:26:56Z" duration="71.980898" asserts="0">
                  <properties>
                    <property name="Category" value="AceModelCategory" />
                  </properties>
                  <failure>
                    <message><![CDATA[System.Exception : Waiting for condition: [WaitUntilIsDisplayed] on object [UiLabel] By: [By.XPath: //*[@label='Status']]... failed after [15] seconds.]]></message>
                    <stack-trace><![CDATA[   at Configit.TA.Core.WaitService.WaitForCondition[T](T obj, Func`2 condition, Int32 maxTimeoutSeconds, Boolean throwException, Action actionAfterCondition) in D:\a\ace-e2e-test\ace-e2e-test\Configit.TestAutomation\Configit.TA.Core\WaitService.cs:line 61
   at Configit.TA.Core.UiElements.UiWebElement.WaitUntil(Func`2 condition, Int32 timeoutInSeconds, Boolean throwException, Action actionAfterCondition) in D:\a\ace-e2e-test\ace-e2e-test\Configit.TestAutomation\Configit.TA.Core\UiElements\UiWebElement.cs:line 301
   at Configit.TA.Core.UiElements.UiWebElement.WaitUntilIsDisplayed(Int32 timeoutInSeconds) in D:\a\ace-e2e-test\ace-e2e-test\Configit.TestAutomation\Configit.TA.Core\UiElements\UiWebElement.cs:line 113
   at Configit.TA.Core.UiElements.UiWebElement.GetInnerText() in D:\a\ace-e2e-test\ace-e2e-test\Configit.TestAutomation\Configit.TA.Core\UiElements\UiWebElement.cs:line 204
   at Configit.TA.Core.UiElements.UiWebElement.GetParsedText() in D:\a\ace-e2e-test\ace-e2e-test\Configit.TestAutomation\Configit.TA.Core\UiElements\UiWebElement.cs:line 216
   at Configit.TA.Tests.TestSteps.ProductDefaultsSteps.AddFeatureApplicability(String productName, String familyName, Effectivity effectivity, Boolean navigateFromHome) in D:\a\ace-e2e-test\ace-e2e-test\Configit.TestAutomation\Configit.TA.Tests\TestSteps\ProductDefaultsSteps.cs:line 451
   at Configit.TA.Tests.TestScenarios.AceModel.FeatureApplicabilityTestSuite.AddFeatureApplicabilitySelections() in D:\a\ace-e2e-test\ace-e2e-test\Configit.TestAutomation\Configit.TA.Tests\TestScenarios\AceModel\FeatureApplicabilityTestSuite.cs:line 98]]></stack-trace>
                  </failure>
                  <output><![CDATA[2021-06-23 08:25:44,323 INFO Configit.TA.Core.Configuration.LogExecutionDetailsAttribute -- ##### Started running  test case: [AddFeatureApplicabilitySelections]
2021-06-23 08:25:44,323 INFO Configit.TA.Tests.TestScenarios.Base.BaseWebTestSuite -- Initializing browser window...
2021-06-23 08:25:44,323 INFO Configit.TA.Core.Extensions.WrappedWebDriver -- Creating webdriver instance...
2021-06-23 08:25:45,562 INFO Configit.TA.Tests.TestScenarios.Base.BaseWebTestSuite -- Browser initialized.
2021-06-23 08:25:45,562 INFO Configit.TA.Tests.TestSteps.BaseStep -- # Executing step: [Login] with parameters: [Admin]
2021-06-23 08:25:49,933 INFO Configit.TA.Tests.TestSteps.BaseStep -- # Executing step: [CreateWorkItemFromHomePage] with parameters: [WI_23062021_082549933, test work item]
2021-06-23 08:25:52,727 INFO Configit.TA.Tests.TestSteps.BaseStep -- # Executing step: [NavigateToWorkItemsPage]
2021-06-23 08:25:53,811 INFO Configit.TA.Tests.TestSteps.BaseStep -- # Executing step: [OpenWorkItemDetails] with parameters: [WI_23062021_082549933]
2021-06-23 08:25:57,289 INFO Configit.TA.Tests.TestSteps.BaseStep -- # Executing step: [AddFeatures] with parameters: [Family code: PCOL Feature codes: ]
2021-06-23 08:26:15,881 INFO Configit.TA.Tests.TestSteps.BaseStep -- # Executing step: [AddFeatureApplicability] with parameters: [Sample Bus, PCOL]
2021-06-23 08:26:39,551 ERROR Configit.TA.Core.WaitService -- Waiting for condition: [WaitUntilIsDisplayed] on object [UiLabel] By: [By.XPath: //*[@label='Status']]... failed after [15] seconds.
2021-06-23 08:26:39,785 INFO Configit.TA.Core.Extensions.WebDriverExtension -- Screenshot saved: D:\a\ace-e2e-test\ace-e2e-test\Configit.TestAutomation\Configit.TA.Tests\bin\Debug\screenshots\AddFeatureApplicabilitySelections1-1057_20210623_082639551.png
2021-06-23 08:26:39,786 INFO Configit.TA.Tests.TestScenarios.Base.BaseWebTestSuite -- Closing the browser...
2021-06-23 08:26:39,885 INFO Configit.TA.Tests.TestScenarios.Base.BaseWebTestSuite -- Initializing browser window...
2021-06-23 08:26:39,885 INFO Configit.TA.Core.Extensions.WrappedWebDriver -- Creating webdriver instance...
2021-06-23 08:26:41,105 INFO Configit.TA.Tests.TestScenarios.Base.BaseWebTestSuite -- Browser initialized.
2021-06-23 08:26:41,105 INFO Configit.TA.Tests.TestSteps.BaseStep -- # Executing step: [Login] with parameters: [Admin]
2021-06-23 08:26:45,459 INFO Configit.TA.Tests.TestSteps.BaseStep -- # Executing step: [NavigateToWorkItemsPage]
2021-06-23 08:26:46,563 INFO Configit.TA.Tests.TestSteps.BaseStep -- # Executing step: [OpenWorkItemDetails] with parameters: [WI_23062021_082549933]
2021-06-23 08:26:50,384 INFO Configit.TA.Tests.TestSteps.BaseStep -- # Executing step: [CloseWorkItem] with parameters: [WI_23062021_082549933]
2021-06-23 08:26:56,202 INFO Configit.TA.Tests.TestScenarios.Base.BaseWebTestSuite -- Closing the browser...
2021-06-23 08:26:56,309 INFO Configit.TA.Core.Configuration.LogExecutionDetailsAttribute -- ##### Finished running  test case: [AddFeatureApplicabilitySelections]
]]></output>
                  <attachments>
                    <attachment>
                      <filePath>D:\a\ace-e2e-test\ace-e2e-test\Configit.TestAutomation\Configit.TA.Tests\bin\Debug\screenshots\AddFeatureApplicabilitySelections1-1057_20210623_082639551.png</filePath>
                    </attachment>
                  </attachments>
                </test-case>
                <test-case id="1-1060" name="AddFeatureWithNoEffectivity" fullname="Configit.TA.Tests.TestScenarios.AceModel.FeatureApplicabilityTestSuite.AddFeatureWithNoEffectivity" methodname="AddFeatureWithNoEffectivity" classname="Configit.TA.Tests.TestScenarios.AceModel.FeatureApplicabilityTestSuite" runstate="Runnable" seed="1771940570" result="Failed" label="Error" start-time="2021-06-23 08:26:56Z" end-time="2021-06-23 08:28:05Z" duration="69.670957" asserts="0">
                  <properties>
                    <property name="Category" value="AceModelCategory" />
                  </properties>
                  <failure>
                    <message><![CDATA[System.Exception : Waiting for condition: [WaitUntilIsDisplayed] on object [UiLabel] By: [By.XPath: //*[@label='Status']]... failed after [15] seconds.]]></message>
                    <stack-trace><![CDATA[   at Configit.TA.Core.WaitService.WaitForCondition[T](T obj, Func`2 condition, Int32 maxTimeoutSeconds, Boolean throwException, Action actionAfterCondition) in D:\a\ace-e2e-test\ace-e2e-test\Configit.TestAutomation\Configit.TA.Core\WaitService.cs:line 61
   at Configit.TA.Core.UiElements.UiWebElement.WaitUntil(Func`2 condition, Int32 timeoutInSeconds, Boolean throwException, Action actionAfterCondition) in D:\a\ace-e2e-test\ace-e2e-test\Configit.TestAutomation\Configit.TA.Core\UiElements\UiWebElement.cs:line 301
   at Configit.TA.Core.UiElements.UiWebElement.WaitUntilIsDisplayed(Int32 timeoutInSeconds) in D:\a\ace-e2e-test\ace-e2e-test\Configit.TestAutomation\Configit.TA.Core\UiElements\UiWebElement.cs:line 113
   at Configit.TA.Core.UiElements.UiWebElement.GetInnerText() in D:\a\ace-e2e-test\ace-e2e-test\Configit.TestAutomation\Configit.TA.Core\UiElements\UiWebElement.cs:line 204
   at Configit.TA.Core.UiElements.UiWebElement.GetParsedText() in D:\a\ace-e2e-test\ace-e2e-test\Configit.TestAutomation\Configit.TA.Core\UiElements\UiWebElement.cs:line 216
   at Configit.TA.Tests.TestSteps.ProductDefaultsSteps.AddFeatureApplicability(String productName, String familyName, Effectivity effectivity, Boolean navigateFromHome) in D:\a\ace-e2e-test\ace-e2e-test\Configit.TestAutomation\Configit.TA.Tests\TestSteps\ProductDefaultsSteps.cs:line 451
   at Configit.TA.Tests.TestScenarios.AceModel.FeatureApplicabilityTestSuite.AddFeatureWithNoEffectivity() in D:\a\ace-e2e-test\ace-e2e-test\Configit.TestAutomation\Configit.TA.Tests\TestScenarios\AceModel\FeatureApplicabilityTestSuite.cs:line 220]]></stack-trace>
                  </failure>
                  <output><![CDATA[2021-06-23 08:26:56,309 INFO Configit.TA.Core.Configuration.LogExecutionDetailsAttribute -- ##### Started running  test case: [AddFeatureWithNoEffectivity]
2021-06-23 08:26:56,309 INFO Configit.TA.Tests.TestScenarios.Base.BaseWebTestSuite -- Initializing browser window...
2021-06-23 08:26:56,309 INFO Configit.TA.Core.Extensions.WrappedWebDriver -- Creating webdriver instance...
2021-06-23 08:26:57,518 INFO Configit.TA.Tests.TestScenarios.Base.BaseWebTestSuite -- Browser initialized.
2021-06-23 08:26:57,518 INFO Configit.TA.Tests.TestSteps.BaseStep -- # Executing step: [Login] with parameters: [Admin]
2021-06-23 08:27:01,712 INFO Configit.TA.Tests.TestSteps.BaseStep -- # Executing step: [CreateWorkItemFromHomePage] with parameters: [WI_23062021_082701712, test work item]
2021-06-23 08:27:04,492 INFO Configit.TA.Tests.TestSteps.BaseStep -- # Executing step: [NavigateToWorkItemsPage]
2021-06-23 08:27:05,599 INFO Configit.TA.Tests.TestSteps.BaseStep -- # Executing step: [OpenWorkItemDetails] with parameters: [WI_23062021_082701712]
2021-06-23 08:27:08,999 INFO Configit.TA.Tests.TestSteps.BaseStep -- # Executing step: [AddFeatures] with parameters: [Family code: PCOL Feature codes: ]
2021-06-23 08:27:25,552 INFO Configit.TA.Tests.TestSteps.BaseStep -- # Executing step: [AddFeatureApplicability] with parameters: [Sample Bus, PCOL]
2021-06-23 08:27:49,166 ERROR Configit.TA.Core.WaitService -- Waiting for condition: [WaitUntilIsDisplayed] on object [UiLabel] By: [By.XPath: //*[@label='Status']]... failed after [15] seconds.
2021-06-23 08:27:49,412 INFO Configit.TA.Core.Extensions.WebDriverExtension -- Screenshot saved: D:\a\ace-e2e-test\ace-e2e-test\Configit.TestAutomation\Configit.TA.Tests\bin\Debug\screenshots\AddFeatureWithNoEffectivity1-1060_20210623_082749166.png
2021-06-23 08:27:49,412 INFO Configit.TA.Tests.TestScenarios.Base.BaseWebTestSuite -- Closing the browser...
2021-06-23 08:27:49,510 INFO Configit.TA.Tests.TestScenarios.Base.BaseWebTestSuite -- Initializing browser window...
2021-06-23 08:27:49,510 INFO Configit.TA.Core.Extensions.WrappedWebDriver -- Creating webdriver instance...
2021-06-23 08:27:50,750 INFO Configit.TA.Tests.TestScenarios.Base.BaseWebTestSuite -- Browser initialized.
2021-06-23 08:27:50,750 INFO Configit.TA.Tests.TestSteps.BaseStep -- # Executing step: [Login] with parameters: [Admin]
2021-06-23 08:27:55,135 INFO Configit.TA.Tests.TestSteps.BaseStep -- # Executing step: [NavigateToWorkItemsPage]
2021-06-23 08:27:56,213 INFO Configit.TA.Tests.TestSteps.BaseStep -- # Executing step: [OpenWorkItemDetails] with parameters: [WI_23062021_082701712]
2021-06-23 08:27:59,827 INFO Configit.TA.Tests.TestSteps.BaseStep -- # Executing step: [CloseWorkItem] with parameters: [WI_23062021_082701712]
2021-06-23 08:28:05,873 INFO Configit.TA.Tests.TestScenarios.Base.BaseWebTestSuite -- Closing the browser...
2021-06-23 08:28:05,985 INFO Configit.TA.Core.Configuration.LogExecutionDetailsAttribute -- ##### Finished running  test case: [AddFeatureWithNoEffectivity]
]]></output>
                  <attachments>
                    <attachment>
                      <filePath>D:\a\ace-e2e-test\ace-e2e-test\Configit.TestAutomation\Configit.TA.Tests\bin\Debug\screenshots\AddFeatureWithNoEffectivity1-1060_20210623_082749166.png</filePath>
                    </attachment>
                  </attachments>
                </test-case>
                <test-case id="1-1059" name="AddMultiValueFeatureApplicabilityDefault" fullname="Configit.TA.Tests.TestScenarios.AceModel.FeatureApplicabilityTestSuite.AddMultiValueFeatureApplicabilityDefault" methodname="AddMultiValueFeatureApplicabilityDefault" classname="Configit.TA.Tests.TestScenarios.AceModel.FeatureApplicabilityTestSuite" runstate="Runnable" seed="930795609" result="Failed" label="Error" start-time="2021-06-23 08:28:05Z" end-time="2021-06-23 08:29:40Z" duration="94.255021" asserts="0">
                  <properties>
                    <property name="Category" value="AceModelCategory" />
                  </properties>
                  <failure>
                    <message><![CDATA[System.Exception : Waiting for condition: [WaitUntilIsDisplayed] on object [UiLabel] By: [By.XPath: //*[@label='Status']]... failed after [15] seconds.]]></message>
                    <stack-trace><![CDATA[   at Configit.TA.Core.WaitService.WaitForCondition[T](T obj, Func`2 condition, Int32 maxTimeoutSeconds, Boolean throwException, Action actionAfterCondition) in D:\a\ace-e2e-test\ace-e2e-test\Configit.TestAutomation\Configit.TA.Core\WaitService.cs:line 61
   at Configit.TA.Core.UiElements.UiWebElement.WaitUntil(Func`2 condition, Int32 timeoutInSeconds, Boolean throwException, Action actionAfterCondition) in D:\a\ace-e2e-test\ace-e2e-test\Configit.TestAutomation\Configit.TA.Core\UiElements\UiWebElement.cs:line 301
   at Configit.TA.Core.UiElements.UiWebElement.WaitUntilIsDisplayed(Int32 timeoutInSeconds) in D:\a\ace-e2e-test\ace-e2e-test\Configit.TestAutomation\Configit.TA.Core\UiElements\UiWebElement.cs:line 113
   at Configit.TA.Core.UiElements.UiWebElement.GetInnerText() in D:\a\ace-e2e-test\ace-e2e-test\Configit.TestAutomation\Configit.TA.Core\UiElements\UiWebElement.cs:line 204
   at Configit.TA.Core.UiElements.UiWebElement.GetParsedText() in D:\a\ace-e2e-test\ace-e2e-test\Configit.TestAutomation\Configit.TA.Core\UiElements\UiWebElement.cs:line 216
   at Configit.TA.Tests.TestSteps.ProductDefaultsSteps.AddFeatureApplicability(String productName, String familyName, Effectivity effectivity, Boolean navigateFromHome) in D:\a\ace-e2e-test\ace-e2e-test\Configit.TestAutomation\Configit.TA.Tests\TestSteps\ProductDefaultsSteps.cs:line 451
   at Configit.TA.Tests.TestScenarios.AceModel.FeatureApplicabilityTestSuite.AddMultiValueFeatureApplicabilityDefault() in D:\a\ace-e2e-test\ace-e2e-test\Configit.TestAutomation\Configit.TA.Tests\TestScenarios\AceModel\FeatureApplicabilityTestSuite.cs:line 195]]></stack-trace>
                  </failure>
                  <output><![CDATA[2021-06-23 08:28:05,985 INFO Configit.TA.Core.Configuration.LogExecutionDetailsAttribute -- ##### Started running  test case: [AddMultiValueFeatureApplicabilityDefault]
2021-06-23 08:28:05,985 INFO Configit.TA.Tests.TestScenarios.Base.BaseWebTestSuite -- Initializing browser window...
2021-06-23 08:28:05,985 INFO Configit.TA.Core.Extensions.WrappedWebDriver -- Creating webdriver instance...
2021-06-23 08:28:07,222 INFO Configit.TA.Tests.TestScenarios.Base.BaseWebTestSuite -- Browser initialized.
2021-06-23 08:28:07,222 INFO Configit.TA.Tests.TestSteps.BaseStep -- # Executing step: [Login] with parameters: [Admin]
2021-06-23 08:28:11,582 INFO Configit.TA.Tests.TestSteps.BaseStep -- # Executing step: [CreateWorkItemFromHomePage] with parameters: [WI_23062021_082811582, test work item]
2021-06-23 08:28:14,392 INFO Configit.TA.Tests.TestSteps.BaseStep -- # Executing step: [NavigateToWorkItemsPage]
2021-06-23 08:28:15,495 INFO Configit.TA.Tests.TestSteps.BaseStep -- # Executing step: [OpenWorkItemDetails] with parameters: [WI_23062021_082811582]
2021-06-23 08:28:18,965 INFO Configit.TA.Tests.TestSteps.BaseStep -- # Executing step: [CreateFeatureFamily] with parameters: [GRPH1, Painted graphics, Feature]
2021-06-23 08:28:24,908 INFO Configit.TA.Tests.TestSteps.BaseStep -- # Executing step: [CreateFeaturesFromFamilyView] with parameters: [Family code: GRPH1 Feature codes: FLMS1,FLMT1,LINF1,PNDB1]
2021-06-23 08:28:28,774 INFO Configit.TA.Tests.TestSteps.BaseStep -- # Executing step: [AddFeatures] with parameters: [Family code: GRPH1 Feature codes: FLMS1,FLMT1,LINF1,PNDB1]
2021-06-23 08:28:59,423 INFO Configit.TA.Tests.TestSteps.BaseStep -- # Executing step: [AddFeatureApplicability] with parameters: [Sample Bus, GRPH1]
2021-06-23 08:29:23,376 ERROR Configit.TA.Core.WaitService -- Waiting for condition: [WaitUntilIsDisplayed] on object [UiLabel] By: [By.XPath: //*[@label='Status']]... failed after [15] seconds.
2021-06-23 08:29:23,610 INFO Configit.TA.Core.Extensions.WebDriverExtension -- Screenshot saved: D:\a\ace-e2e-test\ace-e2e-test\Configit.TestAutomation\Configit.TA.Tests\bin\Debug\screenshots\AddMultiValueFeatureApplicabilityDefault1-1059_20210623_082923376.png
2021-06-23 08:29:23,611 INFO Configit.TA.Tests.TestScenarios.Base.BaseWebTestSuite -- Closing the browser...
2021-06-23 08:29:23,722 INFO Configit.TA.Tests.TestScenarios.Base.BaseWebTestSuite -- Initializing browser window...
2021-06-23 08:29:23,722 INFO Configit.TA.Core.Extensions.WrappedWebDriver -- Creating webdriver instance...
2021-06-23 08:29:24,987 INFO Configit.TA.Tests.TestScenarios.Base.BaseWebTestSuite -- Browser initialized.
2021-06-23 08:29:24,987 INFO Configit.TA.Tests.TestSteps.BaseStep -- # Executing step: [Login] with parameters: [Admin]
2021-06-23 08:29:29,493 INFO Configit.TA.Tests.TestSteps.BaseStep -- # Executing step: [NavigateToWorkItemsPage]
2021-06-23 08:29:30,584 INFO Configit.TA.Tests.TestSteps.BaseStep -- # Executing step: [OpenWorkItemDetails] with parameters: [WI_23062021_082811582]
2021-06-23 08:29:34,200 INFO Configit.TA.Tests.TestSteps.BaseStep -- # Executing step: [CloseWorkItem] with parameters: [WI_23062021_082811582]
2021-06-23 08:29:40,150 INFO Configit.TA.Tests.TestScenarios.Base.BaseWebTestSuite -- Closing the browser...
2021-06-23 08:29:40,247 INFO Configit.TA.Core.Configuration.LogExecutionDetailsAttribute -- ##### Finished running  test case: [AddMultiValueFeatureApplicabilityDefault]
]]></output>
                  <attachments>
                    <attachment>
                      <filePath>D:\a\ace-e2e-test\ace-e2e-test\Configit.TestAutomation\Configit.TA.Tests\bin\Debug\screenshots\AddMultiValueFeatureApplicabilityDefault1-1059_20210623_082923376.png</filePath>
                    </attachment>
                  </attachments>
                </test-case>
                <test-case id="1-1058" name="AddRulePreventingFaDefault" fullname="Configit.TA.Tests.TestScenarios.AceModel.FeatureApplicabilityTestSuite.AddRulePreventingFaDefault" methodname="AddRulePreventingFaDefault" classname="Configit.TA.Tests.TestScenarios.AceModel.FeatureApplicabilityTestSuite" runstate="Runnable" seed="835026996" result="Failed" label="Error" start-time="2021-06-23 08:29:40Z" end-time="2021-06-23 08:30:53Z" duration="73.015459" asserts="0">
                  <properties>
                    <property name="Category" value="AceModelCategory" />
                  </properties>
                  <failure>
                    <message><![CDATA[System.Exception : Waiting for condition: [WaitUntilIsDisplayed] on object [UiLabel] By: [By.XPath: //*[@label='Status']]... failed after [15] seconds.]]></message>
                    <stack-trace><![CDATA[   at Configit.TA.Core.WaitService.WaitForCondition[T](T obj, Func`2 condition, Int32 maxTimeoutSeconds, Boolean throwException, Action actionAfterCondition) in D:\a\ace-e2e-test\ace-e2e-test\Configit.TestAutomation\Configit.TA.Core\WaitService.cs:line 61
   at Configit.TA.Core.UiElements.UiWebElement.WaitUntil(Func`2 condition, Int32 timeoutInSeconds, Boolean throwException, Action actionAfterCondition) in D:\a\ace-e2e-test\ace-e2e-test\Configit.TestAutomation\Configit.TA.Core\UiElements\UiWebElement.cs:line 301
   at Configit.TA.Core.UiElements.UiWebElement.WaitUntilIsDisplayed(Int32 timeoutInSeconds) in D:\a\ace-e2e-test\ace-e2e-test\Configit.TestAutomation\Configit.TA.Core\UiElements\UiWebElement.cs:line 113
   at Configit.TA.Core.UiElements.UiWebElement.GetInnerText() in D:\a\ace-e2e-test\ace-e2e-test\Configit.TestAutomation\Configit.TA.Core\UiElements\UiWebElement.cs:line 204
   at Configit.TA.Core.UiElements.UiWebElement.GetParsedText() in D:\a\ace-e2e-test\ace-e2e-test\Configit.TestAutomation\Configit.TA.Core\UiElements\UiWebElement.cs:line 216
   at Configit.TA.Tests.TestSteps.ProductDefaultsSteps.AddFeatureApplicability(String productName, String familyName, Effectivity effectivity, Boolean navigateFromHome) in D:\a\ace-e2e-test\ace-e2e-test\Configit.TestAutomation\Configit.TA.Tests\TestSteps\ProductDefaultsSteps.cs:line 451
   at Configit.TA.Tests.TestScenarios.AceModel.FeatureApplicabilityTestSuite.AddRulePreventingFaDefault() in D:\a\ace-e2e-test\ace-e2e-test\Configit.TestAutomation\Configit.TA.Tests\TestScenarios\AceModel\FeatureApplicabilityTestSuite.cs:line 140]]></stack-trace>
                  </failure>
                  <output><![CDATA[2021-06-23 08:29:40,247 INFO Configit.TA.Core.Configuration.LogExecutionDetailsAttribute -- ##### Started running  test case: [AddRulePreventingFaDefault]
2021-06-23 08:29:40,247 INFO Configit.TA.Tests.TestScenarios.Base.BaseWebTestSuite -- Initializing browser window...
2021-06-23 08:29:40,247 INFO Configit.TA.Core.Extensions.WrappedWebDriver -- Creating webdriver instance...
2021-06-23 08:29:41,477 INFO Configit.TA.Tests.TestScenarios.Base.BaseWebTestSuite -- Browser initialized.
2021-06-23 08:29:41,477 INFO Configit.TA.Tests.TestSteps.BaseStep -- # Executing step: [Login] with parameters: [Admin]
2021-06-23 08:29:45,905 INFO Configit.TA.Tests.TestSteps.BaseStep -- # Executing step: [CreateWorkItemFromHomePage] with parameters: [WI_23062021_082945905, test work item]
2021-06-23 08:29:48,682 INFO Configit.TA.Tests.TestSteps.BaseStep -- # Executing step: [NavigateToWorkItemsPage]
2021-06-23 08:29:49,777 INFO Configit.TA.Tests.TestSteps.BaseStep -- # Executing step: [OpenWorkItemDetails] with parameters: [WI_23062021_082945905]
2021-06-23 08:29:53,770 INFO Configit.TA.Tests.TestSteps.BaseStep -- # Executing step: [AddFeatures] with parameters: [Family code: PCOL Feature codes: ]
2021-06-23 08:30:12,686 INFO Configit.TA.Tests.TestSteps.BaseStep -- # Executing step: [AddFeatureApplicability] with parameters: [Sample Bus, PCOL]
2021-06-23 08:30:36,436 ERROR Configit.TA.Core.WaitService -- Waiting for condition: [WaitUntilIsDisplayed] on object [UiLabel] By: [By.XPath: //*[@label='Status']]... failed after [15] seconds.
2021-06-23 08:30:36,673 INFO Configit.TA.Core.Extensions.WebDriverExtension -- Screenshot saved: D:\a\ace-e2e-test\ace-e2e-test\Configit.TestAutomation\Configit.TA.Tests\bin\Debug\screenshots\AddRulePreventingFaDefault1-1058_20210623_083036436.png
2021-06-23 08:30:36,673 INFO Configit.TA.Tests.TestScenarios.Base.BaseWebTestSuite -- Closing the browser...
2021-06-23 08:30:36,771 INFO Configit.TA.Tests.TestScenarios.Base.BaseWebTestSuite -- Initializing browser window...
2021-06-23 08:30:36,771 INFO Configit.TA.Core.Extensions.WrappedWebDriver -- Creating webdriver instance...
2021-06-23 08:30:38,034 INFO Configit.TA.Tests.TestScenarios.Base.BaseWebTestSuite -- Browser initialized.
2021-06-23 08:30:38,034 INFO Configit.TA.Tests.TestSteps.BaseStep -- # Executing step: [Login] with parameters: [Admin]
2021-06-23 08:30:42,392 INFO Configit.TA.Tests.TestSteps.BaseStep -- # Executing step: [NavigateToWorkItemsPage]
2021-06-23 08:30:43,512 INFO Configit.TA.Tests.TestSteps.BaseStep -- # Executing step: [OpenWorkItemDetails] with parameters: [WI_23062021_082945905]
2021-06-23 08:30:47,331 INFO Configit.TA.Tests.TestSteps.BaseStep -- # Executing step: [CloseWorkItem] with parameters: [WI_23062021_082945905]
2021-06-23 08:30:53,172 INFO Configit.TA.Tests.TestScenarios.Base.BaseWebTestSuite -- Closing the browser...
2021-06-23 08:30:53,267 INFO Configit.TA.Core.Configuration.LogExecutionDetailsAttribute -- ##### Finished running  test case: [AddRulePreventingFaDefault]
]]></output>
                  <attachments>
                    <attachment>
                      <filePath>D:\a\ace-e2e-test\ace-e2e-test\Configit.TestAutomation\Configit.TA.Tests\bin\Debug\screenshots\AddRulePreventingFaDefault1-1058_20210623_083036436.png</filePath>
                    </attachment>
                  </attachments>
                </test-case>
                <test-case id="1-1062" name="FeatureApplicabilityDefaultsConflict" fullname="Configit.TA.Tests.TestScenarios.AceModel.FeatureApplicabilityTestSuite.FeatureApplicabilityDefaultsConflict" methodname="FeatureApplicabilityDefaultsConflict" classname="Configit.TA.Tests.TestScenarios.AceModel.FeatureApplicabilityTestSuite" runstate="Runnable" seed="544534028" result="Failed" label="Error" start-time="2021-06-23 08:30:53Z" end-time="2021-06-23 08:32:12Z" duration="79.273775" asserts="0">
                  <properties>
                    <property name="Category" value="AceModelCategory" />
                  </properties>
                  <failure>
                    <message><![CDATA[System.Exception : Waiting for condition: [WaitUntilIsDisplayed] on object [UiLabel] By: [By.XPath: //*[@label='Status']]... failed after [15] seconds.]]></message>
                    <stack-trace><![CDATA[   at Configit.TA.Core.WaitService.WaitForCondition[T](T obj, Func`2 condition, Int32 maxTimeoutSeconds, Boolean throwException, Action actionAfterCondition) in D:\a\ace-e2e-test\ace-e2e-test\Configit.TestAutomation\Configit.TA.Core\WaitService.cs:line 61
   at Configit.TA.Core.UiElements.UiWebElement.WaitUntil(Func`2 condition, Int32 timeoutInSeconds, Boolean throwException, Action actionAfterCondition) in D:\a\ace-e2e-test\ace-e2e-test\Configit.TestAutomation\Configit.TA.Core\UiElements\UiWebElement.cs:line 301
   at Configit.TA.Core.UiElements.UiWebElement.WaitUntilIsDisplayed(Int32 timeoutInSeconds) in D:\a\ace-e2e-test\ace-e2e-test\Configit.TestAutomation\Configit.TA.Core\UiElements\UiWebElement.cs:line 113
   at Configit.TA.Core.UiElements.UiWebElement.GetInnerText() in D:\a\ace-e2e-test\ace-e2e-test\Configit.TestAutomation\Configit.TA.Core\UiElements\UiWebElement.cs:line 204
   at Configit.TA.Core.UiElements.UiWebElement.GetParsedText() in D:\a\ace-e2e-test\ace-e2e-test\Configit.TestAutomation\Configit.TA.Core\UiElements\UiWebElement.cs:line 216
   at Configit.TA.Tests.TestSteps.ProductDefaultsSteps.AddFeatureApplicability(String productName, String familyName, Effectivity effectivity, Boolean navigateFromHome) in D:\a\ace-e2e-test\ace-e2e-test\Configit.TestAutomation\Configit.TA.Tests\TestSteps\ProductDefaultsSteps.cs:line 451
   at Configit.TA.Tests.TestScenarios.AceModel.FeatureApplicabilityTestSuite.FeatureApplicabilityDefaultsConflict() in D:\a\ace-e2e-test\ace-e2e-test\Configit.TestAutomation\Configit.TA.Tests\TestScenarios\AceModel\FeatureApplicabilityTestSuite.cs:line 297]]></stack-trace>
                  </failure>
                  <output><![CDATA[2021-06-23 08:30:53,267 INFO Configit.TA.Core.Configuration.LogExecutionDetailsAttribute -- ##### Started running  test case: [FeatureApplicabilityDefaultsConflict]
2021-06-23 08:30:53,267 INFO Configit.TA.Tests.TestScenarios.Base.BaseWebTestSuite -- Initializing browser window...
2021-06-23 08:30:53,267 INFO Configit.TA.Core.Extensions.WrappedWebDriver -- Creating webdriver instance...
2021-06-23 08:30:54,491 INFO Configit.TA.Tests.TestScenarios.Base.BaseWebTestSuite -- Browser initialized.
2021-06-23 08:30:54,491 INFO Configit.TA.Tests.TestSteps.BaseStep -- # Executing step: [Login] with parameters: [Admin]
2021-06-23 08:30:58,896 INFO Configit.TA.Tests.TestSteps.BaseStep -- # Executing step: [CreateWorkItemFromHomePage] with parameters: [WI_23062021_083058896, test work item]
2021-06-23 08:31:01,647 INFO Configit.TA.Tests.TestSteps.BaseStep -- # Executing step: [NavigateToWorkItemsPage]
2021-06-23 08:31:02,766 INFO Configit.TA.Tests.TestSteps.BaseStep -- # Executing step: [OpenWorkItemDetails] with parameters: [WI_23062021_083058896]
2021-06-23 08:31:08,850 INFO Configit.TA.Tests.TestSteps.BaseStep -- # Executing step: [AddFeatures] with parameters: [Family code: PCOL Feature codes:  Family code: AUD Feature codes: ]
2021-06-23 08:31:31,862 INFO Configit.TA.Tests.TestSteps.BaseStep -- # Executing step: [AddFeatureApplicability] with parameters: [Sample Bus, PCOL]
2021-06-23 08:31:55,541 ERROR Configit.TA.Core.WaitService -- Waiting for condition: [WaitUntilIsDisplayed] on object [UiLabel] By: [By.XPath: //*[@label='Status']]... failed after [15] seconds.
2021-06-23 08:31:55,787 INFO Configit.TA.Core.Extensions.WebDriverExtension -- Screenshot saved: D:\a\ace-e2e-test\ace-e2e-test\Configit.TestAutomation\Configit.TA.Tests\bin\Debug\screenshots\FeatureApplicabilityDefaultsConflict1-1062_20210623_083155541.png
2021-06-23 08:31:55,788 INFO Configit.TA.Tests.TestScenarios.Base.BaseWebTestSuite -- Closing the browser...
2021-06-23 08:31:55,897 INFO Configit.TA.Tests.TestScenarios.Base.BaseWebTestSuite -- Initializing browser window...
2021-06-23 08:31:55,897 INFO Configit.TA.Core.Extensions.WrappedWebDriver -- Creating webdriver instance...
2021-06-23 08:31:57,150 INFO Configit.TA.Tests.TestScenarios.Base.BaseWebTestSuite -- Browser initialized.
2021-06-23 08:31:57,150 INFO Configit.TA.Tests.TestSteps.BaseStep -- # Executing step: [Login] with parameters: [Admin]
2021-06-23 08:32:01,728 INFO Configit.TA.Tests.TestSteps.BaseStep -- # Executing step: [NavigateToWorkItemsPage]
2021-06-23 08:32:02,868 INFO Configit.TA.Tests.TestSteps.BaseStep -- # Executing step: [OpenWorkItemDetails] with parameters: [WI_23062021_083058896]
2021-06-23 08:32:06,679 INFO Configit.TA.Tests.TestSteps.BaseStep -- # Executing step: [CloseWorkItem] with parameters: [WI_23062021_083058896]
2021-06-23 08:32:12,450 INFO Configit.TA.Tests.TestScenarios.Base.BaseWebTestSuite -- Closing the browser...
2021-06-23 08:32:12,548 INFO Configit.TA.Core.Configuration.LogExecutionDetailsAttribute -- ##### Finished running  test case: [FeatureApplicabilityDefaultsConflict]
]]></output>
                  <attachments>
                    <attachment>
                      <filePath>D:\a\ace-e2e-test\ace-e2e-test\Configit.TestAutomation\Configit.TA.Tests\bin\Debug\screenshots\FeatureApplicabilityDefaultsConflict1-1062_20210623_083155541.png</filePath>
                    </attachment>
                  </attachments>
                </test-case>
              </test-suite>
              <test-suite type="TestFixture" id="1-1037" name="LibraryFamiliesTestSuite" fullname="Configit.TA.Tests.TestScenarios.AceModel.LibraryFamiliesTestSuite" classname="Configit.TA.Tests.TestScenarios.AceModel.LibraryFamiliesTestSuite" runstate="Runnable" testcasecount="9" result="Passed" start-time="2021-06-23 08:32:12Z" end-time="2021-06-23 08:37:59Z" duration="347.348434" total="9" passed="9" failed="0" warnings="0" inconclusive="0" skipped="0" asserts="0">
                <properties />
                <output><![CDATA[2021-06-23 08:32:12,549 INFO Configit.TA.Tests.TestScenarios.Base.BaseWebTestSuite -- Initializing browser window...
2021-06-23 08:32:12,549 INFO Configit.TA.Core.Extensions.WrappedWebDriver -- Creating webdriver instance...
2021-06-23 08:32:13,768 INFO Configit.TA.Tests.TestScenarios.Base.BaseWebTestSuite -- Browser initialized.
2021-06-23 08:32:13,768 INFO Configit.TA.Tests.TestSteps.BaseStep -- # Executing step: [Login] with parameters: [Admin]
2021-06-23 08:32:18,036 INFO Configit.TA.Tests.TestSteps.BaseStep -- # Executing step: [CreateWorkItemFromHomePage] with parameters: [WI_23062021_083212549, test work item]
2021-06-23 08:32:20,770 INFO Configit.TA.Tests.TestSteps.BaseStep -- # Executing step: [NavigateToWorkItemsPage]
2021-06-23 08:32:21,878 INFO Configit.TA.Tests.TestSteps.BaseStep -- # Executing step: [OpenWorkItemDetails] with parameters: [WI_23062021_083212549]
2021-06-23 08:32:25,291 INFO Configit.TA.Tests.TestScenarios.Base.BaseWebTestSuite -- Closing the browser...
2021-06-23 08:32:25,392 INFO Configit.TA.Core.Configuration.LogExecutionDetailsAttribute -- ########## Started running  test suite: [LibraryFamiliesTestSuite]
2021-06-23 08:37:44,329 INFO Configit.TA.Core.Configuration.LogExecutionDetailsAttribute -- ########## Finished running  test suite: [LibraryFamiliesTestSuite]
2021-06-23 08:37:44,330 INFO Configit.TA.Tests.TestScenarios.Base.BaseWebTestSuite -- Initializing browser window...
2021-06-23 08:37:44,330 INFO Configit.TA.Core.Extensions.WrappedWebDriver -- Creating webdriver instance...
2021-06-23 08:37:45,556 INFO Configit.TA.Tests.TestScenarios.Base.BaseWebTestSuite -- Browser initialized.
2021-06-23 08:37:45,556 INFO Configit.TA.Tests.TestSteps.BaseStep -- # Executing step: [Login] with parameters: [Admin]
2021-06-23 08:37:49,815 INFO Configit.TA.Tests.TestSteps.BaseStep -- # Executing step: [NavigateToWorkItemsPage]
2021-06-23 08:37:50,891 INFO Configit.TA.Tests.TestSteps.BaseStep -- # Executing step: [OpenWorkItemDetails] with parameters: [WI_23062021_083212549]
2021-06-23 08:37:54,028 INFO Configit.TA.Tests.TestSteps.BaseStep -- # Executing step: [CloseWorkItem] with parameters: [WI_23062021_083212549]
2021-06-23 08:37:59,826 INFO Configit.TA.Tests.TestScenarios.Base.BaseWebTestSuite -- Closing the browser...
]]></output>
                <test-case id="1-1044" name="AddFamilyToProductModel" fullname="Configit.TA.Tests.TestScenarios.AceModel.LibraryFamiliesTestSuite.AddFamilyToProductModel" methodname="AddFamilyToProductModel" classname="Configit.TA.Tests.TestScenarios.AceModel.LibraryFamiliesTestSuite" runstate="Runnable" seed="482925303" result="Passed" start-time="2021-06-23 08:32:25Z" end-time="2021-06-23 08:33:29Z" duration="64.459781" asserts="0">
                  <properties>
                    <property name="Category" value="AceModelCategory" />
                  </properties>
                  <output><![CDATA[2021-06-23 08:32:25,392 INFO Configit.TA.Core.Configuration.LogExecutionDetailsAttribute -- ##### Started running  test case: [AddFamilyToProductModel]
2021-06-23 08:32:25,392 INFO Configit.TA.Tests.TestScenarios.Base.BaseWebTestSuite -- Initializing browser window...
2021-06-23 08:32:25,392 INFO Configit.TA.Core.Extensions.WrappedWebDriver -- Creating webdriver instance...
2021-06-23 08:32:26,570 INFO Configit.TA.Tests.TestScenarios.Base.BaseWebTestSuite -- Browser initialized.
2021-06-23 08:32:26,570 INFO Configit.TA.Tests.TestSteps.BaseStep -- # Executing step: [Login] with parameters: [Admin]
2021-06-23 08:32:32,789 INFO Configit.TA.Tests.TestSteps.BaseStep -- # Executing step: [AddFamilyToProductModel] with parameters: [Sample Car 1, PCOL]
2021-06-23 08:32:32,789 INFO Configit.TA.Tests.TestSteps.BaseStep -- # Executing step: [FindFeatureInLibrary] with parameters: [PCOL]
2021-06-23 08:32:48,738 INFO Configit.TA.Tests.TestSteps.BaseStep -- # Executing step: [VerifyFeatureAddedToProduct] with parameters: [Sample Car 1, PCOL]
2021-06-23 08:33:00,902 INFO Configit.TA.Tests.TestSteps.BaseStep -- # Executing step: [AddFamilyToProductModel] with parameters: [Sample Car 1, AGE]
2021-06-23 08:33:00,902 INFO Configit.TA.Tests.TestSteps.BaseStep -- # Executing step: [FindFeatureInLibrary] with parameters: [AGE]
2021-06-23 08:33:17,687 INFO Configit.TA.Tests.TestSteps.BaseStep -- # Executing step: [VerifyFeatureAddedToProduct] with parameters: [Sample Car 1, AGE]
2021-06-23 08:33:29,745 INFO Configit.TA.Tests.TestScenarios.Base.BaseWebTestSuite -- Closing the browser...
2021-06-23 08:33:29,857 INFO Configit.TA.Core.Configuration.LogExecutionDetailsAttribute -- ##### Finished running  test case: [AddFamilyToProductModel]
]]></output>
                </test-case>
                <test-case id="1-1039" name="AddFeatureToFamily" fullname="Configit.TA.Tests.TestScenarios.AceModel.LibraryFamiliesTestSuite.AddFeatureToFamily" methodname="AddFeatureToFamily" classname="Configit.TA.Tests.TestScenarios.AceModel.LibraryFamiliesTestSuite" runstate="Runnable" seed="1822413650" result="Passed" start-time="2021-06-23 08:33:29Z" end-time="2021-06-23 08:33:59Z" duration="29.879699" asserts="0">
                  <properties>
                    <property name="Category" value="AceModelCategory" />
                  </properties>
                  <output><![CDATA[2021-06-23 08:33:29,857 INFO Configit.TA.Core.Configuration.LogExecutionDetailsAttribute -- ##### Started running  test case: [AddFeatureToFamily]
2021-06-23 08:33:29,857 INFO Configit.TA.Tests.TestScenarios.Base.BaseWebTestSuite -- Initializing browser window...
2021-06-23 08:33:29,857 INFO Configit.TA.Core.Extensions.WrappedWebDriver -- Creating webdriver instance...
2021-06-23 08:33:31,058 INFO Configit.TA.Tests.TestScenarios.Base.BaseWebTestSuite -- Browser initialized.
2021-06-23 08:33:31,058 INFO Configit.TA.Tests.TestSteps.BaseStep -- # Executing step: [Login] with parameters: [Admin]
2021-06-23 08:33:37,369 INFO Configit.TA.Tests.TestSteps.BaseStep -- # Executing step: [CreateFeaturesFromFamilyView] with parameters: [Family code: COLOR Feature codes: TSTCOL1]
2021-06-23 08:33:37,369 INFO Configit.TA.Tests.TestSteps.BaseStep -- # Executing step: [FindFeatureInLibrary] with parameters: [COLOR]
2021-06-23 08:33:52,650 INFO Configit.TA.Tests.TestSteps.BaseStep -- # Executing step: [CreateFeatureFromMainPage] with parameters: [TSTFT2, Test feature 2, Color]
2021-06-23 08:33:59,636 INFO Configit.TA.Tests.TestScenarios.Base.BaseWebTestSuite -- Closing the browser...
2021-06-23 08:33:59,739 INFO Configit.TA.Core.Configuration.LogExecutionDetailsAttribute -- ##### Finished running  test case: [AddFeatureToFamily]
]]></output>
                </test-case>
                <test-case id="1-1043" name="AddLabelsToFamily" fullname="Configit.TA.Tests.TestScenarios.AceModel.LibraryFamiliesTestSuite.AddLabelsToFamily" methodname="AddLabelsToFamily" classname="Configit.TA.Tests.TestScenarios.AceModel.LibraryFamiliesTestSuite" runstate="Runnable" seed="303053539" result="Passed" start-time="2021-06-23 08:33:59Z" end-time="2021-06-23 08:34:28Z" duration="29.181602" asserts="0">
                  <properties>
                    <property name="Category" value="AceModelCategory" />
                  </properties>
                  <output><![CDATA[2021-06-23 08:33:59,739 INFO Configit.TA.Core.Configuration.LogExecutionDetailsAttribute -- ##### Started running  test case: [AddLabelsToFamily]
2021-06-23 08:33:59,739 INFO Configit.TA.Tests.TestScenarios.Base.BaseWebTestSuite -- Initializing browser window...
2021-06-23 08:33:59,739 INFO Configit.TA.Core.Extensions.WrappedWebDriver -- Creating webdriver instance...
2021-06-23 08:34:00,970 INFO Configit.TA.Tests.TestScenarios.Base.BaseWebTestSuite -- Browser initialized.
2021-06-23 08:34:00,971 INFO Configit.TA.Tests.TestSteps.BaseStep -- # Executing step: [Login] with parameters: [Admin]
2021-06-23 08:34:07,489 INFO Configit.TA.Tests.TestSteps.BaseStep -- # Executing step: [CreateFeatureFamily] with parameters: [TSTFAM5, Adding label test, Feature]
2021-06-23 08:34:13,453 INFO Configit.TA.Tests.TestSteps.BaseStep -- # Executing step: [AddLabelsToFamily]
2021-06-23 08:34:13,453 INFO Configit.TA.Tests.TestSteps.BaseStep -- # Executing step: [FindFeatureInLibrary] with parameters: [TSTFAM5]
2021-06-23 08:34:28,825 INFO Configit.TA.Tests.TestScenarios.Base.BaseWebTestSuite -- Closing the browser...
2021-06-23 08:34:28,922 INFO Configit.TA.Core.Configuration.LogExecutionDetailsAttribute -- ##### Finished running  test case: [AddLabelsToFamily]
]]></output>
                </test-case>
                <test-case id="1-1045" name="AddSelectedFeaturesToProductModel" fullname="Configit.TA.Tests.TestScenarios.AceModel.LibraryFamiliesTestSuite.AddSelectedFeaturesToProductModel" methodname="AddSelectedFeaturesToProductModel" classname="Configit.TA.Tests.TestScenarios.AceModel.LibraryFamiliesTestSuite" runstate="Runnable" seed="1679072702" result="Passed" start-time="2021-06-23 08:34:28Z" end-time="2021-06-23 08:35:07Z" duration="38.261150" asserts="0">
                  <properties>
                    <property name="Category" value="AceModelCategory" />
                  </properties>
                  <output><![CDATA[2021-06-23 08:34:28,923 INFO Configit.TA.Core.Configuration.LogExecutionDetailsAttribute -- ##### Started running  test case: [AddSelectedFeaturesToProductModel]
2021-06-23 08:34:28,923 INFO Configit.TA.Tests.TestScenarios.Base.BaseWebTestSuite -- Initializing browser window...
2021-06-23 08:34:28,923 INFO Configit.TA.Core.Extensions.WrappedWebDriver -- Creating webdriver instance...
2021-06-23 08:34:30,125 INFO Configit.TA.Tests.TestScenarios.Base.BaseWebTestSuite -- Browser initialized.
2021-06-23 08:34:30,126 INFO Configit.TA.Tests.TestSteps.BaseStep -- # Executing step: [Login] with parameters: [Admin]
2021-06-23 08:34:36,586 INFO Configit.TA.Tests.TestSteps.BaseStep -- # Executing step: [AddFeaturesOrFamiliesToProductModel] with parameters: [Sample Bus, Family code: AUD Feature codes: ; Family code: PCOL Feature codes: BLK,BLU; Family code: WHL Feature codes: WHL20_C]
2021-06-23 08:35:07,095 INFO Configit.TA.Tests.TestScenarios.Base.BaseWebTestSuite -- Closing the browser...
2021-06-23 08:35:07,186 INFO Configit.TA.Core.Configuration.LogExecutionDetailsAttribute -- ##### Finished running  test case: [AddSelectedFeaturesToProductModel]
]]></output>
                </test-case>
                <test-case id="1-1046" name="AddToProductModelWithEffectivity" fullname="Configit.TA.Tests.TestScenarios.AceModel.LibraryFamiliesTestSuite.AddToProductModelWithEffectivity" methodname="AddToProductModelWithEffectivity" classname="Configit.TA.Tests.TestScenarios.AceModel.LibraryFamiliesTestSuite" runstate="Runnable" seed="1525536253" result="Passed" start-time="2021-06-23 08:35:07Z" end-time="2021-06-23 08:35:32Z" duration="25.065947" asserts="0">
                  <properties>
                    <property name="Category" value="AceModelCategory" />
                  </properties>
                  <output><![CDATA[2021-06-23 08:35:07,186 INFO Configit.TA.Core.Configuration.LogExecutionDetailsAttribute -- ##### Started running  test case: [AddToProductModelWithEffectivity]
2021-06-23 08:35:07,186 INFO Configit.TA.Tests.TestScenarios.Base.BaseWebTestSuite -- Initializing browser window...
2021-06-23 08:35:07,186 INFO Configit.TA.Core.Extensions.WrappedWebDriver -- Creating webdriver instance...
2021-06-23 08:35:08,428 INFO Configit.TA.Tests.TestScenarios.Base.BaseWebTestSuite -- Browser initialized.
2021-06-23 08:35:08,429 INFO Configit.TA.Tests.TestSteps.BaseStep -- # Executing step: [Login] with parameters: [Admin]
2021-06-23 08:35:14,959 INFO Configit.TA.Tests.TestSteps.BaseStep -- # Executing step: [AddFeaturesOrFamiliesToProductModel] with parameters: [Sample Bus, Family code: CCP Feature codes: ]
2021-06-23 08:35:32,163 INFO Configit.TA.Tests.TestScenarios.Base.BaseWebTestSuite -- Closing the browser...
2021-06-23 08:35:32,254 INFO Configit.TA.Core.Configuration.LogExecutionDetailsAttribute -- ##### Finished running  test case: [AddToProductModelWithEffectivity]
]]></output>
                </test-case>
                <test-case id="1-1038" name="CreateFeatureFamily" fullname="Configit.TA.Tests.TestScenarios.AceModel.LibraryFamiliesTestSuite.CreateFeatureFamily" methodname="CreateFeatureFamily" classname="Configit.TA.Tests.TestScenarios.AceModel.LibraryFamiliesTestSuite" runstate="Runnable" seed="319084716" result="Passed" start-time="2021-06-23 08:35:32Z" end-time="2021-06-23 08:35:45Z" duration="13.433667" asserts="0">
                  <properties>
                    <property name="Category" value="AceModelCategory" />
                  </properties>
                  <output><![CDATA[2021-06-23 08:35:32,254 INFO Configit.TA.Core.Configuration.LogExecutionDetailsAttribute -- ##### Started running  test case: [CreateFeatureFamily]
2021-06-23 08:35:32,254 INFO Configit.TA.Tests.TestScenarios.Base.BaseWebTestSuite -- Initializing browser window...
2021-06-23 08:35:32,254 INFO Configit.TA.Core.Extensions.WrappedWebDriver -- Creating webdriver instance...
2021-06-23 08:35:33,507 INFO Configit.TA.Tests.TestScenarios.Base.BaseWebTestSuite -- Browser initialized.
2021-06-23 08:35:33,508 INFO Configit.TA.Tests.TestSteps.BaseStep -- # Executing step: [Login] with parameters: [Admin]
2021-06-23 08:35:39,860 INFO Configit.TA.Tests.TestSteps.BaseStep -- # Executing step: [CreateFeatureFamily] with parameters: [TSTFM1, Test feature family 1, Feature]
2021-06-23 08:35:45,591 INFO Configit.TA.Tests.TestScenarios.Base.BaseWebTestSuite -- Closing the browser...
2021-06-23 08:35:45,689 INFO Configit.TA.Core.Configuration.LogExecutionDetailsAttribute -- ##### Finished running  test case: [CreateFeatureFamily]
]]></output>
                </test-case>
                <test-case id="1-1041" name="CreateNumericFamily" fullname="Configit.TA.Tests.TestScenarios.AceModel.LibraryFamiliesTestSuite.CreateNumericFamily" methodname="CreateNumericFamily" classname="Configit.TA.Tests.TestScenarios.AceModel.LibraryFamiliesTestSuite" runstate="Runnable" seed="1755198189" result="Passed" start-time="2021-06-23 08:35:45Z" end-time="2021-06-23 08:35:58Z" duration="12.797405" asserts="0">
                  <properties>
                    <property name="Category" value="AceModelCategory" />
                  </properties>
                  <output><![CDATA[2021-06-23 08:35:45,689 INFO Configit.TA.Core.Configuration.LogExecutionDetailsAttribute -- ##### Started running  test case: [CreateNumericFamily]
2021-06-23 08:35:45,689 INFO Configit.TA.Tests.TestScenarios.Base.BaseWebTestSuite -- Initializing browser window...
2021-06-23 08:35:45,689 INFO Configit.TA.Core.Extensions.WrappedWebDriver -- Creating webdriver instance...
2021-06-23 08:35:46,939 INFO Configit.TA.Tests.TestScenarios.Base.BaseWebTestSuite -- Browser initialized.
2021-06-23 08:35:46,939 INFO Configit.TA.Tests.TestSteps.BaseStep -- # Executing step: [Login] with parameters: [Admin]
2021-06-23 08:35:53,145 INFO Configit.TA.Tests.TestSteps.BaseStep -- # Executing step: [CreateNumericFamily] with parameters: [[Code = 'NFAM1'] [Description = 'Test numeric family 1'] [Precision = '0'] [MinValue = '0'] [MaxValue = '20'] ]
2021-06-23 08:35:58,395 INFO Configit.TA.Tests.TestScenarios.Base.BaseWebTestSuite -- Closing the browser...
2021-06-23 08:35:58,487 INFO Configit.TA.Core.Configuration.LogExecutionDetailsAttribute -- ##### Finished running  test case: [CreateNumericFamily]
]]></output>
                </test-case>
                <test-case id="1-1042" name="CreateStringFamily" fullname="Configit.TA.Tests.TestScenarios.AceModel.LibraryFamiliesTestSuite.CreateStringFamily" methodname="CreateStringFamily" classname="Configit.TA.Tests.TestScenarios.AceModel.LibraryFamiliesTestSuite" runstate="Runnable" seed="1269254972" result="Passed" start-time="2021-06-23 08:35:58Z" end-time="2021-06-23 08:36:11Z" duration="12.988223" asserts="0">
                  <properties>
                    <property name="Category" value="AceModelCategory" />
                  </properties>
                  <output><![CDATA[2021-06-23 08:35:58,488 INFO Configit.TA.Core.Configuration.LogExecutionDetailsAttribute -- ##### Started running  test case: [CreateStringFamily]
2021-06-23 08:35:58,488 INFO Configit.TA.Tests.TestScenarios.Base.BaseWebTestSuite -- Initializing browser window...
2021-06-23 08:35:58,488 INFO Configit.TA.Core.Extensions.WrappedWebDriver -- Creating webdriver instance...
2021-06-23 08:35:59,690 INFO Configit.TA.Tests.TestScenarios.Base.BaseWebTestSuite -- Browser initialized.
2021-06-23 08:35:59,691 INFO Configit.TA.Tests.TestSteps.BaseStep -- # Executing step: [Login] with parameters: [Admin]
2021-06-23 08:36:06,227 INFO Configit.TA.Tests.TestSteps.BaseStep -- # Executing step: [CreateStringFamily] with parameters: [STRFAM1, Test string family 1]
2021-06-23 08:36:11,388 INFO Configit.TA.Tests.TestScenarios.Base.BaseWebTestSuite -- Closing the browser...
2021-06-23 08:36:11,477 INFO Configit.TA.Core.Configuration.LogExecutionDetailsAttribute -- ##### Finished running  test case: [CreateStringFamily]
]]></output>
                </test-case>
                <test-case id="1-1040" name="EditFeatureAndFeatureFamilyCode" fullname="Configit.TA.Tests.TestScenarios.AceModel.LibraryFamiliesTestSuite.EditFeatureAndFeatureFamilyCode" methodname="EditFeatureAndFeatureFamilyCode" classname="Configit.TA.Tests.TestScenarios.AceModel.LibraryFamiliesTestSuite" runstate="Runnable" seed="1069469351" result="Passed" start-time="2021-06-23 08:36:11Z" end-time="2021-06-23 08:37:44Z" duration="92.845569" asserts="0">
                  <properties>
                    <property name="Category" value="AceModelCategory" />
                  </properties>
                  <output><![CDATA[2021-06-23 08:36:11,477 INFO Configit.TA.Core.Configuration.LogExecutionDetailsAttribute -- ##### Started running  test case: [EditFeatureAndFeatureFamilyCode]
2021-06-23 08:36:11,477 INFO Configit.TA.Tests.TestScenarios.Base.BaseWebTestSuite -- Initializing browser window...
2021-06-23 08:36:11,477 INFO Configit.TA.Core.Extensions.WrappedWebDriver -- Creating webdriver instance...
2021-06-23 08:36:12,686 INFO Configit.TA.Tests.TestScenarios.Base.BaseWebTestSuite -- Browser initialized.
2021-06-23 08:36:12,687 INFO Configit.TA.Tests.TestSteps.BaseStep -- # Executing step: [Login] with parameters: [Admin]
2021-06-23 08:36:19,075 INFO Configit.TA.Tests.TestSteps.BaseStep -- # Executing step: [CreateFeatureFamily] with parameters: [TSTFAM1, Test family 1, Feature]
2021-06-23 08:36:24,741 INFO Configit.TA.Tests.TestSteps.BaseStep -- # Executing step: [CreateFeaturesFromFamilyView] with parameters: [Family code: TSTFAM1 Feature codes: TSTFEAT1]
2021-06-23 08:36:26,770 INFO Configit.TA.Tests.TestSteps.BaseStep -- # Executing step: [EditItemInLibrary] with parameters: [TSTFAM1, [Code = 'FAMCHNG'] [Description = 'New Family Description'] ]
2021-06-23 08:36:26,770 INFO Configit.TA.Tests.TestSteps.BaseStep -- # Executing step: [FindFeatureInLibrary] with parameters: [TSTFAM1]
2021-06-23 08:36:42,101 INFO Configit.TA.Tests.TestSteps.BaseStep -- # Executing step: [EditItemInLibrary] with parameters: [TSTFEAT1, [Code = 'FCHNG'] [Description = 'New Feature Description'] ]
2021-06-23 08:36:42,101 INFO Configit.TA.Tests.TestSteps.BaseStep -- # Executing step: [FindFeatureInLibrary] with parameters: [TSTFEAT1]
2021-06-23 08:36:56,423 INFO Configit.TA.Tests.TestSteps.BaseStep -- # Executing step: [AddFeatures] with parameters: [FCHNG]
2021-06-23 08:37:15,510 INFO Configit.TA.Tests.TestSteps.BaseStep -- # Executing step: [EditItemInLibrary] with parameters: [FCHNG, [Code = 'FCHNG2'] [Description = 'New Feature Description 2'] ]
2021-06-23 08:37:15,510 INFO Configit.TA.Tests.TestSteps.BaseStep -- # Executing step: [FindFeatureInLibrary] with parameters: [FCHNG]
2021-06-23 08:37:29,746 INFO Configit.TA.Tests.TestSteps.BaseStep -- # Executing step: [EditItemInLibrary] with parameters: [FAMCHNG, [Code = 'FAMCHNG2'] [Description = 'New Family Description 2'] ]
2021-06-23 08:37:29,746 INFO Configit.TA.Tests.TestSteps.BaseStep -- # Executing step: [FindFeatureInLibrary] with parameters: [FAMCHNG]
2021-06-23 08:37:44,206 INFO Configit.TA.Tests.TestScenarios.Base.BaseWebTestSuite -- Closing the browser...
2021-06-23 08:37:44,329 INFO Configit.TA.Core.Configuration.LogExecutionDetailsAttribute -- ##### Finished running  test case: [EditFeatureAndFeatureFamilyCode]
]]></output>
                </test-case>
              </test-suite>
              <test-suite type="TestFixture" id="1-1047" name="LibraryPropertiesTestSuite" fullname="Configit.TA.Tests.TestScenarios.AceModel.LibraryPropertiesTestSuite" classname="Configit.TA.Tests.TestScenarios.AceModel.LibraryPropertiesTestSuite" runstate="Runnable" testcasecount="7" result="Passed" start-time="2021-06-23 08:37:59Z" end-time="2021-06-23 08:40:45Z" duration="165.785422" total="7" passed="7" failed="0" warnings="0" inconclusive="0" skipped="0" asserts="0">
                <properties />
                <output><![CDATA[2021-06-23 08:37:59,923 INFO Configit.TA.Tests.TestScenarios.Base.BaseWebTestSuite -- Initializing browser window...
2021-06-23 08:37:59,923 INFO Configit.TA.Core.Extensions.WrappedWebDriver -- Creating webdriver instance...
2021-06-23 08:38:01,185 INFO Configit.TA.Tests.TestScenarios.Base.BaseWebTestSuite -- Browser initialized.
2021-06-23 08:38:01,186 INFO Configit.TA.Tests.TestSteps.BaseStep -- # Executing step: [Login] with parameters: [Admin]
2021-06-23 08:38:05,706 INFO Configit.TA.Tests.TestSteps.BaseStep -- # Executing step: [CreateWorkItemFromHomePage] with parameters: [WI_23062021_083759923, test work item]
2021-06-23 08:38:08,458 INFO Configit.TA.Tests.TestSteps.BaseStep -- # Executing step: [NavigateToWorkItemsPage]
2021-06-23 08:38:09,589 INFO Configit.TA.Tests.TestSteps.BaseStep -- # Executing step: [OpenWorkItemDetails] with parameters: [WI_23062021_083759923]
2021-06-23 08:38:13,419 INFO Configit.TA.Tests.TestScenarios.Base.BaseWebTestSuite -- Closing the browser...
2021-06-23 08:38:13,519 INFO Configit.TA.Core.Configuration.LogExecutionDetailsAttribute -- ########## Started running  test suite: [LibraryPropertiesTestSuite]
2021-06-23 08:40:29,661 INFO Configit.TA.Core.Configuration.LogExecutionDetailsAttribute -- ########## Finished running  test suite: [LibraryPropertiesTestSuite]
2021-06-23 08:40:29,661 INFO Configit.TA.Tests.TestScenarios.Base.BaseWebTestSuite -- Initializing browser window...
2021-06-23 08:40:29,661 INFO Configit.TA.Core.Extensions.WrappedWebDriver -- Creating webdriver instance...
2021-06-23 08:40:30,886 INFO Configit.TA.Tests.TestScenarios.Base.BaseWebTestSuite -- Browser initialized.
2021-06-23 08:40:30,886 INFO Configit.TA.Tests.TestSteps.BaseStep -- # Executing step: [Login] with parameters: [Admin]
2021-06-23 08:40:35,166 INFO Configit.TA.Tests.TestSteps.BaseStep -- # Executing step: [NavigateToWorkItemsPage]
2021-06-23 08:40:36,225 INFO Configit.TA.Tests.TestSteps.BaseStep -- # Executing step: [OpenWorkItemDetails] with parameters: [WI_23062021_083759923]
2021-06-23 08:40:39,835 INFO Configit.TA.Tests.TestSteps.BaseStep -- # Executing step: [CloseWorkItem] with parameters: [WI_23062021_083759923]
2021-06-23 08:40:45,628 INFO Configit.TA.Tests.TestScenarios.Base.BaseWebTestSuite -- Closing the browser...
]]></output>
                <test-case id="1-1054" name="AddPropertyToProductModel" fullname="Configit.TA.Tests.TestScenarios.AceModel.LibraryPropertiesTestSuite.AddPropertyToProductModel" methodname="AddPropertyToProductModel" classname="Configit.TA.Tests.TestScenarios.AceModel.LibraryPropertiesTestSuite" runstate="Runnable" seed="114104848" result="Passed" start-time="2021-06-23 08:38:13Z" end-time="2021-06-23 08:38:43Z" duration="30.346430" asserts="0">
                  <properties>
                    <property name="Category" value="AceModelCategory" />
                  </properties>
                  <output><![CDATA[2021-06-23 08:38:13,519 INFO Configit.TA.Core.Configuration.LogExecutionDetailsAttribute -- ##### Started running  test case: [AddPropertyToProductModel]
2021-06-23 08:38:13,519 INFO Configit.TA.Tests.TestScenarios.Base.BaseWebTestSuite -- Initializing browser window...
2021-06-23 08:38:13,519 INFO Configit.TA.Core.Extensions.WrappedWebDriver -- Creating webdriver instance...
2021-06-23 08:38:14,587 INFO Configit.TA.Tests.TestScenarios.Base.BaseWebTestSuite -- Browser initialized.
2021-06-23 08:38:14,588 INFO Configit.TA.Tests.TestSteps.BaseStep -- # Executing step: [Login] with parameters: [Admin]
2021-06-23 08:38:21,040 INFO Configit.TA.Tests.TestSteps.BaseStep -- # Executing step: [CreateProperty] with parameters: [[Code = 'TSTPROP7'] [Description = 'Test bool property 7'] [Applies To = 'Feature'] [Type = 'Boolean'] [Default Value = 'True'] ]
2021-06-23 08:38:27,788 INFO Configit.TA.Tests.TestSteps.BaseStep -- # Executing step: [AddPropertyToProductModel] with parameters: [Sample Car 1, INFO]
2021-06-23 08:38:27,789 INFO Configit.TA.Tests.TestSteps.BaseStep -- # Executing step: [FindPropertyInLibrary] with parameters: [INFO]
2021-06-23 08:38:35,828 INFO Configit.TA.Tests.TestSteps.BaseStep -- # Executing step: [AddPropertyToProductModel] with parameters: [Sample Car 1, TSTPROP7]
2021-06-23 08:38:35,828 INFO Configit.TA.Tests.TestSteps.BaseStep -- # Executing step: [FindPropertyInLibrary] with parameters: [TSTPROP7]
2021-06-23 08:38:43,775 INFO Configit.TA.Tests.TestScenarios.Base.BaseWebTestSuite -- Closing the browser...
2021-06-23 08:38:43,867 INFO Configit.TA.Core.Configuration.LogExecutionDetailsAttribute -- ##### Finished running  test case: [AddPropertyToProductModel]
]]></output>
                </test-case>
                <test-case id="1-1048" name="CreateBooleanProperty" fullname="Configit.TA.Tests.TestScenarios.AceModel.LibraryPropertiesTestSuite.CreateBooleanProperty" methodname="CreateBooleanProperty" classname="Configit.TA.Tests.TestScenarios.AceModel.LibraryPropertiesTestSuite" runstate="Runnable" seed="1895719447" result="Passed" start-time="2021-06-23 08:38:43Z" end-time="2021-06-23 08:38:58Z" duration="14.813020" asserts="0">
                  <properties>
                    <property name="Category" value="AceModelCategory" />
                  </properties>
                  <output><![CDATA[2021-06-23 08:38:43,867 INFO Configit.TA.Core.Configuration.LogExecutionDetailsAttribute -- ##### Started running  test case: [CreateBooleanProperty]
2021-06-23 08:38:43,867 INFO Configit.TA.Tests.TestScenarios.Base.BaseWebTestSuite -- Initializing browser window...
2021-06-23 08:38:43,867 INFO Configit.TA.Core.Extensions.WrappedWebDriver -- Creating webdriver instance...
2021-06-23 08:38:45,134 INFO Configit.TA.Tests.TestScenarios.Base.BaseWebTestSuite -- Browser initialized.
2021-06-23 08:38:45,134 INFO Configit.TA.Tests.TestSteps.BaseStep -- # Executing step: [Login] with parameters: [Admin]
2021-06-23 08:38:51,705 INFO Configit.TA.Tests.TestSteps.BaseStep -- # Executing step: [CreateProperty] with parameters: [[Code = 'TSTPROP1'] [Description = 'Test bool property 1'] [Applies To = 'Family'] [Type = 'Boolean'] [Default Value = 'True'] ]
2021-06-23 08:38:58,582 INFO Configit.TA.Tests.TestScenarios.Base.BaseWebTestSuite -- Closing the browser...
2021-06-23 08:38:58,681 INFO Configit.TA.Core.Configuration.LogExecutionDetailsAttribute -- ##### Finished running  test case: [CreateBooleanProperty]
]]></output>
                </test-case>
                <test-case id="1-1049" name="CreateDateProperty" fullname="Configit.TA.Tests.TestScenarios.AceModel.LibraryPropertiesTestSuite.CreateDateProperty" methodname="CreateDateProperty" classname="Configit.TA.Tests.TestScenarios.AceModel.LibraryPropertiesTestSuite" runstate="Runnable" seed="579140244" result="Passed" start-time="2021-06-23 08:38:58Z" end-time="2021-06-23 08:39:13Z" duration="14.891256" asserts="0">
                  <properties>
                    <property name="Category" value="AceModelCategory" />
                  </properties>
                  <output><![CDATA[2021-06-23 08:38:58,682 INFO Configit.TA.Core.Configuration.LogExecutionDetailsAttribute -- ##### Started running  test case: [CreateDateProperty]
2021-06-23 08:38:58,682 INFO Configit.TA.Tests.TestScenarios.Base.BaseWebTestSuite -- Initializing browser window...
2021-06-23 08:38:58,682 INFO Configit.TA.Core.Extensions.WrappedWebDriver -- Creating webdriver instance...
2021-06-23 08:38:59,949 INFO Configit.TA.Tests.TestScenarios.Base.BaseWebTestSuite -- Browser initialized.
2021-06-23 08:38:59,950 INFO Configit.TA.Tests.TestSteps.BaseStep -- # Executing step: [Login] with parameters: [Admin]
2021-06-23 08:39:06,359 INFO Configit.TA.Tests.TestSteps.BaseStep -- # Executing step: [CreateProperty] with parameters: [[Code = 'TSTPROP2'] [Description = 'Test date property 1'] [Applies To = 'Family'] [Type = 'Date'] [DateMinValue = '23/06/2021'] [DateMaxValue = '03/07/2021'] [DefaultValue = '23/06/2021'] ]
2021-06-23 08:39:13,481 INFO Configit.TA.Tests.TestScenarios.Base.BaseWebTestSuite -- Closing the browser...
2021-06-23 08:39:13,574 INFO Configit.TA.Core.Configuration.LogExecutionDetailsAttribute -- ##### Finished running  test case: [CreateDateProperty]
]]></output>
                </test-case>
                <test-case id="1-1050" name="CreateNumericProperty" fullname="Configit.TA.Tests.TestScenarios.AceModel.LibraryPropertiesTestSuite.CreateNumericProperty" methodname="CreateNumericProperty" classname="Configit.TA.Tests.TestScenarios.AceModel.LibraryPropertiesTestSuite" runstate="Runnable" seed="2009007012" result="Passed" start-time="2021-06-23 08:39:13Z" end-time="2021-06-23 08:39:28Z" duration="14.840681" asserts="0">
                  <properties>
                    <property name="Category" value="AceModelCategory" />
                  </properties>
                  <output><![CDATA[2021-06-23 08:39:13,574 INFO Configit.TA.Core.Configuration.LogExecutionDetailsAttribute -- ##### Started running  test case: [CreateNumericProperty]
2021-06-23 08:39:13,574 INFO Configit.TA.Tests.TestScenarios.Base.BaseWebTestSuite -- Initializing browser window...
2021-06-23 08:39:13,574 INFO Configit.TA.Core.Extensions.WrappedWebDriver -- Creating webdriver instance...
2021-06-23 08:39:14,779 INFO Configit.TA.Tests.TestScenarios.Base.BaseWebTestSuite -- Browser initialized.
2021-06-23 08:39:14,780 INFO Configit.TA.Tests.TestSteps.BaseStep -- # Executing step: [Login] with parameters: [Admin]
2021-06-23 08:39:21,199 INFO Configit.TA.Tests.TestSteps.BaseStep -- # Executing step: [CreateProperty] with parameters: [[Code = 'TSTPROP3'] [Description = 'Test numeric property 1'] [Applies To = 'Family'] [Type = 'Numeric'] [Precision = '0'] [NumMinValue = '0'] [NumMaxValue = '10'] [DefaultValue = '0'] ]
2021-06-23 08:39:28,329 INFO Configit.TA.Tests.TestScenarios.Base.BaseWebTestSuite -- Closing the browser...
2021-06-23 08:39:28,416 INFO Configit.TA.Core.Configuration.LogExecutionDetailsAttribute -- ##### Finished running  test case: [CreateNumericProperty]
]]></output>
                </test-case>
                <test-case id="1-1051" name="CreateStringProperty" fullname="Configit.TA.Tests.TestScenarios.AceModel.LibraryPropertiesTestSuite.CreateStringProperty" methodname="CreateStringProperty" classname="Configit.TA.Tests.TestScenarios.AceModel.LibraryPropertiesTestSuite" runstate="Runnable" seed="927512633" result="Passed" start-time="2021-06-23 08:39:28Z" end-time="2021-06-23 08:39:43Z" duration="14.730529" asserts="0">
                  <properties>
                    <property name="Category" value="AceModelCategory" />
                  </properties>
                  <output><![CDATA[2021-06-23 08:39:28,416 INFO Configit.TA.Core.Configuration.LogExecutionDetailsAttribute -- ##### Started running  test case: [CreateStringProperty]
2021-06-23 08:39:28,416 INFO Configit.TA.Tests.TestScenarios.Base.BaseWebTestSuite -- Initializing browser window...
2021-06-23 08:39:28,416 INFO Configit.TA.Core.Extensions.WrappedWebDriver -- Creating webdriver instance...
2021-06-23 08:39:29,661 INFO Configit.TA.Tests.TestScenarios.Base.BaseWebTestSuite -- Browser initialized.
2021-06-23 08:39:29,662 INFO Configit.TA.Tests.TestSteps.BaseStep -- # Executing step: [Login] with parameters: [Admin]
2021-06-23 08:39:36,051 INFO Configit.TA.Tests.TestSteps.BaseStep -- # Executing step: [CreateProperty] with parameters: [[Code = 'TSTPROP4'] [Description = 'Test string property 1'] [Applies To = 'Family'] [Type = 'DROPDOWN:String'] [NumMinValue = '0'] [NumMaxValue = '10'] [DefaultValue = 'default string value'] ]
2021-06-23 08:39:43,062 INFO Configit.TA.Tests.TestScenarios.Base.BaseWebTestSuite -- Closing the browser...
2021-06-23 08:39:43,147 INFO Configit.TA.Core.Configuration.LogExecutionDetailsAttribute -- ##### Finished running  test case: [CreateStringProperty]
]]></output>
                </test-case>
                <test-case id="1-1053" name="DeleteProperty" fullname="Configit.TA.Tests.TestScenarios.AceModel.LibraryPropertiesTestSuite.DeleteProperty" methodname="DeleteProperty" classname="Configit.TA.Tests.TestScenarios.AceModel.LibraryPropertiesTestSuite" runstate="Runnable" seed="87930078" result="Passed" start-time="2021-06-23 08:39:43Z" end-time="2021-06-23 08:40:05Z" duration="22.509605" asserts="0">
                  <properties>
                    <property name="Category" value="AceModelCategory" />
                  </properties>
                  <output><![CDATA[2021-06-23 08:39:43,147 INFO Configit.TA.Core.Configuration.LogExecutionDetailsAttribute -- ##### Started running  test case: [DeleteProperty]
2021-06-23 08:39:43,147 INFO Configit.TA.Tests.TestScenarios.Base.BaseWebTestSuite -- Initializing browser window...
2021-06-23 08:39:43,147 INFO Configit.TA.Core.Extensions.WrappedWebDriver -- Creating webdriver instance...
2021-06-23 08:39:44,360 INFO Configit.TA.Tests.TestScenarios.Base.BaseWebTestSuite -- Browser initialized.
2021-06-23 08:39:44,361 INFO Configit.TA.Tests.TestSteps.BaseStep -- # Executing step: [Login] with parameters: [Admin]
2021-06-23 08:39:50,740 INFO Configit.TA.Tests.TestSteps.BaseStep -- # Executing step: [CreateProperty] with parameters: [[Code = 'TSTPROP6'] [Description = 'Test bool property 6'] [Applies To = 'Feature'] [Type = 'Boolean'] [Default Value = 'True'] ]
2021-06-23 08:39:57,773 INFO Configit.TA.Tests.TestSteps.BaseStep -- # Executing step: [DeleteProperty] with parameters: [TSTPROP6]
2021-06-23 08:39:57,773 INFO Configit.TA.Tests.TestSteps.BaseStep -- # Executing step: [FindPropertyInLibrary] with parameters: [TSTPROP6]
2021-06-23 08:40:05,564 INFO Configit.TA.Tests.TestScenarios.Base.BaseWebTestSuite -- Closing the browser...
2021-06-23 08:40:05,659 INFO Configit.TA.Core.Configuration.LogExecutionDetailsAttribute -- ##### Finished running  test case: [DeleteProperty]
]]></output>
                </test-case>
                <test-case id="1-1052" name="EditProperty" fullname="Configit.TA.Tests.TestScenarios.AceModel.LibraryPropertiesTestSuite.EditProperty" methodname="EditProperty" classname="Configit.TA.Tests.TestScenarios.AceModel.LibraryPropertiesTestSuite" runstate="Runnable" seed="957765981" result="Passed" start-time="2021-06-23 08:40:05Z" end-time="2021-06-23 08:40:29Z" duration="24.000266" asserts="0">
                  <properties>
                    <property name="Category" value="AceModelCategory" />
                  </properties>
                  <output><![CDATA[2021-06-23 08:40:05,659 INFO Configit.TA.Core.Configuration.LogExecutionDetailsAttribute -- ##### Started running  test case: [EditProperty]
2021-06-23 08:40:05,659 INFO Configit.TA.Tests.TestScenarios.Base.BaseWebTestSuite -- Initializing browser window...
2021-06-23 08:40:05,659 INFO Configit.TA.Core.Extensions.WrappedWebDriver -- Creating webdriver instance...
2021-06-23 08:40:06,887 INFO Configit.TA.Tests.TestScenarios.Base.BaseWebTestSuite -- Browser initialized.
2021-06-23 08:40:06,888 INFO Configit.TA.Tests.TestSteps.BaseStep -- # Executing step: [Login] with parameters: [Admin]
2021-06-23 08:40:13,333 INFO Configit.TA.Tests.TestSteps.BaseStep -- # Executing step: [CreateProperty] with parameters: [[Code = 'TSTPROP5'] [Description = 'Test bool property 5'] [Applies To = 'Family'] [Type = 'Boolean'] [Default Value = 'True'] ]
2021-06-23 08:40:20,200 INFO Configit.TA.Tests.TestSteps.BaseStep -- # Executing step: [EditProperty] with parameters: [[Code = 'TSTPROP5'] [Description = 'Edited description'] [Applies To = 'Family'] [Type = 'Boolean'] [Default Value = 'False'] [Purpose = 'There must be some purpose...'] ]
2021-06-23 08:40:20,200 INFO Configit.TA.Tests.TestSteps.BaseStep -- # Executing step: [FindPropertyInLibrary] with parameters: [TSTPROP5]
2021-06-23 08:40:29,566 INFO Configit.TA.Tests.TestScenarios.Base.BaseWebTestSuite -- Closing the browser...
2021-06-23 08:40:29,661 INFO Configit.TA.Core.Configuration.LogExecutionDetailsAttribute -- ##### Finished running  test case: [EditProperty]
]]></output>
                </test-case>
              </test-suite>
              <test-suite type="TestFixture" id="1-1063" name="ProductModelTestSuite" fullname="Configit.TA.Tests.TestScenarios.AceModel.ProductModelTestSuite" classname="Configit.TA.Tests.TestScenarios.AceModel.ProductModelTestSuite" runstate="Runnable" testcasecount="3" result="Passed" start-time="2021-06-23 08:40:45Z" end-time="2021-06-23 08:49:35Z" duration="529.282712" total="3" passed="3" failed="0" warnings="0" inconclusive="0" skipped="0" asserts="0">
                <properties />
                <output><![CDATA[2021-06-23 08:40:45,721 INFO Configit.TA.Tests.TestScenarios.Base.BaseWebTestSuite -- Initializing browser window...
2021-06-23 08:40:45,721 INFO Configit.TA.Core.Extensions.WrappedWebDriver -- Creating webdriver instance...
2021-06-23 08:40:46,932 INFO Configit.TA.Tests.TestScenarios.Base.BaseWebTestSuite -- Browser initialized.
2021-06-23 08:40:46,932 INFO Configit.TA.Tests.TestSteps.BaseStep -- # Executing step: [Login] with parameters: [Admin]
2021-06-23 08:40:51,220 INFO Configit.TA.Tests.TestSteps.BaseStep -- # Executing step: [CreateWorkItemFromHomePage] with parameters: [WI_23062021_084051220, test work item]
2021-06-23 08:40:53,965 INFO Configit.TA.Tests.TestSteps.BaseStep -- # Executing step: [NavigateToWorkItemsPage]
2021-06-23 08:40:55,062 INFO Configit.TA.Tests.TestSteps.BaseStep -- # Executing step: [OpenWorkItemDetails] with parameters: [WI_23062021_084051220]
2021-06-23 08:40:58,394 INFO Configit.TA.Tests.TestScenarios.Base.BaseWebTestSuite -- Closing the browser...
2021-06-23 08:40:58,489 INFO Configit.TA.Core.Configuration.LogExecutionDetailsAttribute -- ########## Started running  test suite: [ProductModelTestSuite]
2021-06-23 08:49:18,473 INFO Configit.TA.Core.Configuration.LogExecutionDetailsAttribute -- ########## Finished running  test suite: [ProductModelTestSuite]
2021-06-23 08:49:18,474 INFO Configit.TA.Tests.TestScenarios.Base.BaseWebTestSuite -- Initializing browser window...
2021-06-23 08:49:18,474 INFO Configit.TA.Core.Extensions.WrappedWebDriver -- Creating webdriver instance...
2021-06-23 08:49:19,773 INFO Configit.TA.Tests.TestScenarios.Base.BaseWebTestSuite -- Browser initialized.
2021-06-23 08:49:19,773 INFO Configit.TA.Tests.TestSteps.BaseStep -- # Executing step: [Login] with parameters: [Admin]
2021-06-23 08:49:24,025 INFO Configit.TA.Tests.TestSteps.BaseStep -- # Executing step: [NavigateToWorkItemsPage]
2021-06-23 08:49:25,161 INFO Configit.TA.Tests.TestSteps.BaseStep -- # Executing step: [OpenWorkItemDetails] with parameters: [WI_23062021_084051220]
2021-06-23 08:49:28,708 INFO Configit.TA.Tests.TestSteps.BaseStep -- # Executing step: [CloseWorkItem] with parameters: [WI_23062021_084051220]
2021-06-23 08:49:34,936 INFO Configit.TA.Tests.TestScenarios.Base.BaseWebTestSuite -- Closing the browser...
]]></output>
                <test-case id="1-1065" name="CompileBasicProductModel" fullname="Configit.TA.Tests.TestScenarios.AceModel.ProductModelTestSuite.CompileBasicProductModel" methodname="CompileBasicProductModel" classname="Configit.TA.Tests.TestScenarios.AceModel.ProductModelTestSuite" runstate="Runnable" seed="1467105983" result="Passed" start-time="2021-06-23 08:40:58Z" end-time="2021-06-23 08:45:07Z" duration="248.624238" asserts="0">
                  <properties>
                    <property name="Category" value="AceModelCategory" />
                  </properties>
                  <output><![CDATA[2021-06-23 08:40:58,489 INFO Configit.TA.Core.Configuration.LogExecutionDetailsAttribute -- ##### Started running  test case: [CompileBasicProductModel]
2021-06-23 08:40:58,489 INFO Configit.TA.Tests.TestScenarios.Base.BaseWebTestSuite -- Initializing browser window...
2021-06-23 08:40:58,489 INFO Configit.TA.Core.Extensions.WrappedWebDriver -- Creating webdriver instance...
2021-06-23 08:40:59,688 INFO Configit.TA.Tests.TestScenarios.Base.BaseWebTestSuite -- Browser initialized.
2021-06-23 08:40:59,690 INFO Configit.TA.Tests.TestSteps.BaseStep -- # Executing step: [Login] with parameters: [Admin]
2021-06-23 08:41:05,951 INFO Configit.TA.Tests.TestSteps.BaseStep -- # Executing step: [CreateMarket] with parameters: [TSTMRKT1, Test market 1]
2021-06-23 08:41:05,951 INFO Configit.TA.Tests.TestSteps.BaseStep -- # Executing step: [CreateFeatureFromMainPage] with parameters: [TSTMRKT1, Test market 1, Market]
2021-06-23 08:41:18,955 INFO Configit.TA.Tests.TestSteps.BaseStep -- # Executing step: [CreateBrand] with parameters: [TSTBRND_460, Test Brand 460]
2021-06-23 08:41:18,955 INFO Configit.TA.Tests.TestSteps.BaseStep -- # Executing step: [CreateFeatureFromMainPage] with parameters: [TSTBRND_460, Test Brand 460, Brand]
2021-06-23 08:41:31,186 INFO Configit.TA.Tests.TestSteps.BaseStep -- # Executing step: [CreateFeatureFamily] with parameters: [TSTDERVS, Test Derivatives, Derivative]
2021-06-23 08:41:36,722 INFO Configit.TA.Tests.TestSteps.BaseStep -- # Executing step: [CreateFeaturesFromFamilyView] with parameters: [Family code: TSTDERVS Feature codes: TDER1]
2021-06-23 08:41:38,697 INFO Configit.TA.Tests.TestSteps.BaseStep -- # Executing step: [CreateFeatureFamily] with parameters: [TESTBP, Test Build Phases, Build Phase]
2021-06-23 08:41:44,266 INFO Configit.TA.Tests.TestSteps.BaseStep -- # Executing step: [CreateFeaturesFromFamilyView] with parameters: [Family code: TESTBP Feature codes: TESTBP1,TESTBP2]
2021-06-23 08:41:46,834 INFO Configit.TA.Tests.TestSteps.BaseStep -- # Executing step: [CreateFeatureFamily] with parameters: [TESTMY, Test Model Years, Model Year]
2021-06-23 08:41:52,375 INFO Configit.TA.Tests.TestSteps.BaseStep -- # Executing step: [CreateFeaturesFromFamilyView] with parameters: [Family code: TESTMY Feature codes: TESTMY_460]
2021-06-23 08:41:54,311 INFO Configit.TA.Tests.TestSteps.BaseStep -- # Executing step: [CreateFeatureFamily] with parameters: [TESTENG, Test Engines, Feature]
2021-06-23 08:41:59,643 INFO Configit.TA.Tests.TestSteps.BaseStep -- # Executing step: [CreateFeaturesFromFamilyView] with parameters: [Family code: TESTENG Feature codes: TESTENG1,TESTENG2]
2021-06-23 08:42:02,108 INFO Configit.TA.Tests.TestSteps.BaseStep -- # Executing step: [CreateProductModel] with parameters: [PR1_460, Product Model 460, TSTBRND_460]
2021-06-23 08:42:02,108 INFO Configit.TA.Tests.TestSteps.BaseStep -- # Executing step: [CreateFeatureFromMainPage] with parameters: [PR1_460, Product Model 460, Product Range]
2021-06-23 08:42:15,516 INFO Configit.TA.Tests.TestSteps.BaseStep -- # Executing step: [CreateProgramme] with parameters: [Product Model 460, TSTPRGM1, Test programme 1]
2021-06-23 08:42:24,054 INFO Configit.TA.Tests.TestSteps.BaseStep -- # Executing step: [CreateEvent] with parameters: [TSTEV1, Test event 1, 23/12/2021, Volume, Test programme 1]
2021-06-23 08:42:35,200 INFO Configit.TA.Tests.TestSteps.BaseStep -- # Executing step: [CreateEvent] with parameters: [TSTEV2, Test event 2, 23/09/2021, Pre Volume, Test programme 1]
2021-06-23 08:42:47,484 INFO Configit.TA.Tests.TestSteps.BaseStep -- # Executing step: [AddFeatures] with parameters: [TDER1 TESTENG1 TESTENG2 TESTBP1 TESTBP2 TESTMY_460 TSTMRKT1]
2021-06-23 08:44:08,958 INFO Configit.TA.Tests.TestSteps.BaseStep -- # Executing step: [AddBrochureModelDefiningFamilies] with parameters: [TESTENG]
2021-06-23 08:44:18,781 INFO Configit.TA.Tests.TestSteps.BaseStep -- # Executing step: [CreateModelYearMapping] with parameters: [Product Model 460, TESTMY_460]
2021-06-23 08:44:28,389 INFO Configit.TA.Tests.TestSteps.BaseStep -- # Executing step: [CreateVolumeBuildPhase] with parameters: [Product Model 460, TESTBP1]
2021-06-23 08:44:33,242 INFO Configit.TA.Tests.TestSteps.BaseStep -- # Executing step: [CompileProduct] with parameters: [Product Model 460]
2021-06-23 08:45:06,977 INFO Configit.TA.Tests.TestScenarios.Base.BaseWebTestSuite -- Closing the browser...
2021-06-23 08:45:07,132 INFO Configit.TA.Core.Configuration.LogExecutionDetailsAttribute -- ##### Finished running  test case: [CompileBasicProductModel]
]]></output>
                </test-case>
                <test-case id="1-1064" name="CreateProductModelFromBrand" fullname="Configit.TA.Tests.TestScenarios.AceModel.ProductModelTestSuite.CreateProductModelFromBrand" methodname="CreateProductModelFromBrand" classname="Configit.TA.Tests.TestScenarios.AceModel.ProductModelTestSuite" runstate="Runnable" seed="1770049546" result="Passed" start-time="2021-06-23 08:45:07Z" end-time="2021-06-23 08:45:41Z" duration="34.021129" asserts="0">
                  <properties>
                    <property name="Category" value="AceModelCategory" />
                  </properties>
                  <output><![CDATA[2021-06-23 08:45:07,133 INFO Configit.TA.Core.Configuration.LogExecutionDetailsAttribute -- ##### Started running  test case: [CreateProductModelFromBrand]
2021-06-23 08:45:07,133 INFO Configit.TA.Tests.TestScenarios.Base.BaseWebTestSuite -- Initializing browser window...
2021-06-23 08:45:07,133 INFO Configit.TA.Core.Extensions.WrappedWebDriver -- Creating webdriver instance...
2021-06-23 08:45:08,403 INFO Configit.TA.Tests.TestScenarios.Base.BaseWebTestSuite -- Browser initialized.
2021-06-23 08:45:08,403 INFO Configit.TA.Tests.TestSteps.BaseStep -- # Executing step: [Login] with parameters: [Admin]
2021-06-23 08:45:14,979 INFO Configit.TA.Tests.TestSteps.BaseStep -- # Executing step: [CreateBrand] with parameters: [TSTBRAND_460, Test Brand 460]
2021-06-23 08:45:14,979 INFO Configit.TA.Tests.TestSteps.BaseStep -- # Executing step: [CreateFeatureFromMainPage] with parameters: [TSTBRAND_460, Test Brand 460, Brand]
2021-06-23 08:45:27,795 INFO Configit.TA.Tests.TestSteps.BaseStep -- # Executing step: [CreateProductModel] with parameters: [PM_460, Product Model 460, TSTBRAND_460]
2021-06-23 08:45:27,795 INFO Configit.TA.Tests.TestSteps.BaseStep -- # Executing step: [CreateFeatureFromMainPage] with parameters: [PM_460, Product Model 460, Product Range]
2021-06-23 08:45:41,056 INFO Configit.TA.Tests.TestScenarios.Base.BaseWebTestSuite -- Closing the browser...
2021-06-23 08:45:41,157 INFO Configit.TA.Core.Configuration.LogExecutionDetailsAttribute -- ##### Finished running  test case: [CreateProductModelFromBrand]
]]></output>
                </test-case>
                <test-case id="1-1066" name="CreateProductModelWithBrochureAndDerivatives" fullname="Configit.TA.Tests.TestScenarios.AceModel.ProductModelTestSuite.CreateProductModelWithBrochureAndDerivatives" methodname="CreateProductModelWithBrochureAndDerivatives" classname="Configit.TA.Tests.TestScenarios.AceModel.ProductModelTestSuite" runstate="Runnable" seed="1168860773" result="Passed" start-time="2021-06-23 08:45:41Z" end-time="2021-06-23 08:49:18Z" duration="217.302038" asserts="0">
                  <properties>
                    <property name="Category" value="AceModelCategory" />
                  </properties>
                  <output><![CDATA[2021-06-23 08:45:41,157 INFO Configit.TA.Core.Configuration.LogExecutionDetailsAttribute -- ##### Started running  test case: [CreateProductModelWithBrochureAndDerivatives]
2021-06-23 08:45:41,157 INFO Configit.TA.Tests.TestScenarios.Base.BaseWebTestSuite -- Initializing browser window...
2021-06-23 08:45:41,157 INFO Configit.TA.Core.Extensions.WrappedWebDriver -- Creating webdriver instance...
2021-06-23 08:45:42,382 INFO Configit.TA.Tests.TestScenarios.Base.BaseWebTestSuite -- Browser initialized.
2021-06-23 08:45:42,385 INFO Configit.TA.Tests.TestSteps.BaseStep -- # Executing step: [Login] with parameters: [Admin]
2021-06-23 08:45:49,004 INFO Configit.TA.Tests.TestSteps.BaseStep -- # Executing step: [CreateBrand] with parameters: [ROCKETBRND, Rocket Brand 1]
2021-06-23 08:45:49,004 INFO Configit.TA.Tests.TestSteps.BaseStep -- # Executing step: [CreateFeatureFromMainPage] with parameters: [ROCKETBRND, Rocket Brand 1, Brand]
2021-06-23 08:46:01,526 INFO Configit.TA.Tests.TestSteps.BaseStep -- # Executing step: [CreateFeatureFamily] with parameters: [RCKENG, Rocket Engines, Feature]
2021-06-23 08:46:07,223 INFO Configit.TA.Tests.TestSteps.BaseStep -- # Executing step: [CreateFeaturesFromFamilyView] with parameters: [Family code: RCKENG Feature codes: RCKENG1,RCKENG2]
2021-06-23 08:46:09,833 INFO Configit.TA.Tests.TestSteps.BaseStep -- # Executing step: [CreateFeatureFamily] with parameters: [CBNFAM, Cabin Type, Feature]
2021-06-23 08:46:15,502 INFO Configit.TA.Tests.TestSteps.BaseStep -- # Executing step: [CreateFeaturesFromFamilyView] with parameters: [Family code: CBNFAM Feature codes: CBNFAM1,CBNFAM2]
2021-06-23 08:46:18,042 INFO Configit.TA.Tests.TestSteps.BaseStep -- # Executing step: [CreateFeatureFamily] with parameters: [RCKBMOD, Rocket brochure models, Brochure Model]
2021-06-23 08:46:23,866 INFO Configit.TA.Tests.TestSteps.BaseStep -- # Executing step: [CreateFeaturesFromFamilyView] with parameters: [Family code: RCKBMOD Feature codes: RCKBMOD1,RCKBMOD2,RCKBMOD3,RCKBMOD4]
2021-06-23 08:46:27,719 INFO Configit.TA.Tests.TestSteps.BaseStep -- # Executing step: [CreateFeatureFamily] with parameters: [RCKDERVS, Rocket Derivatives, Derivative]
2021-06-23 08:46:33,505 INFO Configit.TA.Tests.TestSteps.BaseStep -- # Executing step: [CreateFeaturesFromFamilyView] with parameters: [Family code: RCKDERVS Feature codes: RCKDERV1,RCKDERV2]
2021-06-23 08:46:35,970 INFO Configit.TA.Tests.TestSteps.BaseStep -- # Executing step: [CreateProductModel] with parameters: [ROCKET, Rocket Model 1, ROCKETBRND]
2021-06-23 08:46:35,970 INFO Configit.TA.Tests.TestSteps.BaseStep -- # Executing step: [CreateFeatureFromMainPage] with parameters: [ROCKET, Rocket Model 1, Product Range]
2021-06-23 08:46:48,828 INFO Configit.TA.Tests.TestSteps.BaseStep -- # Executing step: [AddFeatures] with parameters: [Family code: RCKENG Feature codes: RCKENG1,RCKENG2 Family code: CBNFAM Feature codes: CBNFAM1,CBNFAM2 Family code: RCKBMOD Feature codes: RCKBMOD1,RCKBMOD2,RCKBMOD3,RCKBMOD4 Family code: RCKDERVS Feature codes: RCKDERV1,RCKDERV2]
2021-06-23 08:48:08,317 INFO Configit.TA.Tests.TestSteps.BaseStep -- # Executing step: [AddBrochureModelDefiningFamilies] with parameters: [RCKENG, CBNFAM]
2021-06-23 08:48:18,047 INFO Configit.TA.Tests.TestSteps.BaseStep -- # Executing step: [CreateBrochureModelsForProduct] with parameters: [Rocket Model 1, [Code = 'RCKBMOD1'] [Description = 'Engine 1.0 Single cabin'] [Feature = 'RCKBMOD1'] [Cabin Type = 'CBNFAM1'] [Rocket Engines = 'RCKENG1'] [Derivatives = 'RCKDERV1'] [Derivatives = 'RCKDERV2'] ]
2021-06-23 08:48:30,823 INFO Configit.TA.Tests.TestSteps.BaseStep -- # Executing step: [CreateBrochureModelsForProduct] with parameters: [Rocket Model 1, [Code = 'RCKBMOD2'] [Description = 'Engine 1.0 Double cabin'] [Feature = 'RCKBMOD2'] [Cabin Type = 'CBNFAM2'] [Rocket Engines = 'RCKENG1'] [Derivatives = 'RCKDERV1'] [Derivatives = 'RCKDERV2'] ]
2021-06-23 08:48:36,158 INFO Configit.TA.Tests.TestSteps.BaseStep -- # Executing step: [CreateBrochureModelsForProduct] with parameters: [Rocket Model 1, [Code = 'RCKBMOD3'] [Description = 'Engine 2.0 Single cabin'] [Feature = 'RCKBMOD3'] [Cabin Type = 'CBNFAM1'] [Rocket Engines = 'RCKENG2'] [Derivatives = 'RCKDERV1'] [Derivatives = 'RCKDERV2'] ]
2021-06-23 08:48:41,972 INFO Configit.TA.Tests.TestSteps.BaseStep -- # Executing step: [CreateBrochureModelsForProduct] with parameters: [Rocket Model 1, [Code = 'RCKBMOD4'] [Description = 'Engine 2.0 Double cabin'] [Feature = 'RCKBMOD4'] [Cabin Type = 'CBNFAM2'] [Rocket Engines = 'RCKENG2'] [Derivatives = 'RCKDERV1'] [Derivatives = 'RCKDERV2'] ]
2021-06-23 08:48:47,503 INFO Configit.TA.Tests.TestSteps.BaseStep -- # Executing step: [CompileProduct] with parameters: [Rocket Model 1]
2021-06-23 08:49:18,323 INFO Configit.TA.Tests.TestScenarios.Base.BaseWebTestSuite -- Closing the browser...
2021-06-23 08:49:18,473 INFO Configit.TA.Core.Configuration.LogExecutionDetailsAttribute -- ##### Finished running  test case: [CreateProductModelWithBrochureAndDerivatives]
]]></output>
                </test-case>
              </test-suite>
              <test-suite type="TestFixture" id="1-1067" name="ProductTestsTestSuite" fullname="Configit.TA.Tests.TestScenarios.AceModel.ProductTestsTestSuite" classname="Configit.TA.Tests.TestScenarios.AceModel.ProductTestsTestSuite" runstate="Runnable" testcasecount="1" result="Passed" start-time="2021-06-23 08:49:35Z" end-time="2021-06-23 08:52:38Z" duration="183.077596" total="1" passed="1" failed="0" warnings="0" inconclusive="0" skipped="0" asserts="0">
                <properties />
                <output><![CDATA[2021-06-23 08:49:35,043 INFO Configit.TA.Core.Configuration.LogExecutionDetailsAttribute -- ########## Started running  test suite: [ProductTestsTestSuite]
2021-06-23 08:52:38,134 INFO Configit.TA.Core.Configuration.LogExecutionDetailsAttribute -- ########## Finished running  test suite: [ProductTestsTestSuite]
]]></output>
                <test-case id="1-1068" name="CreateTestVerifyingRule" fullname="Configit.TA.Tests.TestScenarios.AceModel.ProductTestsTestSuite.CreateTestVerifyingRule" methodname="CreateTestVerifyingRule" classname="Configit.TA.Tests.TestScenarios.AceModel.ProductTestsTestSuite" runstate="Runnable" seed="1821366077" result="Passed" start-time="2021-06-23 08:49:35Z" end-time="2021-06-23 08:52:38Z" duration="183.077181" asserts="0">
                  <properties>
                    <property name="Category" value="AceModelCategory" />
                  </properties>
                  <output><![CDATA[2021-06-23 08:49:35,043 INFO Configit.TA.Core.Configuration.LogExecutionDetailsAttribute -- ##### Started running  test case: [CreateTestVerifyingRule]
2021-06-23 08:49:35,043 INFO Configit.TA.Tests.TestScenarios.Base.BaseWebTestSuite -- Initializing browser window...
2021-06-23 08:49:35,043 INFO Configit.TA.Core.Extensions.WrappedWebDriver -- Creating webdriver instance...
2021-06-23 08:49:36,275 INFO Configit.TA.Tests.TestScenarios.Base.BaseWebTestSuite -- Browser initialized.
2021-06-23 08:49:36,276 INFO Configit.TA.Tests.TestSteps.BaseStep -- # Executing step: [Login] with parameters: [Admin]
2021-06-23 08:49:40,868 INFO Configit.TA.Tests.TestSteps.BaseStep -- # Executing step: [CreateWorkItemFromHomePage] with parameters: [WI_23062021_084940868, test work item]
2021-06-23 08:49:43,835 INFO Configit.TA.Tests.TestSteps.BaseStep -- # Executing step: [NavigateToWorkItemsPage]
2021-06-23 08:49:44,949 INFO Configit.TA.Tests.TestSteps.BaseStep -- # Executing step: [OpenWorkItemDetails] with parameters: [WI_23062021_084940868]
2021-06-23 08:49:51,188 INFO Configit.TA.Tests.TestSteps.BaseStep -- # Executing step: [CreateBrand] with parameters: [ROCKETBRND, Rocket Brand 1]
2021-06-23 08:49:51,188 INFO Configit.TA.Tests.TestSteps.BaseStep -- # Executing step: [CreateFeatureFromMainPage] with parameters: [ROCKETBRND, Rocket Brand 1, Brand]
2021-06-23 08:50:03,678 INFO Configit.TA.Tests.TestSteps.BaseStep -- # Executing step: [CreateFeatureFamily] with parameters: [RCKENG, Rocket Engines, Feature]
2021-06-23 08:50:09,245 INFO Configit.TA.Tests.TestSteps.BaseStep -- # Executing step: [CreateFeaturesFromFamilyView] with parameters: [Family code: RCKENG Feature codes: RCKENG1,RCKENG2]
2021-06-23 08:50:11,815 INFO Configit.TA.Tests.TestSteps.BaseStep -- # Executing step: [CreateFeatureFamily] with parameters: [CBNFAM, Cabin Type, Feature]
2021-06-23 08:50:17,324 INFO Configit.TA.Tests.TestSteps.BaseStep -- # Executing step: [CreateFeaturesFromFamilyView] with parameters: [Family code: CBNFAM Feature codes: CBNFAM1,CBNFAM2]
2021-06-23 08:50:19,850 INFO Configit.TA.Tests.TestSteps.BaseStep -- # Executing step: [CreateProductModel] with parameters: [ROCKET, Rocket Model 1, ROCKETBRND]
2021-06-23 08:50:19,850 INFO Configit.TA.Tests.TestSteps.BaseStep -- # Executing step: [CreateFeatureFromMainPage] with parameters: [ROCKET, Rocket Model 1, Product Range]
2021-06-23 08:50:33,096 INFO Configit.TA.Tests.TestSteps.BaseStep -- # Executing step: [AddFeatures] with parameters: [Family code: RCKENG Feature codes: RCKENG1,RCKENG2 Family code: CBNFAM Feature codes: CBNFAM1,CBNFAM2 Family code: PCOL Feature codes: ]
2021-06-23 08:51:16,026 INFO Configit.TA.Tests.TestSteps.BaseStep -- # Executing step: [CreateTextRule] with parameters: [Rocket Model 1, If double cabin then color not red, if CBNFAM.CBNFAM2 then not PCOL.RED, Default Start Date, Default End Date, Marketing]
2021-06-23 08:51:29,795 INFO Configit.TA.Tests.TestSteps.BaseStep -- # Executing step: [CompileProduct] with parameters: [Rocket Model 1]
2021-06-23 08:52:01,460 INFO Configit.TA.Tests.TestSteps.BaseStep -- # Executing step: [CreateCustomTest] with parameters: [Rocket Model 1, when double cabin selected then red unavailable]
2021-06-23 08:52:15,404 INFO Configit.TA.Tests.TestSteps.BaseStep -- # Executing step: [RunAllTests] with parameters: [Rocket Model 1]
2021-06-23 08:52:21,477 INFO Configit.TA.Tests.TestScenarios.Base.BaseWebTestSuite -- Closing the browser...
2021-06-23 08:52:21,601 INFO Configit.TA.Tests.TestScenarios.Base.BaseWebTestSuite -- Initializing browser window...
2021-06-23 08:52:21,601 INFO Configit.TA.Core.Extensions.WrappedWebDriver -- Creating webdriver instance...
2021-06-23 08:52:22,830 INFO Configit.TA.Tests.TestScenarios.Base.BaseWebTestSuite -- Browser initialized.
2021-06-23 08:52:22,830 INFO Configit.TA.Tests.TestSteps.BaseStep -- # Executing step: [Login] with parameters: [Admin]
2021-06-23 08:52:27,072 INFO Configit.TA.Tests.TestSteps.BaseStep -- # Executing step: [NavigateToWorkItemsPage]
2021-06-23 08:52:28,205 INFO Configit.TA.Tests.TestSteps.BaseStep -- # Executing step: [OpenWorkItemDetails] with parameters: [WI_23062021_084940868]
2021-06-23 08:52:31,930 INFO Configit.TA.Tests.TestSteps.BaseStep -- # Executing step: [CloseWorkItem] with parameters: [WI_23062021_084940868]
2021-06-23 08:52:38,032 INFO Configit.TA.Tests.TestScenarios.Base.BaseWebTestSuite -- Closing the browser...
2021-06-23 08:52:38,134 INFO Configit.TA.Core.Configuration.LogExecutionDetailsAttribute -- ##### Finished running  test case: [CreateTestVerifyingRule]
]]></output>
                </test-case>
              </test-suite>
              <test-suite type="TestFixture" id="1-1069" name="ReleaseTestSuite" fullname="Configit.TA.Tests.TestScenarios.AceModel.ReleaseTestSuite" classname="Configit.TA.Tests.TestScenarios.AceModel.ReleaseTestSuite" runstate="Runnable" testcasecount="1" result="Passed" start-time="2021-06-23 08:52:38Z" end-time="2021-06-23 08:54:00Z" duration="82.529718" total="1" passed="1" failed="0" warnings="0" inconclusive="0" skipped="0" asserts="0">
                <properties />
                <output><![CDATA[2021-06-23 08:52:38,135 INFO Configit.TA.Core.Configuration.LogExecutionDetailsAttribute -- ########## Started running  test suite: [ReleaseTestSuite]
2021-06-23 08:54:00,670 INFO Configit.TA.Core.Configuration.LogExecutionDetailsAttribute -- ########## Finished running  test suite: [ReleaseTestSuite]
]]></output>
                <test-case id="1-1070" name="ReleaseBasicProductModel" fullname="Configit.TA.Tests.TestScenarios.AceModel.ReleaseTestSuite.ReleaseBasicProductModel" methodname="ReleaseBasicProductModel" classname="Configit.TA.Tests.TestScenarios.AceModel.ReleaseTestSuite" runstate="Runnable" seed="1554961555" result="Passed" start-time="2021-06-23 08:52:38Z" end-time="2021-06-23 08:54:00Z" duration="82.529367" asserts="0">
                  <properties>
                    <property name="Category" value="AceE2E" />
                  </properties>
                  <output><![CDATA[2021-06-23 08:52:38,135 INFO Configit.TA.Core.Configuration.LogExecutionDetailsAttribute -- ##### Started running  test case: [ReleaseBasicProductModel]
2021-06-23 08:52:38,135 INFO Configit.TA.Tests.TestScenarios.Base.BaseWebTestSuite -- Initializing browser window...
2021-06-23 08:52:38,135 INFO Configit.TA.Core.Extensions.WrappedWebDriver -- Creating webdriver instance...
2021-06-23 08:52:39,408 INFO Configit.TA.Tests.TestScenarios.Base.BaseWebTestSuite -- Browser initialized.
2021-06-23 08:52:39,408 INFO Configit.TA.Tests.TestSteps.BaseStep -- # Executing step: [Login] with parameters: [Admin]
2021-06-23 08:52:43,853 INFO Configit.TA.Tests.TestSteps.BaseStep -- # Executing step: [CreateWorkItemFromHomePage] with parameters: [WI_23062021_085243853, test work item]
2021-06-23 08:52:47,216 INFO Configit.TA.Tests.TestSteps.BaseStep -- # Executing step: [NavigateToWorkItemsPage]
2021-06-23 08:52:48,290 INFO Configit.TA.Tests.TestSteps.BaseStep -- # Executing step: [OpenWorkItemDetails] with parameters: [WI_23062021_085243853]
2021-06-23 08:52:53,878 INFO Configit.TA.Tests.TestSteps.BaseStep -- # Executing step: [CreateChannel] with parameters: [CHN_E2E_230621085253, TA E2E channel, Services:[Product Model,Market,Model Year]]
2021-06-23 08:53:01,324 INFO Configit.TA.Tests.TestSteps.BaseStep -- # Executing step: [CreateRelease] with parameters: [REL_E2E_230621085253, TA E2E release, CHN_E2E_230621085253]
2021-06-23 08:53:15,710 INFO Configit.TA.Tests.TestSteps.BaseStep -- # Executing step: [Publish] with parameters: [REL_E2E_230621085253]
2021-06-23 08:53:31,282 INFO Configit.TA.Tests.TestSteps.BaseStep -- # Executing step: [Login] with parameters: [tech]
2021-06-23 08:53:37,875 INFO Configit.TA.Tests.TestSteps.BaseStep -- # Executing step: [OpenPackageDetails] with parameters: [REL_E2E_230621085253]
2021-06-23 08:53:40,235 INFO Configit.TA.Tests.TestSteps.BaseStep -- # Executing step: [OpenPackageDetails] with parameters: [REL_E2E_230621085253]
2021-06-23 08:53:42,214 INFO Configit.TA.Tests.TestSteps.BaseStep -- # Executing step: [RemovePackage] with parameters: [REL_E2E_230621085253]
2021-06-23 08:53:44,020 INFO Configit.TA.Tests.TestScenarios.Base.BaseWebTestSuite -- Closing the browser...
2021-06-23 08:53:44,118 INFO Configit.TA.Tests.TestScenarios.Base.BaseWebTestSuite -- Initializing browser window...
2021-06-23 08:53:44,118 INFO Configit.TA.Core.Extensions.WrappedWebDriver -- Creating webdriver instance...
2021-06-23 08:53:45,330 INFO Configit.TA.Tests.TestScenarios.Base.BaseWebTestSuite -- Browser initialized.
2021-06-23 08:53:45,330 INFO Configit.TA.Tests.TestSteps.BaseStep -- # Executing step: [Login] with parameters: [Admin]
2021-06-23 08:53:49,742 INFO Configit.TA.Tests.TestSteps.BaseStep -- # Executing step: [NavigateToWorkItemsPage]
2021-06-23 08:53:50,831 INFO Configit.TA.Tests.TestSteps.BaseStep -- # Executing step: [OpenWorkItemDetails] with parameters: [WI_23062021_085243853]
2021-06-23 08:53:54,691 INFO Configit.TA.Tests.TestSteps.BaseStep -- # Executing step: [CloseWorkItem] with parameters: [WI_23062021_085243853]
2021-06-23 08:54:00,576 INFO Configit.TA.Tests.TestScenarios.Base.BaseWebTestSuite -- Closing the browser...
2021-06-23 08:54:00,670 INFO Configit.TA.Core.Configuration.LogExecutionDetailsAttribute -- ##### Finished running  test case: [ReleaseBasicProductModel]
]]></output>
                </test-case>
              </test-suite>
              <test-suite type="TestFixture" id="1-1023" name="RulesDefaultsPrioritiesTestSuite" fullname="Configit.TA.Tests.TestScenarios.AceModel.RulesDefaultsPrioritiesTestSuite" classname="Configit.TA.Tests.TestScenarios.AceModel.RulesDefaultsPrioritiesTestSuite" runstate="Runnable" testcasecount="8" result="Failed" site="Child" start-time="2021-06-23 08:54:00Z" end-time="2021-06-23 09:08:06Z" duration="845.537499" total="8" passed="6" failed="2" warnings="0" inconclusive="0" skipped="0" asserts="0">
                <properties />
                <failure>
                  <message><![CDATA[One or more child tests had errors]]></message>
                </failure>
                <output><![CDATA[2021-06-23 08:54:00,671 INFO Configit.TA.Core.Configuration.LogExecutionDetailsAttribute -- ########## Started running  test suite: [RulesDefaultsPrioritiesTestSuite]
2021-06-23 09:08:06,271 INFO Configit.TA.Core.Configuration.LogExecutionDetailsAttribute -- ########## Finished running  test suite: [RulesDefaultsPrioritiesTestSuite]
]]></output>
                <test-case id="1-1024" name="CreateDefault" fullname="Configit.TA.Tests.TestScenarios.AceModel.RulesDefaultsPrioritiesTestSuite.CreateDefault" methodname="CreateDefault" classname="Configit.TA.Tests.TestScenarios.AceModel.RulesDefaultsPrioritiesTestSuite" runstate="Runnable" seed="2076301050" result="Passed" start-time="2021-06-23 08:54:00Z" end-time="2021-06-23 08:56:18Z" duration="137.660573" asserts="0">
                  <properties>
                    <property name="Category" value="AceModelCategory" />
                  </properties>
                  <output><![CDATA[2021-06-23 08:54:00,671 INFO Configit.TA.Core.Configuration.LogExecutionDetailsAttribute -- ##### Started running  test case: [CreateDefault]
2021-06-23 08:54:00,671 INFO Configit.TA.Tests.TestScenarios.Base.BaseWebTestSuite -- Initializing browser window...
2021-06-23 08:54:00,671 INFO Configit.TA.Core.Extensions.WrappedWebDriver -- Creating webdriver instance...
2021-06-23 08:54:01,881 INFO Configit.TA.Tests.TestScenarios.Base.BaseWebTestSuite -- Browser initialized.
2021-06-23 08:54:01,881 INFO Configit.TA.Tests.TestSteps.BaseStep -- # Executing step: [Login] with parameters: [Admin]
2021-06-23 08:54:06,385 INFO Configit.TA.Tests.TestSteps.BaseStep -- # Executing step: [CreateWorkItemFromHomePage] with parameters: [WI_23062021_085406385, test work item]
2021-06-23 08:54:09,214 INFO Configit.TA.Tests.TestSteps.BaseStep -- # Executing step: [NavigateToWorkItemsPage]
2021-06-23 08:54:10,351 INFO Configit.TA.Tests.TestSteps.BaseStep -- # Executing step: [OpenWorkItemDetails] with parameters: [WI_23062021_085406385]
2021-06-23 08:54:16,576 INFO Configit.TA.Tests.TestSteps.BaseStep -- # Executing step: [CreateDefault] with parameters: [Sample Bus, IF SEAT86 then 6 wheels, if V950_BM.SEAT86 then NUM_WHEELS.NUM_FEATURE_6, Job 1, Default End Date, NUM_WHEELS]
2021-06-23 08:55:15,234 INFO Configit.TA.Tests.TestSteps.BaseStep -- # Executing step: [CompileProduct] with parameters: [Sample Bus]
2021-06-23 08:55:47,362 INFO Configit.TA.Tests.TestSteps.BaseStep -- # Executing step: [OpenConfiguratorAndSetScope] with parameters: [Sample Bus, [Market = 'DNK'] [Brochure Model = 'SEAT86'] [Build Date = 'DATE:23/06/2021'] ]
2021-06-23 08:56:02,085 INFO Configit.TA.Tests.TestSteps.BaseStep -- # Executing step: [VerifyConfiguratorDefaultValue] with parameters: [Sample Bus, [NUM_WHEELS = '6 wheels (NUM_FEATURE_6)'] ]
2021-06-23 08:56:02,220 INFO Configit.TA.Tests.TestScenarios.Base.BaseWebTestSuite -- Closing the browser...
2021-06-23 08:56:02,334 INFO Configit.TA.Tests.TestScenarios.Base.BaseWebTestSuite -- Initializing browser window...
2021-06-23 08:56:02,334 INFO Configit.TA.Core.Extensions.WrappedWebDriver -- Creating webdriver instance...
2021-06-23 08:56:03,619 INFO Configit.TA.Tests.TestScenarios.Base.BaseWebTestSuite -- Browser initialized.
2021-06-23 08:56:03,619 INFO Configit.TA.Tests.TestSteps.BaseStep -- # Executing step: [Login] with parameters: [Admin]
2021-06-23 08:56:07,942 INFO Configit.TA.Tests.TestSteps.BaseStep -- # Executing step: [NavigateToWorkItemsPage]
2021-06-23 08:56:09,035 INFO Configit.TA.Tests.TestSteps.BaseStep -- # Executing step: [OpenWorkItemDetails] with parameters: [WI_23062021_085406385]
2021-06-23 08:56:12,247 INFO Configit.TA.Tests.TestSteps.BaseStep -- # Executing step: [CloseWorkItem] with parameters: [WI_23062021_085406385]
2021-06-23 08:56:18,235 INFO Configit.TA.Tests.TestScenarios.Base.BaseWebTestSuite -- Closing the browser...
2021-06-23 08:56:18,342 INFO Configit.TA.Core.Configuration.LogExecutionDetailsAttribute -- ##### Finished running  test case: [CreateDefault]
]]></output>
                </test-case>
                <test-case id="1-1028" name="CreateTableRuleAndVerifyEffects" fullname="Configit.TA.Tests.TestScenarios.AceModel.RulesDefaultsPrioritiesTestSuite.CreateTableRuleAndVerifyEffects" methodname="CreateTableRuleAndVerifyEffects" classname="Configit.TA.Tests.TestScenarios.AceModel.RulesDefaultsPrioritiesTestSuite" runstate="Runnable" seed="1007969565" result="Passed" start-time="2021-06-23 08:56:18Z" end-time="2021-06-23 08:58:32Z" duration="133.845841" asserts="0">
                  <properties>
                    <property name="Category" value="AceModelCategory" />
                  </properties>
                  <output><![CDATA[2021-06-23 08:56:18,342 INFO Configit.TA.Core.Configuration.LogExecutionDetailsAttribute -- ##### Started running  test case: [CreateTableRuleAndVerifyEffects]
2021-06-23 08:56:18,342 INFO Configit.TA.Tests.TestScenarios.Base.BaseWebTestSuite -- Initializing browser window...
2021-06-23 08:56:18,342 INFO Configit.TA.Core.Extensions.WrappedWebDriver -- Creating webdriver instance...
2021-06-23 08:56:19,585 INFO Configit.TA.Tests.TestScenarios.Base.BaseWebTestSuite -- Browser initialized.
2021-06-23 08:56:19,585 INFO Configit.TA.Tests.TestSteps.BaseStep -- # Executing step: [Login] with parameters: [Admin]
2021-06-23 08:56:23,978 INFO Configit.TA.Tests.TestSteps.BaseStep -- # Executing step: [CreateWorkItemFromHomePage] with parameters: [WI_23062021_085623978, test work item]
2021-06-23 08:56:26,743 INFO Configit.TA.Tests.TestSteps.BaseStep -- # Executing step: [NavigateToWorkItemsPage]
2021-06-23 08:56:27,881 INFO Configit.TA.Tests.TestSteps.BaseStep -- # Executing step: [OpenWorkItemDetails] with parameters: [WI_23062021_085623978]
2021-06-23 08:56:31,826 INFO Configit.TA.Tests.TestSteps.BaseStep -- # Executing step: [AddFeatures] with parameters: [Family code: PRI Feature codes:  Family code: SEC Feature codes:  Family code: WHL Feature codes: ]
2021-06-23 08:57:02,813 INFO Configit.TA.Tests.TestSteps.BaseStep -- # Executing step: [CreateDataTableRule] with parameters: [Sample Bus, Color relations, Marketing, Job 1, Default End Date]
2021-06-23 08:57:24,649 INFO Configit.TA.Tests.TestSteps.BaseStep -- # Executing step: [CompileProduct] with parameters: [Sample Bus]
2021-06-23 08:57:57,394 INFO Configit.TA.Tests.TestSteps.BaseStep -- # Executing step: [OpenConfiguratorAndSetScope] with parameters: [Sample Bus, [Market = 'DNK'] [Brochure Model = 'SEAT86'] [Build Date = 'DATE:23/06/2021'] ]
2021-06-23 08:58:11,094 INFO Configit.TA.Tests.TestSteps.BaseStep -- # Executing step: [VerifyConfiguratorDefaultValue] with parameters: [Sample Bus, [PRI = 'Black (BLK)'] [SEC = 'Orange (ORG)'] [WHL = '16" steel style A (WHL16_A)'] ]
2021-06-23 08:58:11,497 INFO Configit.TA.Tests.TestSteps.BaseStep -- # Executing step: [SetConfiguratorValue] with parameters: [PRI, RED]
2021-06-23 08:58:12,480 INFO Configit.TA.Tests.TestSteps.BaseStep -- # Executing step: [VerifyConfiguratorDefaultValue] with parameters: [, [SEC = 'Black (BLK)'] ]
2021-06-23 08:58:12,600 INFO Configit.TA.Tests.TestSteps.BaseStep -- # Executing step: [VerifyConfiguratorDefaultValue] with parameters: [, [WHL = '17" 10 spoke alloy style B (WHL17_B)'] ]
2021-06-23 08:58:12,716 INFO Configit.TA.Tests.TestSteps.BaseStep -- # Executing step: [SetConfiguratorValue] with parameters: [SEC, BLUE]
2021-06-23 08:58:13,688 INFO Configit.TA.Tests.TestSteps.BaseStep -- # Executing step: [VerifyConfiguratorDefaultValue] with parameters: [, [PRI = 'Red (RED)'] ]
2021-06-23 08:58:13,800 INFO Configit.TA.Tests.TestSteps.BaseStep -- # Executing step: [VerifyConfiguratorDefaultValue] with parameters: [, [WHL = '17" 10 spoke alloy style B (WHL17_B)'] ]
2021-06-23 08:58:13,915 INFO Configit.TA.Tests.TestSteps.BaseStep -- # Executing step: [SetConfiguratorValue] with parameters: [SEC, GRAY]
2021-06-23 08:58:14,877 INFO Configit.TA.Tests.TestSteps.BaseStep -- # Executing step: [VerifyConfiguratorDefaultValue] with parameters: [, [PRI = 'Brown (BRN)'] ]
2021-06-23 08:58:14,987 INFO Configit.TA.Tests.TestSteps.BaseStep -- # Executing step: [VerifyConfiguratorDefaultValue] with parameters: [, [WHL = '17" 10 spoke alloy style B (WHL17_B)'] ]
2021-06-23 08:58:15,097 INFO Configit.TA.Tests.TestSteps.BaseStep -- # Executing step: [SetConfiguratorValue] with parameters: [WHL, WHL20_C]
2021-06-23 08:58:16,113 INFO Configit.TA.Tests.TestSteps.BaseStep -- # Executing step: [VerifyConfiguratorDefaultValue] with parameters: [, [PRI = 'Brown (BRN)'] ]
2021-06-23 08:58:16,222 INFO Configit.TA.Tests.TestSteps.BaseStep -- # Executing step: [VerifyConfiguratorDefaultValue] with parameters: [, [SEC = 'Gray (GRAY)'] ]
2021-06-23 08:58:16,328 INFO Configit.TA.Tests.TestScenarios.Base.BaseWebTestSuite -- Closing the browser...
2021-06-23 08:58:16,440 INFO Configit.TA.Tests.TestScenarios.Base.BaseWebTestSuite -- Initializing browser window...
2021-06-23 08:58:16,440 INFO Configit.TA.Core.Extensions.WrappedWebDriver -- Creating webdriver instance...
2021-06-23 08:58:17,695 INFO Configit.TA.Tests.TestScenarios.Base.BaseWebTestSuite -- Browser initialized.
2021-06-23 08:58:17,695 INFO Configit.TA.Tests.TestSteps.BaseStep -- # Executing step: [Login] with parameters: [Admin]
2021-06-23 08:58:21,959 INFO Configit.TA.Tests.TestSteps.BaseStep -- # Executing step: [NavigateToWorkItemsPage]
2021-06-23 08:58:23,029 INFO Configit.TA.Tests.TestSteps.BaseStep -- # Executing step: [OpenWorkItemDetails] with parameters: [WI_23062021_085623978]
2021-06-23 08:58:26,204 INFO Configit.TA.Tests.TestSteps.BaseStep -- # Executing step: [CloseWorkItem] with parameters: [WI_23062021_085623978]
2021-06-23 08:58:32,103 INFO Configit.TA.Tests.TestScenarios.Base.BaseWebTestSuite -- Closing the browser...
2021-06-23 08:58:32,197 INFO Configit.TA.Core.Configuration.LogExecutionDetailsAttribute -- ##### Finished running  test case: [CreateTableRuleAndVerifyEffects]
]]></output>
                </test-case>
                <test-case id="1-1027" name="CreateTableRuleInvalid" fullname="Configit.TA.Tests.TestScenarios.AceModel.RulesDefaultsPrioritiesTestSuite.CreateTableRuleInvalid" methodname="CreateTableRuleInvalid" classname="Configit.TA.Tests.TestScenarios.AceModel.RulesDefaultsPrioritiesTestSuite" runstate="Runnable" seed="1604962300" result="Passed" start-time="2021-06-23 08:58:32Z" end-time="2021-06-23 08:59:39Z" duration="66.825703" asserts="0">
                  <properties>
                    <property name="Category" value="AceModelCategory" />
                  </properties>
                  <output><![CDATA[2021-06-23 08:58:32,197 INFO Configit.TA.Core.Configuration.LogExecutionDetailsAttribute -- ##### Started running  test case: [CreateTableRuleInvalid]
2021-06-23 08:58:32,197 INFO Configit.TA.Tests.TestScenarios.Base.BaseWebTestSuite -- Initializing browser window...
2021-06-23 08:58:32,197 INFO Configit.TA.Core.Extensions.WrappedWebDriver -- Creating webdriver instance...
2021-06-23 08:58:33,445 INFO Configit.TA.Tests.TestScenarios.Base.BaseWebTestSuite -- Browser initialized.
2021-06-23 08:58:33,445 INFO Configit.TA.Tests.TestSteps.BaseStep -- # Executing step: [Login] with parameters: [Admin]
2021-06-23 08:58:38,054 INFO Configit.TA.Tests.TestSteps.BaseStep -- # Executing step: [CreateWorkItemFromHomePage] with parameters: [WI_23062021_085838054, test work item]
2021-06-23 08:58:40,830 INFO Configit.TA.Tests.TestSteps.BaseStep -- # Executing step: [NavigateToWorkItemsPage]
2021-06-23 08:58:41,937 INFO Configit.TA.Tests.TestSteps.BaseStep -- # Executing step: [OpenWorkItemDetails] with parameters: [WI_23062021_085838054]
2021-06-23 08:58:45,471 INFO Configit.TA.Tests.TestSteps.BaseStep -- # Executing step: [AddFeatures] with parameters: [Family code: PRI Feature codes:  Family code: SEC Feature codes: ]
2021-06-23 08:59:09,700 INFO Configit.TA.Tests.TestSteps.BaseStep -- # Executing step: [CreateDataTableRule] with parameters: [Sample Bus, Color relations, Marketing, Job 1, Default End Date]
2021-06-23 08:59:23,371 INFO Configit.TA.Tests.TestScenarios.Base.BaseWebTestSuite -- Closing the browser...
2021-06-23 08:59:23,479 INFO Configit.TA.Tests.TestScenarios.Base.BaseWebTestSuite -- Initializing browser window...
2021-06-23 08:59:23,479 INFO Configit.TA.Core.Extensions.WrappedWebDriver -- Creating webdriver instance...
2021-06-23 08:59:24,720 INFO Configit.TA.Tests.TestScenarios.Base.BaseWebTestSuite -- Browser initialized.
2021-06-23 08:59:24,720 INFO Configit.TA.Tests.TestSteps.BaseStep -- # Executing step: [Login] with parameters: [Admin]
2021-06-23 08:59:28,951 INFO Configit.TA.Tests.TestSteps.BaseStep -- # Executing step: [NavigateToWorkItemsPage]
2021-06-23 08:59:29,992 INFO Configit.TA.Tests.TestSteps.BaseStep -- # Executing step: [OpenWorkItemDetails] with parameters: [WI_23062021_085838054]
2021-06-23 08:59:33,129 INFO Configit.TA.Tests.TestSteps.BaseStep -- # Executing step: [CloseWorkItem] with parameters: [WI_23062021_085838054]
2021-06-23 08:59:38,936 INFO Configit.TA.Tests.TestScenarios.Base.BaseWebTestSuite -- Closing the browser...
2021-06-23 08:59:39,028 INFO Configit.TA.Core.Configuration.LogExecutionDetailsAttribute -- ##### Finished running  test case: [CreateTableRuleInvalid]
]]></output>
                </test-case>
                <test-case id="1-1025" name="CreateTextRule" fullname="Configit.TA.Tests.TestScenarios.AceModel.RulesDefaultsPrioritiesTestSuite.CreateTextRule" methodname="CreateTextRule" classname="Configit.TA.Tests.TestScenarios.AceModel.RulesDefaultsPrioritiesTestSuite" runstate="Runnable" seed="39243389" result="Passed" start-time="2021-06-23 08:59:39Z" end-time="2021-06-23 09:01:24Z" duration="105.358687" asserts="0">
                  <properties>
                    <property name="Category" value="AceModelCategory" />
                  </properties>
                  <output><![CDATA[2021-06-23 08:59:39,028 INFO Configit.TA.Core.Configuration.LogExecutionDetailsAttribute -- ##### Started running  test case: [CreateTextRule]
2021-06-23 08:59:39,028 INFO Configit.TA.Tests.TestScenarios.Base.BaseWebTestSuite -- Initializing browser window...
2021-06-23 08:59:39,028 INFO Configit.TA.Core.Extensions.WrappedWebDriver -- Creating webdriver instance...
2021-06-23 08:59:40,248 INFO Configit.TA.Tests.TestScenarios.Base.BaseWebTestSuite -- Browser initialized.
2021-06-23 08:59:40,248 INFO Configit.TA.Tests.TestSteps.BaseStep -- # Executing step: [Login] with parameters: [Admin]
2021-06-23 08:59:44,660 INFO Configit.TA.Tests.TestSteps.BaseStep -- # Executing step: [CreateWorkItemFromHomePage] with parameters: [WI_23062021_085944660, test work item]
2021-06-23 08:59:47,409 INFO Configit.TA.Tests.TestSteps.BaseStep -- # Executing step: [NavigateToWorkItemsPage]
2021-06-23 08:59:48,500 INFO Configit.TA.Tests.TestSteps.BaseStep -- # Executing step: [OpenWorkItemDetails] with parameters: [WI_23062021_085944660]
2021-06-23 08:59:52,341 INFO Configit.TA.Tests.TestSteps.BaseStep -- # Executing step: [AddFeatures] with parameters: [Family code: PCOL Feature codes: ]
2021-06-23 09:00:10,536 INFO Configit.TA.Tests.TestSteps.BaseStep -- # Executing step: [CreateTextRule] with parameters: [Sample Bus, If bmod SEAT86 then color not black, if V950_BM.SEAT86 then not PCOL.BLK, Job 1, Default End Date, Marketing]
2021-06-23 09:00:23,053 INFO Configit.TA.Tests.TestSteps.BaseStep -- # Executing step: [CompileProduct] with parameters: [Sample Bus]
2021-06-23 09:00:54,808 INFO Configit.TA.Tests.TestSteps.BaseStep -- # Executing step: [OpenConfiguratorAndSetScope] with parameters: [Sample Bus, [Market = 'DNK'] [Brochure Model = 'SEAT86'] [Build Date = 'DATE:23/06/2021'] ]
2021-06-23 09:01:08,693 INFO Configit.TA.Tests.TestSteps.BaseStep -- # Executing step: [VerifyConfiguratorDefaultValue] with parameters: [Sample Bus, [PCOL = 'Blue (BLU)'] ]
2021-06-23 09:01:08,830 INFO Configit.TA.Tests.TestScenarios.Base.BaseWebTestSuite -- Closing the browser...
2021-06-23 09:01:08,935 INFO Configit.TA.Tests.TestScenarios.Base.BaseWebTestSuite -- Initializing browser window...
2021-06-23 09:01:08,935 INFO Configit.TA.Core.Extensions.WrappedWebDriver -- Creating webdriver instance...
2021-06-23 09:01:10,173 INFO Configit.TA.Tests.TestScenarios.Base.BaseWebTestSuite -- Browser initialized.
2021-06-23 09:01:10,173 INFO Configit.TA.Tests.TestSteps.BaseStep -- # Executing step: [Login] with parameters: [Admin]
2021-06-23 09:01:14,388 INFO Configit.TA.Tests.TestSteps.BaseStep -- # Executing step: [NavigateToWorkItemsPage]
2021-06-23 09:01:15,458 INFO Configit.TA.Tests.TestSteps.BaseStep -- # Executing step: [OpenWorkItemDetails] with parameters: [WI_23062021_085944660]
2021-06-23 09:01:18,586 INFO Configit.TA.Tests.TestSteps.BaseStep -- # Executing step: [CloseWorkItem] with parameters: [WI_23062021_085944660]
2021-06-23 09:01:24,298 INFO Configit.TA.Tests.TestScenarios.Base.BaseWebTestSuite -- Closing the browser...
2021-06-23 09:01:24,395 INFO Configit.TA.Core.Configuration.LogExecutionDetailsAttribute -- ##### Finished running  test case: [CreateTextRule]
]]></output>
                </test-case>
                <test-case id="1-1026" name="CreateTextRuleInvalid" fullname="Configit.TA.Tests.TestScenarios.AceModel.RulesDefaultsPrioritiesTestSuite.CreateTextRuleInvalid" methodname="CreateTextRuleInvalid" classname="Configit.TA.Tests.TestScenarios.AceModel.RulesDefaultsPrioritiesTestSuite" runstate="Runnable" seed="485008371" result="Passed" start-time="2021-06-23 09:01:24Z" end-time="2021-06-23 09:02:22Z" duration="58.546931" asserts="0">
                  <properties>
                    <property name="Category" value="AceModelCategory" />
                  </properties>
                  <output><![CDATA[2021-06-23 09:01:24,395 INFO Configit.TA.Core.Configuration.LogExecutionDetailsAttribute -- ##### Started running  test case: [CreateTextRuleInvalid]
2021-06-23 09:01:24,396 INFO Configit.TA.Tests.TestScenarios.Base.BaseWebTestSuite -- Initializing browser window...
2021-06-23 09:01:24,396 INFO Configit.TA.Core.Extensions.WrappedWebDriver -- Creating webdriver instance...
2021-06-23 09:01:25,641 INFO Configit.TA.Tests.TestScenarios.Base.BaseWebTestSuite -- Browser initialized.
2021-06-23 09:01:25,641 INFO Configit.TA.Tests.TestSteps.BaseStep -- # Executing step: [Login] with parameters: [Admin]
2021-06-23 09:01:30,233 INFO Configit.TA.Tests.TestSteps.BaseStep -- # Executing step: [CreateWorkItemFromHomePage] with parameters: [WI_23062021_090130233, test work item]
2021-06-23 09:01:32,964 INFO Configit.TA.Tests.TestSteps.BaseStep -- # Executing step: [NavigateToWorkItemsPage]
2021-06-23 09:01:34,056 INFO Configit.TA.Tests.TestSteps.BaseStep -- # Executing step: [OpenWorkItemDetails] with parameters: [WI_23062021_090130233]
2021-06-23 09:01:37,866 INFO Configit.TA.Tests.TestSteps.BaseStep -- # Executing step: [AddFeatures] with parameters: [Family code: PCOL Feature codes: ]
2021-06-23 09:01:55,977 INFO Configit.TA.Tests.TestSteps.BaseStep -- # Executing step: [CreateTextRule] with parameters: [Sample Bus, If bmod SEAT86 then color not black, if V950_BM.SEAT86 then not PCOL.GRAY, Job 1, Default End Date, Marketing]
2021-06-23 09:02:06,873 INFO Configit.TA.Tests.TestScenarios.Base.BaseWebTestSuite -- Closing the browser...
2021-06-23 09:02:06,981 INFO Configit.TA.Tests.TestScenarios.Base.BaseWebTestSuite -- Initializing browser window...
2021-06-23 09:02:06,981 INFO Configit.TA.Core.Extensions.WrappedWebDriver -- Creating webdriver instance...
2021-06-23 09:02:08,211 INFO Configit.TA.Tests.TestScenarios.Base.BaseWebTestSuite -- Browser initialized.
2021-06-23 09:02:08,211 INFO Configit.TA.Tests.TestSteps.BaseStep -- # Executing step: [Login] with parameters: [Admin]
2021-06-23 09:02:12,448 INFO Configit.TA.Tests.TestSteps.BaseStep -- # Executing step: [NavigateToWorkItemsPage]
2021-06-23 09:02:13,490 INFO Configit.TA.Tests.TestSteps.BaseStep -- # Executing step: [OpenWorkItemDetails] with parameters: [WI_23062021_090130233]
2021-06-23 09:02:17,074 INFO Configit.TA.Tests.TestSteps.BaseStep -- # Executing step: [CloseWorkItem] with parameters: [WI_23062021_090130233]
2021-06-23 09:02:22,849 INFO Configit.TA.Tests.TestScenarios.Base.BaseWebTestSuite -- Closing the browser...
2021-06-23 09:02:22,946 INFO Configit.TA.Core.Configuration.LogExecutionDetailsAttribute -- ##### Finished running  test case: [CreateTextRuleInvalid]
]]></output>
                </test-case>
                <test-case id="1-1029" name="DefaultsPriorityValidation" fullname="Configit.TA.Tests.TestScenarios.AceModel.RulesDefaultsPrioritiesTestSuite.DefaultsPriorityValidation" methodname="DefaultsPriorityValidation" classname="Configit.TA.Tests.TestScenarios.AceModel.RulesDefaultsPrioritiesTestSuite" runstate="Runnable" seed="1597821143" result="Passed" start-time="2021-06-23 09:02:22Z" end-time="2021-06-23 09:04:46Z" duration="143.779343" asserts="0">
                  <properties>
                    <property name="Category" value="AceModelCategory" />
                  </properties>
                  <output><![CDATA[2021-06-23 09:02:22,946 INFO Configit.TA.Core.Configuration.LogExecutionDetailsAttribute -- ##### Started running  test case: [DefaultsPriorityValidation]
2021-06-23 09:02:22,946 INFO Configit.TA.Tests.TestScenarios.Base.BaseWebTestSuite -- Initializing browser window...
2021-06-23 09:02:22,946 INFO Configit.TA.Core.Extensions.WrappedWebDriver -- Creating webdriver instance...
2021-06-23 09:02:24,165 INFO Configit.TA.Tests.TestScenarios.Base.BaseWebTestSuite -- Browser initialized.
2021-06-23 09:02:24,165 INFO Configit.TA.Tests.TestSteps.BaseStep -- # Executing step: [Login] with parameters: [Admin]
2021-06-23 09:02:28,578 INFO Configit.TA.Tests.TestSteps.BaseStep -- # Executing step: [CreateWorkItemFromHomePage] with parameters: [WI_23062021_090228578, test work item]
2021-06-23 09:02:31,308 INFO Configit.TA.Tests.TestSteps.BaseStep -- # Executing step: [NavigateToWorkItemsPage]
2021-06-23 09:02:32,893 INFO Configit.TA.Tests.TestSteps.BaseStep -- # Executing step: [OpenWorkItemDetails] with parameters: [WI_23062021_090228578]
2021-06-23 09:02:38,768 INFO Configit.TA.Tests.TestSteps.BaseStep -- # Executing step: [CreateDefault] with parameters: [Sample Car 1, Default color based on body style 2, if BODY.[3DR] then PCOL.BLU, Start of Programme, Default End Date, PCOL]
2021-06-23 09:03:12,309 INFO Configit.TA.Tests.TestSteps.BaseStep -- # Executing step: [PrioritizeDefault] with parameters: [Sample Car 1, Default color based on body style 2, Default Color based on body style]
2021-06-23 09:03:23,121 INFO Configit.TA.Tests.TestSteps.BaseStep -- # Executing step: [CompileProduct] with parameters: [Sample Car 1]
2021-06-23 09:04:12,585 INFO Configit.TA.Tests.TestSteps.BaseStep -- # Executing step: [OpenConfiguratorAndSetScope] with parameters: [Sample Car 1, [Market = 'CHN'] [Brochure Model = 'BMOD1'] [Model Year = '21MY'] [Derivative = 'LUX'] [Build Phase = 'MP1BP'] [Build Date = 'DATE:28/06/2021'] ]
2021-06-23 09:04:30,856 INFO Configit.TA.Tests.TestSteps.BaseStep -- # Executing step: [VerifyConfiguratorDefaultValue] with parameters: [Sample Car 1, [PCOL = 'Blue (BLU)'] ]
2021-06-23 09:04:30,988 INFO Configit.TA.Tests.TestScenarios.Base.BaseWebTestSuite -- Closing the browser...
2021-06-23 09:04:31,104 INFO Configit.TA.Tests.TestScenarios.Base.BaseWebTestSuite -- Initializing browser window...
2021-06-23 09:04:31,104 INFO Configit.TA.Core.Extensions.WrappedWebDriver -- Creating webdriver instance...
2021-06-23 09:04:32,376 INFO Configit.TA.Tests.TestScenarios.Base.BaseWebTestSuite -- Browser initialized.
2021-06-23 09:04:32,376 INFO Configit.TA.Tests.TestSteps.BaseStep -- # Executing step: [Login] with parameters: [Admin]
2021-06-23 09:04:36,748 INFO Configit.TA.Tests.TestSteps.BaseStep -- # Executing step: [NavigateToWorkItemsPage]
2021-06-23 09:04:37,809 INFO Configit.TA.Tests.TestSteps.BaseStep -- # Executing step: [OpenWorkItemDetails] with parameters: [WI_23062021_090228578]
2021-06-23 09:04:40,934 INFO Configit.TA.Tests.TestSteps.BaseStep -- # Executing step: [CloseWorkItem] with parameters: [WI_23062021_090228578]
2021-06-23 09:04:46,638 INFO Configit.TA.Tests.TestScenarios.Base.BaseWebTestSuite -- Closing the browser...
2021-06-23 09:04:46,736 INFO Configit.TA.Core.Configuration.LogExecutionDetailsAttribute -- ##### Finished running  test case: [DefaultsPriorityValidation]
]]></output>
                </test-case>
                <test-case id="1-1031" name="FamilyPriorityValidation" fullname="Configit.TA.Tests.TestScenarios.AceModel.RulesDefaultsPrioritiesTestSuite.FamilyPriorityValidation" methodname="FamilyPriorityValidation" classname="Configit.TA.Tests.TestScenarios.AceModel.RulesDefaultsPrioritiesTestSuite" runstate="Runnable" seed="1075097380" result="Failed" label="Error" start-time="2021-06-23 09:04:46Z" end-time="2021-06-23 09:06:17Z" duration="90.610393" asserts="0">
                  <properties>
                    <property name="Category" value="AceModelCategory" />
                  </properties>
                  <failure>
                    <message><![CDATA[System.Exception : Waiting for condition: [WaitUntilIsDisplayed] on object [ButtonDropDown] By: [By.XPath: //div[@class='form-top-bar']//span[contains(@class, 'dropdown')]]... failed after [15] seconds.]]></message>
                    <stack-trace><![CDATA[   at Configit.TA.Core.WaitService.WaitForCondition[T](T obj, Func`2 condition, Int32 maxTimeoutSeconds, Boolean throwException, Action actionAfterCondition) in D:\a\ace-e2e-test\ace-e2e-test\Configit.TestAutomation\Configit.TA.Core\WaitService.cs:line 61
   at Configit.TA.Core.UiElements.UiWebElement.WaitUntil(Func`2 condition, Int32 timeoutInSeconds, Boolean throwException, Action actionAfterCondition) in D:\a\ace-e2e-test\ace-e2e-test\Configit.TestAutomation\Configit.TA.Core\UiElements\UiWebElement.cs:line 301
   at Configit.TA.Core.UiElements.UiWebElement.WaitUntilIsDisplayed(Int32 timeoutInSeconds) in D:\a\ace-e2e-test\ace-e2e-test\Configit.TestAutomation\Configit.TA.Core\UiElements\UiWebElement.cs:line 113
   at Configit.TA.Core.UiElements.UiWebElement.WaitUntilIsClickable() in D:\a\ace-e2e-test\ace-e2e-test\Configit.TestAutomation\Configit.TA.Core\UiElements\UiWebElement.cs:line 156
   at Configit.TA.Core.UiElements.UiWebElement.Click(Boolean additionalScrollTo) in D:\a\ace-e2e-test\ace-e2e-test\Configit.TestAutomation\Configit.TA.Core\UiElements\UiWebElement.cs:line 192
   at Configit.TA.Core.UiElements.ButtonDropDown.SelectElement(String elementName) in D:\a\ace-e2e-test\ace-e2e-test\Configit.TestAutomation\Configit.TA.Core\UiElements\ButtonDropDown.cs:line 22
   at Configit.TA.Tests.TestSteps.ProductDefaultsSteps.PrioritizeFeature(String productName, String familyName, String sourceFeatureName, String targetFeatureName) in D:\a\ace-e2e-test\ace-e2e-test\Configit.TestAutomation\Configit.TA.Tests\TestSteps\ProductDefaultsSteps.cs:line 302
   at Configit.TA.Tests.TestScenarios.AceModel.RulesDefaultsPrioritiesTestSuite.FamilyPriorityValidation() in D:\a\ace-e2e-test\ace-e2e-test\Configit.TestAutomation\Configit.TA.Tests\TestScenarios\AceModel\RulesDefaultsPrioritiesTestSuite.cs:line 290]]></stack-trace>
                  </failure>
                  <output><![CDATA[2021-06-23 09:04:46,736 INFO Configit.TA.Core.Configuration.LogExecutionDetailsAttribute -- ##### Started running  test case: [FamilyPriorityValidation]
2021-06-23 09:04:46,736 INFO Configit.TA.Tests.TestScenarios.Base.BaseWebTestSuite -- Initializing browser window...
2021-06-23 09:04:46,736 INFO Configit.TA.Core.Extensions.WrappedWebDriver -- Creating webdriver instance...
2021-06-23 09:04:47,959 INFO Configit.TA.Tests.TestScenarios.Base.BaseWebTestSuite -- Browser initialized.
2021-06-23 09:04:47,959 INFO Configit.TA.Tests.TestSteps.BaseStep -- # Executing step: [Login] with parameters: [Admin]
2021-06-23 09:04:52,278 INFO Configit.TA.Tests.TestSteps.BaseStep -- # Executing step: [CreateWorkItemFromHomePage] with parameters: [WI_23062021_090452278, test work item]
2021-06-23 09:04:55,018 INFO Configit.TA.Tests.TestSteps.BaseStep -- # Executing step: [NavigateToWorkItemsPage]
2021-06-23 09:04:56,098 INFO Configit.TA.Tests.TestSteps.BaseStep -- # Executing step: [OpenWorkItemDetails] with parameters: [WI_23062021_090452278]
2021-06-23 09:05:02,177 INFO Configit.TA.Tests.TestSteps.BaseStep -- # Executing step: [DisableAllRulesOrDefaults] with parameters: [Fabrics]
2021-06-23 09:05:10,451 INFO Configit.TA.Tests.TestSteps.BaseStep -- # Executing step: [DisableRuleOrDefault] with parameters: [Fabrics, red as primary]
2021-06-23 09:05:17,733 INFO Configit.TA.Tests.TestSteps.BaseStep -- # Executing step: [DisableRuleOrDefault] with parameters: [Fabrics, brown as primary]
2021-06-23 09:05:24,682 INFO Configit.TA.Tests.TestSteps.BaseStep -- # Executing step: [DisableRuleOrDefault] with parameters: [Fabrics, if black then gray and black]
2021-06-23 09:05:30,814 INFO Configit.TA.Tests.TestSteps.BaseStep -- # Executing step: [PrioritizeFeature] with parameters: [Fabrics, RED, BLK]
2021-06-23 09:06:01,714 ERROR Configit.TA.Core.WaitService -- Waiting for condition: [WaitUntilIsDisplayed] on object [ButtonDropDown] By: [By.XPath: //div[@class='form-top-bar']//span[contains(@class, 'dropdown')]]... failed after [15] seconds.
2021-06-23 09:06:01,956 INFO Configit.TA.Core.Extensions.WebDriverExtension -- Screenshot saved: D:\a\ace-e2e-test\ace-e2e-test\Configit.TestAutomation\Configit.TA.Tests\bin\Debug\screenshots\FamilyPriorityValidation1-1031_20210623_090601714.png
2021-06-23 09:06:01,958 INFO Configit.TA.Tests.TestScenarios.Base.BaseWebTestSuite -- Closing the browser...
2021-06-23 09:06:02,054 INFO Configit.TA.Tests.TestScenarios.Base.BaseWebTestSuite -- Initializing browser window...
2021-06-23 09:06:02,054 INFO Configit.TA.Core.Extensions.WrappedWebDriver -- Creating webdriver instance...
2021-06-23 09:06:03,154 INFO Configit.TA.Tests.TestScenarios.Base.BaseWebTestSuite -- Browser initialized.
2021-06-23 09:06:03,154 INFO Configit.TA.Tests.TestSteps.BaseStep -- # Executing step: [Login] with parameters: [Admin]
2021-06-23 09:06:07,310 INFO Configit.TA.Tests.TestSteps.BaseStep -- # Executing step: [NavigateToWorkItemsPage]
2021-06-23 09:06:08,404 INFO Configit.TA.Tests.TestSteps.BaseStep -- # Executing step: [OpenWorkItemDetails] with parameters: [WI_23062021_090452278]
2021-06-23 09:06:11,485 INFO Configit.TA.Tests.TestSteps.BaseStep -- # Executing step: [CloseWorkItem] with parameters: [WI_23062021_090452278]
2021-06-23 09:06:17,257 INFO Configit.TA.Tests.TestScenarios.Base.BaseWebTestSuite -- Closing the browser...
2021-06-23 09:06:17,354 INFO Configit.TA.Core.Configuration.LogExecutionDetailsAttribute -- ##### Finished running  test case: [FamilyPriorityValidation]
]]></output>
                  <attachments>
                    <attachment>
                      <filePath>D:\a\ace-e2e-test\ace-e2e-test\Configit.TestAutomation\Configit.TA.Tests\bin\Debug\screenshots\FamilyPriorityValidation1-1031_20210623_090601714.png</filePath>
                    </attachment>
                  </attachments>
                </test-case>
                <test-case id="1-1030" name="FeaturePriorityValidation" fullname="Configit.TA.Tests.TestScenarios.AceModel.RulesDefaultsPrioritiesTestSuite.FeaturePriorityValidation" methodname="FeaturePriorityValidation" classname="Configit.TA.Tests.TestScenarios.AceModel.RulesDefaultsPrioritiesTestSuite" runstate="Runnable" seed="373253309" result="Failed" label="Error" start-time="2021-06-23 09:06:17Z" end-time="2021-06-23 09:08:06Z" duration="108.909409" asserts="0">
                  <properties>
                    <property name="Category" value="AceModelCategory" />
                  </properties>
                  <failure>
                    <message><![CDATA[System.Exception : Waiting for condition: [WaitUntilIsDisplayed] on object [ButtonDropDown] By: [By.XPath: //div[@class='form-top-bar']//span[contains(@class, 'dropdown')]]... failed after [15] seconds.]]></message>
                    <stack-trace><![CDATA[   at Configit.TA.Core.WaitService.WaitForCondition[T](T obj, Func`2 condition, Int32 maxTimeoutSeconds, Boolean throwException, Action actionAfterCondition) in D:\a\ace-e2e-test\ace-e2e-test\Configit.TestAutomation\Configit.TA.Core\WaitService.cs:line 61
   at Configit.TA.Core.UiElements.UiWebElement.WaitUntil(Func`2 condition, Int32 timeoutInSeconds, Boolean throwException, Action actionAfterCondition) in D:\a\ace-e2e-test\ace-e2e-test\Configit.TestAutomation\Configit.TA.Core\UiElements\UiWebElement.cs:line 301
   at Configit.TA.Core.UiElements.UiWebElement.WaitUntilIsDisplayed(Int32 timeoutInSeconds) in D:\a\ace-e2e-test\ace-e2e-test\Configit.TestAutomation\Configit.TA.Core\UiElements\UiWebElement.cs:line 113
   at Configit.TA.Core.UiElements.UiWebElement.WaitUntilIsClickable() in D:\a\ace-e2e-test\ace-e2e-test\Configit.TestAutomation\Configit.TA.Core\UiElements\UiWebElement.cs:line 156
   at Configit.TA.Core.UiElements.UiWebElement.Click(Boolean additionalScrollTo) in D:\a\ace-e2e-test\ace-e2e-test\Configit.TestAutomation\Configit.TA.Core\UiElements\UiWebElement.cs:line 192
   at Configit.TA.Core.UiElements.ButtonDropDown.SelectElement(String elementName) in D:\a\ace-e2e-test\ace-e2e-test\Configit.TestAutomation\Configit.TA.Core\UiElements\ButtonDropDown.cs:line 22
   at Configit.TA.Tests.TestSteps.ProductDefaultsSteps.PrioritizeFeature(String productName, String familyName, String sourceFeatureName, String targetFeatureName) in D:\a\ace-e2e-test\ace-e2e-test\Configit.TestAutomation\Configit.TA.Tests\TestSteps\ProductDefaultsSteps.cs:line 302
   at Configit.TA.Tests.TestScenarios.AceModel.RulesDefaultsPrioritiesTestSuite.FeaturePriorityValidation() in D:\a\ace-e2e-test\ace-e2e-test\Configit.TestAutomation\Configit.TA.Tests\TestScenarios\AceModel\RulesDefaultsPrioritiesTestSuite.cs:line 258]]></stack-trace>
                  </failure>
                  <output><![CDATA[2021-06-23 09:06:17,354 INFO Configit.TA.Core.Configuration.LogExecutionDetailsAttribute -- ##### Started running  test case: [FeaturePriorityValidation]
2021-06-23 09:06:17,354 INFO Configit.TA.Tests.TestScenarios.Base.BaseWebTestSuite -- Initializing browser window...
2021-06-23 09:06:17,354 INFO Configit.TA.Core.Extensions.WrappedWebDriver -- Creating webdriver instance...
2021-06-23 09:06:18,562 INFO Configit.TA.Tests.TestScenarios.Base.BaseWebTestSuite -- Browser initialized.
2021-06-23 09:06:18,562 INFO Configit.TA.Tests.TestSteps.BaseStep -- # Executing step: [Login] with parameters: [Admin]
2021-06-23 09:06:22,847 INFO Configit.TA.Tests.TestSteps.BaseStep -- # Executing step: [CreateWorkItemFromHomePage] with parameters: [WI_23062021_090622847, test work item]
2021-06-23 09:06:25,582 INFO Configit.TA.Tests.TestSteps.BaseStep -- # Executing step: [NavigateToWorkItemsPage]
2021-06-23 09:06:26,683 INFO Configit.TA.Tests.TestSteps.BaseStep -- # Executing step: [OpenWorkItemDetails] with parameters: [WI_23062021_090622847]
2021-06-23 09:06:32,726 INFO Configit.TA.Tests.TestSteps.BaseStep -- # Executing step: [DisableAllRulesOrDefaults] with parameters: [Fabrics]
2021-06-23 09:06:41,041 INFO Configit.TA.Tests.TestSteps.BaseStep -- # Executing step: [DisableRuleOrDefault] with parameters: [Fabrics, red as primary]
2021-06-23 09:06:48,309 INFO Configit.TA.Tests.TestSteps.BaseStep -- # Executing step: [DisableRuleOrDefault] with parameters: [Fabrics, brown as primary]
2021-06-23 09:06:55,278 INFO Configit.TA.Tests.TestSteps.BaseStep -- # Executing step: [DisableRuleOrDefault] with parameters: [Fabrics, if black then gray and black]
2021-06-23 09:07:01,366 INFO Configit.TA.Tests.TestSteps.BaseStep -- # Executing step: [DisableAllRulesOrDefaults] with parameters: [Fabrics]
2021-06-23 09:07:09,237 INFO Configit.TA.Tests.TestSteps.BaseStep -- # Executing step: [DisableRuleOrDefault] with parameters: [Fabrics, color relations]
2021-06-23 09:07:14,976 INFO Configit.TA.Tests.TestSteps.BaseStep -- # Executing step: [DisableRuleOrDefault] with parameters: [Fabrics, leather only available in some colors]
2021-06-23 09:07:19,761 INFO Configit.TA.Tests.TestSteps.BaseStep -- # Executing step: [PrioritizeFeature] with parameters: [Fabrics, BLUE, BLK]
2021-06-23 09:07:50,422 ERROR Configit.TA.Core.WaitService -- Waiting for condition: [WaitUntilIsDisplayed] on object [ButtonDropDown] By: [By.XPath: //div[@class='form-top-bar']//span[contains(@class, 'dropdown')]]... failed after [15] seconds.
2021-06-23 09:07:50,649 INFO Configit.TA.Core.Extensions.WebDriverExtension -- Screenshot saved: D:\a\ace-e2e-test\ace-e2e-test\Configit.TestAutomation\Configit.TA.Tests\bin\Debug\screenshots\FeaturePriorityValidation1-1030_20210623_090750422.png
2021-06-23 09:07:50,650 INFO Configit.TA.Tests.TestScenarios.Base.BaseWebTestSuite -- Closing the browser...
2021-06-23 09:07:50,765 INFO Configit.TA.Tests.TestScenarios.Base.BaseWebTestSuite -- Initializing browser window...
2021-06-23 09:07:50,765 INFO Configit.TA.Core.Extensions.WrappedWebDriver -- Creating webdriver instance...
2021-06-23 09:07:51,989 INFO Configit.TA.Tests.TestScenarios.Base.BaseWebTestSuite -- Browser initialized.
2021-06-23 09:07:51,989 INFO Configit.TA.Tests.TestSteps.BaseStep -- # Executing step: [Login] with parameters: [Admin]
2021-06-23 09:07:56,176 INFO Configit.TA.Tests.TestSteps.BaseStep -- # Executing step: [NavigateToWorkItemsPage]
2021-06-23 09:07:57,211 INFO Configit.TA.Tests.TestSteps.BaseStep -- # Executing step: [OpenWorkItemDetails] with parameters: [WI_23062021_090622847]
2021-06-23 09:08:00,363 INFO Configit.TA.Tests.TestSteps.BaseStep -- # Executing step: [CloseWorkItem] with parameters: [WI_23062021_090622847]
2021-06-23 09:08:06,181 INFO Configit.TA.Tests.TestScenarios.Base.BaseWebTestSuite -- Closing the browser...
2021-06-23 09:08:06,271 INFO Configit.TA.Core.Configuration.LogExecutionDetailsAttribute -- ##### Finished running  test case: [FeaturePriorityValidation]
]]></output>
                  <attachments>
                    <attachment>
                      <filePath>D:\a\ace-e2e-test\ace-e2e-test\Configit.TestAutomation\Configit.TA.Tests\bin\Debug\screenshots\FeaturePriorityValidation1-1030_20210623_090750422.png</filePath>
                    </attachment>
                  </attachments>
                </test-case>
              </test-suite>
              <test-suite type="TestFixture" id="1-1071" name="WorkItemTestSuite" fullname="Configit.TA.Tests.TestScenarios.AceModel.WorkItemTestSuite" classname="Configit.TA.Tests.TestScenarios.AceModel.WorkItemTestSuite" runstate="Runnable" testcasecount="5" result="Passed" start-time="2021-06-23 09:08:06Z" end-time="2021-06-23 09:13:39Z" duration="333.353819" total="5" passed="5" failed="0" warnings="0" inconclusive="0" skipped="0" asserts="0">
                <properties />
                <output><![CDATA[2021-06-23 09:08:06,271 INFO Configit.TA.Core.Configuration.LogExecutionDetailsAttribute -- ########## Started running  test suite: [WorkItemTestSuite]
2021-06-23 09:13:39,651 INFO Configit.TA.Core.Configuration.LogExecutionDetailsAttribute -- ########## Finished running  test suite: [WorkItemTestSuite]
]]></output>
                <test-case id="1-1074" name="EditNumericRangeWithPromote" fullname="Configit.TA.Tests.TestScenarios.AceModel.WorkItemTestSuite.EditNumericRangeWithPromote" methodname="EditNumericRangeWithPromote" classname="Configit.TA.Tests.TestScenarios.AceModel.WorkItemTestSuite" runstate="Runnable" seed="837007194" result="Passed" start-time="2021-06-23 09:08:06Z" end-time="2021-06-23 09:09:15Z" duration="69.659972" asserts="0">
                  <properties>
                    <property name="Category" value="AceModelCategory" />
                  </properties>
                  <output><![CDATA[2021-06-23 09:08:06,272 INFO Configit.TA.Core.Configuration.LogExecutionDetailsAttribute -- ##### Started running  test case: [EditNumericRangeWithPromote]
2021-06-23 09:08:06,272 INFO Configit.TA.Tests.TestScenarios.Base.BaseWebTestSuite -- Initializing browser window...
2021-06-23 09:08:06,272 INFO Configit.TA.Core.Extensions.WrappedWebDriver -- Creating webdriver instance...
2021-06-23 09:08:07,540 INFO Configit.TA.Tests.TestScenarios.Base.BaseWebTestSuite -- Browser initialized.
2021-06-23 09:08:07,541 INFO Configit.TA.Tests.TestSteps.BaseStep -- # Executing step: [Login] with parameters: [Admin]
2021-06-23 09:08:11,978 INFO Configit.TA.Tests.TestSteps.BaseStep -- # Executing step: [CreateWorkItemFromHomePage] with parameters: [WI_23062021_090807541, test work item]
2021-06-23 09:08:14,709 INFO Configit.TA.Tests.TestSteps.BaseStep -- # Executing step: [NavigateToWorkItemsPage]
2021-06-23 09:08:15,801 INFO Configit.TA.Tests.TestSteps.BaseStep -- # Executing step: [OpenWorkItemDetails] with parameters: [WI_23062021_090807541]
2021-06-23 09:08:19,646 INFO Configit.TA.Tests.TestSteps.BaseStep -- # Executing step: [FindFeatureInLibrary] with parameters: [NFAMX_230621090807]
2021-06-23 09:08:30,234 INFO Configit.TA.Tests.TestSteps.BaseStep -- # Executing step: [CreateNumericFamily] with parameters: [[Code = 'NFAMX_230621090807'] [Description = 'Test numeric family 1'] [Precision = '0'] [MinValue = '10'] [MaxValue = '20'] ]
2021-06-23 09:08:35,937 INFO Configit.TA.Tests.TestSteps.BaseStep -- # Executing step: [EditItemInLibrary] with parameters: [NFAMX_230621090807, [MinValue = '0'] [MaxValue = '50'] ]
2021-06-23 09:08:35,937 INFO Configit.TA.Tests.TestSteps.BaseStep -- # Executing step: [FindFeatureInLibrary] with parameters: [NFAMX_230621090807]
2021-06-23 09:08:49,952 INFO Configit.TA.Tests.TestSteps.BaseStep -- # Executing step: [NavigateToWorkItemsPage]
2021-06-23 09:08:50,960 INFO Configit.TA.Tests.TestSteps.BaseStep -- # Executing step: [OpenWorkItemDetails] with parameters: [WI_23062021_090807541]
2021-06-23 09:08:54,874 INFO Configit.TA.Tests.TestSteps.BaseStep -- # Executing step: [PromoteWorkItem] with parameters: [WI_23062021_090807541]
2021-06-23 09:09:02,963 INFO Configit.TA.Tests.TestSteps.BaseStep -- # Executing step: [EditItemInLibrary] with parameters: [NFAMX_230621090807, [MaxValue = '60'] [Allowed Values = '0 to 50'] ]
2021-06-23 09:09:02,963 INFO Configit.TA.Tests.TestSteps.BaseStep -- # Executing step: [FindFeatureInLibrary] with parameters: [NFAMX_230621090807]
2021-06-23 09:09:15,822 INFO Configit.TA.Tests.TestScenarios.Base.BaseWebTestSuite -- Closing the browser...
2021-06-23 09:09:15,937 INFO Configit.TA.Core.Configuration.LogExecutionDetailsAttribute -- ##### Finished running  test case: [EditNumericRangeWithPromote]
]]></output>
                </test-case>
                <test-case id="1-1073" name="PromoteAndTryEditFamily" fullname="Configit.TA.Tests.TestScenarios.AceModel.WorkItemTestSuite.PromoteAndTryEditFamily" methodname="PromoteAndTryEditFamily" classname="Configit.TA.Tests.TestScenarios.AceModel.WorkItemTestSuite" runstate="Runnable" seed="1940681648" result="Passed" start-time="2021-06-23 09:09:15Z" end-time="2021-06-23 09:09:58Z" duration="42.579855" asserts="0">
                  <properties>
                    <property name="Category" value="AceModelCategory" />
                  </properties>
                  <output><![CDATA[2021-06-23 09:09:15,937 INFO Configit.TA.Core.Configuration.LogExecutionDetailsAttribute -- ##### Started running  test case: [PromoteAndTryEditFamily]
2021-06-23 09:09:15,937 INFO Configit.TA.Tests.TestScenarios.Base.BaseWebTestSuite -- Initializing browser window...
2021-06-23 09:09:15,937 INFO Configit.TA.Core.Extensions.WrappedWebDriver -- Creating webdriver instance...
2021-06-23 09:09:17,165 INFO Configit.TA.Tests.TestScenarios.Base.BaseWebTestSuite -- Browser initialized.
2021-06-23 09:09:17,165 INFO Configit.TA.Tests.TestSteps.BaseStep -- # Executing step: [Login] with parameters: [Admin]
2021-06-23 09:09:21,520 INFO Configit.TA.Tests.TestSteps.BaseStep -- # Executing step: [CreateWorkItemFromHomePage] with parameters: [WI_23062021_090921520, test work item]
2021-06-23 09:09:24,223 INFO Configit.TA.Tests.TestSteps.BaseStep -- # Executing step: [NavigateToWorkItemsPage]
2021-06-23 09:09:25,302 INFO Configit.TA.Tests.TestSteps.BaseStep -- # Executing step: [OpenWorkItemDetails] with parameters: [WI_23062021_090921520]
2021-06-23 09:09:28,639 INFO Configit.TA.Tests.TestSteps.BaseStep -- # Executing step: [CreateFeatureFamily] with parameters: [X_230621090917, Sample family, Feature]
2021-06-23 09:09:34,207 INFO Configit.TA.Tests.TestSteps.BaseStep -- # Executing step: [NavigateToWorkItemsPage]
2021-06-23 09:09:35,100 INFO Configit.TA.Tests.TestSteps.BaseStep -- # Executing step: [OpenWorkItemDetails] with parameters: [WI_23062021_090921520]
2021-06-23 09:09:38,733 INFO Configit.TA.Tests.TestSteps.BaseStep -- # Executing step: [PromoteWorkItem] with parameters: [WI_23062021_090921520]
2021-06-23 09:09:45,908 INFO Configit.TA.Tests.TestSteps.BaseStep -- # Executing step: [EditItemInLibrary] with parameters: [X_230621090917, ]
2021-06-23 09:09:45,908 INFO Configit.TA.Tests.TestSteps.BaseStep -- # Executing step: [FindFeatureInLibrary] with parameters: [X_230621090917]
2021-06-23 09:09:58,412 INFO Configit.TA.Tests.TestScenarios.Base.BaseWebTestSuite -- Closing the browser...
2021-06-23 09:09:58,521 INFO Configit.TA.Core.Configuration.LogExecutionDetailsAttribute -- ##### Finished running  test case: [PromoteAndTryEditFamily]
]]></output>
                </test-case>
                <test-case id="1-1075" name="PromoteAndUpdateWorkItem" fullname="Configit.TA.Tests.TestScenarios.AceModel.WorkItemTestSuite.PromoteAndUpdateWorkItem" methodname="PromoteAndUpdateWorkItem" classname="Configit.TA.Tests.TestScenarios.AceModel.WorkItemTestSuite" runstate="Runnable" seed="960471747" result="Passed" start-time="2021-06-23 09:09:58Z" end-time="2021-06-23 09:11:25Z" duration="87.455428" asserts="0">
                  <properties>
                    <property name="Category" value="AceModelCategory" />
                  </properties>
                  <output><![CDATA[2021-06-23 09:09:58,521 INFO Configit.TA.Core.Configuration.LogExecutionDetailsAttribute -- ##### Started running  test case: [PromoteAndUpdateWorkItem]
2021-06-23 09:09:58,521 INFO Configit.TA.Tests.TestScenarios.Base.BaseWebTestSuite -- Initializing browser window...
2021-06-23 09:09:58,521 INFO Configit.TA.Core.Extensions.WrappedWebDriver -- Creating webdriver instance...
2021-06-23 09:09:59,780 INFO Configit.TA.Tests.TestScenarios.Base.BaseWebTestSuite -- Browser initialized.
2021-06-23 09:09:59,781 INFO Configit.TA.Tests.TestSteps.BaseStep -- # Executing step: [Login] with parameters: [Admin]
2021-06-23 09:10:04,232 INFO Configit.TA.Tests.TestSteps.BaseStep -- # Executing step: [CreateWorkItemFromHomePage] with parameters: [WI1_23062021_090959781, test work item 1]
2021-06-23 09:10:06,977 INFO Configit.TA.Tests.TestSteps.BaseStep -- # Executing step: [NavigateToWorkItemsPage]
2021-06-23 09:10:08,075 INFO Configit.TA.Tests.TestSteps.BaseStep -- # Executing step: [OpenWorkItemDetails] with parameters: [WI1_23062021_090959781]
2021-06-23 09:10:11,892 INFO Configit.TA.Tests.TestSteps.BaseStep -- # Executing step: [CreateWorkItemFromHomePage] with parameters: [WI2_23062021_090959781, test work item 2]
2021-06-23 09:10:15,085 INFO Configit.TA.Tests.TestSteps.BaseStep -- # Executing step: [NavigateToWorkItemsPage]
2021-06-23 09:10:16,083 INFO Configit.TA.Tests.TestSteps.BaseStep -- # Executing step: [OpenWorkItemDetails] with parameters: [WI2_23062021_090959781]
2021-06-23 09:10:22,119 INFO Configit.TA.Tests.TestSteps.BaseStep -- # Executing step: [CreateBrand] with parameters: [BR_230621090959, E2E test brand]
2021-06-23 09:10:22,119 INFO Configit.TA.Tests.TestSteps.BaseStep -- # Executing step: [CreateFeatureFromMainPage] with parameters: [BR_230621090959, E2E test brand, Brand]
2021-06-23 09:10:36,041 INFO Configit.TA.Tests.TestSteps.BaseStep -- # Executing step: [NavigateToWorkItemsPage]
2021-06-23 09:10:36,963 INFO Configit.TA.Tests.TestSteps.BaseStep -- # Executing step: [OpenWorkItemDetails] with parameters: [WI1_23062021_090959781]
2021-06-23 09:10:40,726 INFO Configit.TA.Tests.TestSteps.BaseStep -- # Executing step: [PromoteWorkItem] with parameters: [WI1_23062021_090959781]
2021-06-23 09:10:50,662 INFO Configit.TA.Tests.TestSteps.BaseStep -- # Executing step: [NavigateToWorkItemsPage]
2021-06-23 09:10:51,605 INFO Configit.TA.Tests.TestSteps.BaseStep -- # Executing step: [OpenWorkItemDetails] with parameters: [WI2_23062021_090959781]
2021-06-23 09:10:55,004 INFO Configit.TA.Tests.TestSteps.BaseStep -- # Executing step: [UpdateWorkitem] with parameters: [WI2_23062021_090959781]
2021-06-23 09:10:57,347 INFO Configit.TA.Tests.TestSteps.BaseStep -- # Executing step: [FindFeatureInLibrary] with parameters: [BR_230621090959]
2021-06-23 09:11:15,071 INFO Configit.TA.Tests.TestSteps.BaseStep -- # Executing step: [NavigateToWorkItemsPage]
2021-06-23 09:11:16,465 INFO Configit.TA.Tests.TestSteps.BaseStep -- # Executing step: [OpenWorkItemDetails] with parameters: [WI2_23062021_090959781]
2021-06-23 09:11:19,539 INFO Configit.TA.Tests.TestSteps.BaseStep -- # Executing step: [CloseWorkItem] with parameters: [WI2_23062021_090959781]
2021-06-23 09:11:25,853 INFO Configit.TA.Tests.TestScenarios.Base.BaseWebTestSuite -- Closing the browser...
2021-06-23 09:11:25,982 INFO Configit.TA.Core.Configuration.LogExecutionDetailsAttribute -- ##### Finished running  test case: [PromoteAndUpdateWorkItem]
]]></output>
                </test-case>
                <test-case id="1-1072" name="PromoteWorkItem" fullname="Configit.TA.Tests.TestScenarios.AceModel.WorkItemTestSuite.PromoteWorkItem" methodname="PromoteWorkItem" classname="Configit.TA.Tests.TestScenarios.AceModel.WorkItemTestSuite" runstate="Runnable" seed="165603791" result="Passed" start-time="2021-06-23 09:11:25Z" end-time="2021-06-23 09:12:00Z" duration="34.587373" asserts="0">
                  <properties>
                    <property name="Category" value="AceModelCategory" />
                  </properties>
                  <output><![CDATA[2021-06-23 09:11:25,982 INFO Configit.TA.Core.Configuration.LogExecutionDetailsAttribute -- ##### Started running  test case: [PromoteWorkItem]
2021-06-23 09:11:25,982 INFO Configit.TA.Tests.TestScenarios.Base.BaseWebTestSuite -- Initializing browser window...
2021-06-23 09:11:25,982 INFO Configit.TA.Core.Extensions.WrappedWebDriver -- Creating webdriver instance...
2021-06-23 09:11:27,209 INFO Configit.TA.Tests.TestScenarios.Base.BaseWebTestSuite -- Browser initialized.
2021-06-23 09:11:27,210 INFO Configit.TA.Tests.TestSteps.BaseStep -- # Executing step: [Login] with parameters: [Admin]
2021-06-23 09:11:31,953 INFO Configit.TA.Tests.TestSteps.BaseStep -- # Executing step: [CreateWorkItemFromHomePage] with parameters: [WI_23062021_091131953, test work item]
2021-06-23 09:11:34,677 INFO Configit.TA.Tests.TestSteps.BaseStep -- # Executing step: [NavigateToWorkItemsPage]
2021-06-23 09:11:35,764 INFO Configit.TA.Tests.TestSteps.BaseStep -- # Executing step: [OpenWorkItemDetails] with parameters: [WI_23062021_091131953]
2021-06-23 09:11:38,948 INFO Configit.TA.Tests.TestSteps.BaseStep -- # Executing step: [NavigateToWorkItemsPage]
2021-06-23 09:11:39,776 INFO Configit.TA.Tests.TestSteps.BaseStep -- # Executing step: [OpenWorkItemDetails] with parameters: [WI_23062021_091131953]
2021-06-23 09:11:42,982 INFO Configit.TA.Tests.TestSteps.BaseStep -- # Executing step: [PromoteWorkItem] with parameters: [WI_23062021_091131953]
2021-06-23 09:11:43,700 INFO Configit.TA.Tests.TestSteps.BaseStep -- # Executing step: [CreateFeatureFamily] with parameters: [X_230621091143, Sample family, Feature]
2021-06-23 09:11:49,313 INFO Configit.TA.Tests.TestSteps.BaseStep -- # Executing step: [NavigateToWorkItemsPage]
2021-06-23 09:11:50,249 INFO Configit.TA.Tests.TestSteps.BaseStep -- # Executing step: [OpenWorkItemDetails] with parameters: [WI_23062021_091131953]
2021-06-23 09:11:53,418 INFO Configit.TA.Tests.TestSteps.BaseStep -- # Executing step: [PromoteWorkItem] with parameters: [WI_23062021_091131953]
2021-06-23 09:12:00,473 INFO Configit.TA.Tests.TestScenarios.Base.BaseWebTestSuite -- Closing the browser...
2021-06-23 09:12:00,572 INFO Configit.TA.Core.Configuration.LogExecutionDetailsAttribute -- ##### Finished running  test case: [PromoteWorkItem]
]]></output>
                </test-case>
                <test-case id="1-1076" name="ResolveConflictBetweenWorkItems" fullname="Configit.TA.Tests.TestScenarios.AceModel.WorkItemTestSuite.ResolveConflictBetweenWorkItems" methodname="ResolveConflictBetweenWorkItems" classname="Configit.TA.Tests.TestScenarios.AceModel.WorkItemTestSuite" runstate="Runnable" seed="508325303" result="Passed" start-time="2021-06-23 09:12:00Z" end-time="2021-06-23 09:13:39Z" duration="99.070686" asserts="0">
                  <properties>
                    <property name="Category" value="AceModelCategory" />
                  </properties>
                  <output><![CDATA[2021-06-23 09:12:00,572 INFO Configit.TA.Core.Configuration.LogExecutionDetailsAttribute -- ##### Started running  test case: [ResolveConflictBetweenWorkItems]
2021-06-23 09:12:00,572 INFO Configit.TA.Tests.TestScenarios.Base.BaseWebTestSuite -- Initializing browser window...
2021-06-23 09:12:00,572 INFO Configit.TA.Core.Extensions.WrappedWebDriver -- Creating webdriver instance...
2021-06-23 09:12:01,751 INFO Configit.TA.Tests.TestScenarios.Base.BaseWebTestSuite -- Browser initialized.
2021-06-23 09:12:01,752 INFO Configit.TA.Tests.TestSteps.BaseStep -- # Executing step: [Login] with parameters: [Admin]
2021-06-23 09:12:06,063 INFO Configit.TA.Tests.TestSteps.BaseStep -- # Executing step: [CreateWorkItemFromHomePage] with parameters: [WI1_23062021_091201752, test work item 1]
2021-06-23 09:12:08,848 INFO Configit.TA.Tests.TestSteps.BaseStep -- # Executing step: [NavigateToWorkItemsPage]
2021-06-23 09:12:09,950 INFO Configit.TA.Tests.TestSteps.BaseStep -- # Executing step: [OpenWorkItemDetails] with parameters: [WI1_23062021_091201752]
2021-06-23 09:12:13,875 INFO Configit.TA.Tests.TestSteps.BaseStep -- # Executing step: [CreateWorkItemFromHomePage] with parameters: [WI2_23062021_091201752, test work item 2]
2021-06-23 09:12:17,030 INFO Configit.TA.Tests.TestSteps.BaseStep -- # Executing step: [NavigateToWorkItemsPage]
2021-06-23 09:12:18,019 INFO Configit.TA.Tests.TestSteps.BaseStep -- # Executing step: [OpenWorkItemDetails] with parameters: [WI2_23062021_091201752]
2021-06-23 09:12:24,471 INFO Configit.TA.Tests.TestSteps.BaseStep -- # Executing step: [CreateBrand] with parameters: [BR_230621091201, E2E test brand original]
2021-06-23 09:12:24,471 INFO Configit.TA.Tests.TestSteps.BaseStep -- # Executing step: [CreateFeatureFromMainPage] with parameters: [BR_230621091201, E2E test brand original, Brand]
2021-06-23 09:12:37,295 INFO Configit.TA.Tests.TestSteps.BaseStep -- # Executing step: [NavigateToWorkItemsPage]
2021-06-23 09:12:38,220 INFO Configit.TA.Tests.TestSteps.BaseStep -- # Executing step: [OpenWorkItemDetails] with parameters: [WI1_23062021_091201752]
2021-06-23 09:12:42,002 INFO Configit.TA.Tests.TestSteps.BaseStep -- # Executing step: [PromoteWorkItem] with parameters: [WI1_23062021_091201752]
2021-06-23 09:12:51,739 INFO Configit.TA.Tests.TestSteps.BaseStep -- # Executing step: [CreateBrand] with parameters: [BR_230621091201, E2E test brand conflicting]
2021-06-23 09:12:51,739 INFO Configit.TA.Tests.TestSteps.BaseStep -- # Executing step: [CreateFeatureFromMainPage] with parameters: [BR_230621091201, E2E test brand conflicting, Brand]
2021-06-23 09:13:04,470 INFO Configit.TA.Tests.TestSteps.BaseStep -- # Executing step: [NavigateToWorkItemsPage]
2021-06-23 09:13:05,373 INFO Configit.TA.Tests.TestSteps.BaseStep -- # Executing step: [OpenWorkItemDetails] with parameters: [WI2_23062021_091201752]
2021-06-23 09:13:08,784 INFO Configit.TA.Tests.TestSteps.BaseStep -- # Executing step: [UpdateWorkitem] with parameters: [WI2_23062021_091201752]
2021-06-23 09:13:12,269 INFO Configit.TA.Tests.TestSteps.BaseStep -- # Executing step: [FindFeatureInLibrary] with parameters: [E2E test brand original]
2021-06-23 09:13:28,916 INFO Configit.TA.Tests.TestSteps.BaseStep -- # Executing step: [NavigateToWorkItemsPage]
2021-06-23 09:13:30,288 INFO Configit.TA.Tests.TestSteps.BaseStep -- # Executing step: [OpenWorkItemDetails] with parameters: [WI2_23062021_091201752]
2021-06-23 09:13:33,410 INFO Configit.TA.Tests.TestSteps.BaseStep -- # Executing step: [CloseWorkItem] with parameters: [WI2_23062021_091201752]
2021-06-23 09:13:39,474 INFO Configit.TA.Tests.TestScenarios.Base.BaseWebTestSuite -- Closing the browser...
2021-06-23 09:13:39,651 INFO Configit.TA.Core.Configuration.LogExecutionDetailsAttribute -- ##### Finished running  test case: [ResolveConflictBetweenWorkItems]
]]></output>
                </test-case>
              </test-suite>
              <test-suite type="TestFixture" id="1-1077" name="XmlTestSuite" fullname="Configit.TA.Tests.TestScenarios.AceModel.XmlTestSuite" classname="Configit.TA.Tests.TestScenarios.AceModel.XmlTestSuite" runstate="Runnable" testcasecount="1" result="Passed" start-time="2021-06-23 09:13:39Z" end-time="2021-06-23 09:16:07Z" duration="147.994130" total="1" passed="1" failed="0" warnings="0" inconclusive="0" skipped="0" asserts="0">
                <properties />
                <output><![CDATA[2021-06-23 09:13:39,651 INFO Configit.TA.Core.Configuration.LogExecutionDetailsAttribute -- ########## Started running  test suite: [XmlTestSuite]
2021-06-23 09:16:07,657 INFO Configit.TA.Core.Configuration.LogExecutionDetailsAttribute -- ########## Finished running  test suite: [XmlTestSuite]
]]></output>
                <test-case id="1-1078" name="ImportAndVerifyFeaturesAndFamilies" fullname="Configit.TA.Tests.TestScenarios.AceModel.XmlTestSuite.ImportAndVerifyFeaturesAndFamilies" methodname="ImportAndVerifyFeaturesAndFamilies" classname="Configit.TA.Tests.TestScenarios.AceModel.XmlTestSuite" runstate="Runnable" seed="403412450" result="Passed" start-time="2021-06-23 09:13:39Z" end-time="2021-06-23 09:16:07Z" duration="147.993757" asserts="0">
                  <properties>
                    <property name="Category" value="AceModelCategory" />
                  </properties>
                  <output><![CDATA[2021-06-23 09:13:39,651 INFO Configit.TA.Core.Configuration.LogExecutionDetailsAttribute -- ##### Started running  test case: [ImportAndVerifyFeaturesAndFamilies]
2021-06-23 09:13:39,651 INFO Configit.TA.Tests.TestScenarios.Base.BaseWebTestSuite -- Initializing browser window...
2021-06-23 09:13:39,651 INFO Configit.TA.Core.Extensions.WrappedWebDriver -- Creating webdriver instance...
2021-06-23 09:13:40,873 INFO Configit.TA.Tests.TestScenarios.Base.BaseWebTestSuite -- Browser initialized.
2021-06-23 09:13:40,873 INFO Configit.TA.Tests.TestSteps.BaseStep -- # Executing step: [Login] with parameters: [Admin]
2021-06-23 09:13:45,462 INFO Configit.TA.Tests.TestSteps.BaseStep -- # Executing step: [CreateWorkItemFromHomePage] with parameters: [WI_23062021_091345462, XML tests work item]
2021-06-23 09:13:48,208 INFO Configit.TA.Tests.TestSteps.BaseStep -- # Executing step: [NavigateToWorkItemsPage]
2021-06-23 09:13:49,310 INFO Configit.TA.Tests.TestSteps.BaseStep -- # Executing step: [OpenWorkItemDetails] with parameters: [WI_23062021_091345462]
2021-06-23 09:13:52,471 INFO Configit.TA.Tests.TestSteps.BaseStep -- # Executing step: [ImportXmlFile] with parameters: [D:\a\ace-e2e-test\ace-e2e-test\Configit.TestAutomation\Configit.TA.Tests\bin\Debug\TestData\ImportAndVerifyFeaturesAndFamilies_workitem478.xml]
2021-06-23 09:14:07,393 INFO Configit.TA.Tests.TestSteps.BaseStep -- # Executing step: [NavigateToWorkItemsPage]
2021-06-23 09:14:08,407 INFO Configit.TA.Tests.TestSteps.BaseStep -- # Executing step: [OpenWorkItemDetails] with parameters: [WI_23062021_091345462]
2021-06-23 09:14:11,446 INFO Configit.TA.Tests.TestSteps.BaseStep -- # Executing step: [UpdateWorkitem] with parameters: [WI_23062021_091345462]
2021-06-23 09:14:13,837 INFO Configit.TA.Tests.TestSteps.BaseStep -- # Executing step: [VerifyFamiliesAndFeatures]
2021-06-23 09:16:05,543 INFO Configit.TA.Tests.TestScenarios.Base.BaseWebTestSuite -- Closing the browser...
2021-06-23 09:16:05,643 INFO Configit.TA.Tests.TestScenarios.Base.BaseWebTestSuite -- Closing the browser...
2021-06-23 09:16:07,656 INFO Configit.TA.Core.Configuration.LogExecutionDetailsAttribute -- ##### Finished running  test case: [ImportAndVerifyFeaturesAndFamilies]
]]></output>
                </test-case>
              </test-suite>
            </test-suite>
            <test-suite type="TestSuite" id="1-1086" name="Api" fullname="Configit.TA.Tests.TestScenarios.Api" runstate="Runnable" testcasecount="7" result="Passed" start-time="2021-06-23 08:20:09Z" end-time="2021-06-23 09:20:45Z" duration="3635.716205" total="7" passed="7" failed="0" warnings="0" inconclusive="0" skipped="0" asserts="150">
              <properties />
              <test-suite type="TestFixture" id="1-1013" name="AceModelRestApiTestSuite" fullname="Configit.TA.Tests.TestScenarios.Api.AceModelRestApiTestSuite" classname="Configit.TA.Tests.TestScenarios.Api.AceModelRestApiTestSuite" runstate="Runnable" testcasecount="7" result="Passed" start-time="2021-06-23 09:16:07Z" end-time="2021-06-23 09:20:45Z" duration="277.448322" total="7" passed="7" failed="0" warnings="0" inconclusive="0" skipped="0" asserts="150">
                <properties />
                <test-case id="1-1020" name="AdminActionsImport" fullname="Configit.TA.Tests.TestScenarios.Api.AceModelRestApiTestSuite.AdminActionsImport" methodname="AdminActionsImport" classname="Configit.TA.Tests.TestScenarios.Api.AceModelRestApiTestSuite" runstate="Runnable" seed="1854394345" result="Passed" start-time="2021-06-23 09:16:07Z" end-time="2021-06-23 09:16:10Z" duration="2.390695" asserts="0">
                  <properties />
                </test-case>
                <test-case id="1-1018" name="FamiliesEndpoint" fullname="Configit.TA.Tests.TestScenarios.Api.AceModelRestApiTestSuite.FamiliesEndpoint" methodname="FamiliesEndpoint" classname="Configit.TA.Tests.TestScenarios.Api.AceModelRestApiTestSuite" runstate="Runnable" seed="546388365" result="Passed" start-time="2021-06-23 09:16:10Z" end-time="2021-06-23 09:16:15Z" duration="5.449381" asserts="12">
                  <properties />
                </test-case>
                <test-case id="1-1019" name="FamiliesEndpointFilters" fullname="Configit.TA.Tests.TestScenarios.Api.AceModelRestApiTestSuite.FamiliesEndpointFilters" methodname="FamiliesEndpointFilters" classname="Configit.TA.Tests.TestScenarios.Api.AceModelRestApiTestSuite" runstate="Runnable" seed="970709730" result="Passed" start-time="2021-06-23 09:16:15Z" end-time="2021-06-23 09:17:00Z" duration="44.861072" asserts="36">
                  <properties />
                </test-case>
                <test-case id="1-1016" name="FeaturesEndpoint" fullname="Configit.TA.Tests.TestScenarios.Api.AceModelRestApiTestSuite.FeaturesEndpoint" methodname="FeaturesEndpoint" classname="Configit.TA.Tests.TestScenarios.Api.AceModelRestApiTestSuite" runstate="Runnable" seed="2134680989" result="Passed" start-time="2021-06-23 09:17:00Z" end-time="2021-06-23 09:17:04Z" duration="4.222168" asserts="14">
                  <properties />
                </test-case>
                <test-case id="1-1017" name="FeaturesEndpointFilters" fullname="Configit.TA.Tests.TestScenarios.Api.AceModelRestApiTestSuite.FeaturesEndpointFilters" methodname="FeaturesEndpointFilters" classname="Configit.TA.Tests.TestScenarios.Api.AceModelRestApiTestSuite" runstate="Runnable" seed="202846130" result="Passed" start-time="2021-06-23 09:17:04Z" end-time="2021-06-23 09:20:32Z" duration="208.238283" asserts="44">
                  <properties />
                </test-case>
                <test-case id="1-1014" name="WorkItemsEndpoint" fullname="Configit.TA.Tests.TestScenarios.Api.AceModelRestApiTestSuite.WorkItemsEndpoint" methodname="WorkItemsEndpoint" classname="Configit.TA.Tests.TestScenarios.Api.AceModelRestApiTestSuite" runstate="Runnable" seed="614093550" result="Passed" start-time="2021-06-23 09:20:32Z" end-time="2021-06-23 09:20:36Z" duration="3.903849" asserts="32">
                  <properties />
                </test-case>
                <test-case id="1-1015" name="WorkItemsEndpointFilters" fullname="Configit.TA.Tests.TestScenarios.Api.AceModelRestApiTestSuite.WorkItemsEndpointFilters" methodname="WorkItemsEndpointFilters" classname="Configit.TA.Tests.TestScenarios.Api.AceModelRestApiTestSuite" runstate="Runnable" seed="399161480" result="Passed" start-time="2021-06-23 09:20:36Z" end-time="2021-06-23 09:20:45Z" duration="8.374652" asserts="12">
                  <properties />
                </test-case>
              </test-suite>
            </test-suite>
            <test-suite type="TestSuite" id="1-1085" name="IntegrationTests" fullname="Configit.TA.Tests.TestScenarios.IntegrationTests" runstate="Runnable" testcasecount="6" result="Failed" site="Child" start-time="2021-06-23 08:20:09Z" end-time="2021-06-23 09:30:18Z" duration="4209.503318" total="6" passed="1" failed="5" warnings="0" inconclusive="0" skipped="0" asserts="0">
              <properties />
              <failure>
                <message><![CDATA[One or more child tests had errors]]></message>
              </failure>
              <test-suite type="TestFixture" id="1-1011" name="BasicIntegrationSuite" fullname="Configit.TA.Tests.TestScenarios.IntegrationTests.BasicIntegrationSuite" classname="Configit.TA.Tests.TestScenarios.IntegrationTests.BasicIntegrationSuite" runstate="Runnable" testcasecount="1" result="Passed" start-time="2021-06-23 09:20:45Z" end-time="2021-06-23 09:25:36Z" duration="291.139311" total="1" passed="1" failed="0" warnings="0" inconclusive="0" skipped="0" asserts="0">
                <properties />
                <output><![CDATA[2021-06-23 09:20:45,124 INFO Configit.TA.Core.Configuration.LogExecutionDetailsAttribute -- ########## Started running  test suite: [BasicIntegrationSuite]
2021-06-23 09:25:36,286 INFO Configit.TA.Core.Configuration.LogExecutionDetailsAttribute -- ########## Finished running  test suite: [BasicIntegrationSuite]
]]></output>
                <test-case id="1-1012" name="ProductModelBasicFullFlow" fullname="Configit.TA.Tests.TestScenarios.IntegrationTests.BasicIntegrationSuite.ProductModelBasicFullFlow" methodname="ProductModelBasicFullFlow" classname="Configit.TA.Tests.TestScenarios.IntegrationTests.BasicIntegrationSuite" runstate="Runnable" seed="1923967757" result="Passed" start-time="2021-06-23 09:20:45Z" end-time="2021-06-23 09:25:36Z" duration="291.138873" asserts="0">
                  <properties>
                    <property name="Category" value="AceE2E" />
                  </properties>
                  <output><![CDATA[2021-06-23 09:20:45,124 INFO Configit.TA.Core.Configuration.LogExecutionDetailsAttribute -- ##### Started running  test case: [ProductModelBasicFullFlow]
2021-06-23 09:20:45,124 INFO Configit.TA.Tests.TestScenarios.Base.BaseWebTestSuite -- Initializing browser window...
2021-06-23 09:20:45,124 INFO Configit.TA.Core.Extensions.WrappedWebDriver -- Creating webdriver instance...
2021-06-23 09:20:46,455 INFO Configit.TA.Tests.TestScenarios.Base.BaseWebTestSuite -- Browser initialized.
2021-06-23 09:20:46,456 INFO Configit.TA.Tests.TestSteps.BaseStep -- # Executing step: [Login] with parameters: [Admin]
2021-06-23 09:20:50,700 INFO Configit.TA.Tests.TestSteps.BaseStep -- # Executing step: [CreateWorkItemFromHomePage] with parameters: [WI_23062021_092050700, test work item]
2021-06-23 09:20:53,423 INFO Configit.TA.Tests.TestSteps.BaseStep -- # Executing step: [NavigateToWorkItemsPage]
2021-06-23 09:20:54,525 INFO Configit.TA.Tests.TestSteps.BaseStep -- # Executing step: [OpenWorkItemDetails] with parameters: [WI_23062021_092050700]
2021-06-23 09:21:01,032 INFO Configit.TA.Tests.TestSteps.BaseStep -- # Executing step: [CreateBrand] with parameters: [RCKTBRND_495, Rocket Brand E2E]
2021-06-23 09:21:01,032 INFO Configit.TA.Tests.TestSteps.BaseStep -- # Executing step: [CreateFeatureFromMainPage] with parameters: [RCKTBRND_495, Rocket Brand E2E, Brand]
2021-06-23 09:21:15,610 INFO Configit.TA.Tests.TestSteps.BaseStep -- # Executing step: [CreateFeatureFamily] with parameters: [RCKENG_495, Rocket Engines E2E, Feature]
2021-06-23 09:21:21,704 INFO Configit.TA.Tests.TestSteps.BaseStep -- # Executing step: [CreateFeaturesFromFamilyView] with parameters: [Family code: RCKENG_495 Feature codes: RCKENG1_495,RCKENG2_495]
2021-06-23 09:21:24,323 INFO Configit.TA.Tests.TestSteps.BaseStep -- # Executing step: [CreateFeatureFamily] with parameters: [CBNFAM_495, Cabin Type, Feature]
2021-06-23 09:21:29,705 INFO Configit.TA.Tests.TestSteps.BaseStep -- # Executing step: [CreateFeaturesFromFamilyView] with parameters: [Family code: CBNFAM_495 Feature codes: CBNFAM1_495,CBNFAM2_495]
2021-06-23 09:21:32,153 INFO Configit.TA.Tests.TestSteps.BaseStep -- # Executing step: [CreateFeatureFamily] with parameters: [RCKBMOD_495, Rocket brochure models, Brochure Model]
2021-06-23 09:21:37,598 INFO Configit.TA.Tests.TestSteps.BaseStep -- # Executing step: [CreateFeaturesFromFamilyView] with parameters: [Family code: RCKBMOD_495 Feature codes: RCKBMOD1_495,RCKBMOD2_495,RCKBMOD3_495,RCKBMOD4_495]
2021-06-23 09:21:41,324 INFO Configit.TA.Tests.TestSteps.BaseStep -- # Executing step: [CreateFeatureFamily] with parameters: [RCKDERVS_495, Rocket Derivatives, Derivative]
2021-06-23 09:21:46,993 INFO Configit.TA.Tests.TestSteps.BaseStep -- # Executing step: [CreateFeaturesFromFamilyView] with parameters: [Family code: RCKDERVS_495 Feature codes: RCKDERV1_495,RCKDERV2_495]
2021-06-23 09:21:49,479 INFO Configit.TA.Tests.TestSteps.BaseStep -- # Executing step: [CreateFeatureFamily] with parameters: [TESTMY_495, Test Model Years, Model Year]
2021-06-23 09:21:54,875 INFO Configit.TA.Tests.TestSteps.BaseStep -- # Executing step: [CreateFeaturesFromFamilyView] with parameters: [Family code: TESTMY_495 Feature codes: TESTMY1_495]
2021-06-23 09:21:56,826 INFO Configit.TA.Tests.TestSteps.BaseStep -- # Executing step: [CreateProductModel] with parameters: [ROCKET_495, Rocket Model E2E, RCKTBRND_495]
2021-06-23 09:21:56,826 INFO Configit.TA.Tests.TestSteps.BaseStep -- # Executing step: [CreateFeatureFromMainPage] with parameters: [ROCKET_495, Rocket Model E2E, Product Range]
2021-06-23 09:22:09,972 INFO Configit.TA.Tests.TestSteps.BaseStep -- # Executing step: [AddFeatures] with parameters: [Family code: RCKENG_495 Feature codes: RCKENG1_495,RCKENG2_495 Family code: CBNFAM_495 Feature codes: CBNFAM1_495,CBNFAM2_495 Family code: RCKBMOD_495 Feature codes: RCKBMOD1_495,RCKBMOD2_495,RCKBMOD3_495,RCKBMOD4_495 Family code: RCKDERVS_495 Feature codes: RCKDERV1_495,RCKDERV2_495 Family code: MRKT Feature codes: DNK,DEU Family code: TESTMY_495 Feature codes: TESTMY1_495]
2021-06-23 09:23:33,212 INFO Configit.TA.Tests.TestSteps.BaseStep -- # Executing step: [AddBrochureModelDefiningFamilies] with parameters: [RCKENG_495, CBNFAM_495]
2021-06-23 09:23:42,624 INFO Configit.TA.Tests.TestSteps.BaseStep -- # Executing step: [CreateBrochureModelsForProduct] with parameters: [ROCKET_495, [Code = 'RCKBMOD1_495'] [Description = 'Engine 1.0 Single cabin'] [Feature = 'RCKBMOD1_495'] [Cabin Type = 'CBNFAM1_495'] [Rocket Engines E2E = 'RCKENG1_495'] [Derivatives = 'RCKDERV1_495'] [Derivatives = 'RCKDERV2_495'] ]
2021-06-23 09:23:54,870 INFO Configit.TA.Tests.TestSteps.BaseStep -- # Executing step: [CreateBrochureModelsForProduct] with parameters: [ROCKET_495, [Code = 'RCKBMOD2_495'] [Description = 'Engine 1.0 Double cabin'] [Feature = 'RCKBMOD2_495'] [Cabin Type = 'CBNFAM2_495'] [Rocket Engines E2E = 'RCKENG1_495'] [Derivatives = 'RCKDERV1_495'] [Derivatives = 'RCKDERV2_495'] ]
2021-06-23 09:23:59,992 INFO Configit.TA.Tests.TestSteps.BaseStep -- # Executing step: [CreateBrochureModelsForProduct] with parameters: [ROCKET_495, [Code = 'RCKBMOD3_495'] [Description = 'Engine 2.0 Single cabin'] [Feature = 'RCKBMOD3_495'] [Cabin Type = 'CBNFAM1_495'] [Rocket Engines E2E = 'RCKENG2_495'] [Derivatives = 'RCKDERV1_495'] [Derivatives = 'RCKDERV2_495'] ]
2021-06-23 09:24:05,418 INFO Configit.TA.Tests.TestSteps.BaseStep -- # Executing step: [CreateBrochureModelsForProduct] with parameters: [ROCKET_495, [Code = 'RCKBMOD4_495'] [Description = 'Engine 2.0 Double cabin'] [Feature = 'RCKBMOD4_495'] [Cabin Type = 'CBNFAM2_495'] [Rocket Engines E2E = 'RCKENG2_495'] [Derivatives = 'RCKDERV1_495'] [Derivatives = 'RCKDERV2_495'] ]
2021-06-23 09:24:10,949 INFO Configit.TA.Tests.TestSteps.BaseStep -- # Executing step: [CreateModelYearMapping] with parameters: [ROCKET_495, TESTMY1_495]
2021-06-23 09:24:20,061 INFO Configit.TA.Tests.TestSteps.BaseStep -- # Executing step: [NavigateToWorkItemsPage]
2021-06-23 09:24:21,049 INFO Configit.TA.Tests.TestSteps.BaseStep -- # Executing step: [OpenWorkItemDetails] with parameters: [WI_23062021_092050700]
2021-06-23 09:24:24,587 INFO Configit.TA.Tests.TestSteps.BaseStep -- # Executing step: [PromoteWorkItem] with parameters: [WI_23062021_092050700]
2021-06-23 09:24:32,071 INFO Configit.TA.Tests.TestSteps.BaseStep -- # Executing step: [CreateChannel] with parameters: [CHN_E2E_230621092432, TA E2E channel, Services:[Product Model,Market,Model Year]]
2021-06-23 09:24:39,776 INFO Configit.TA.Tests.TestSteps.BaseStep -- # Executing step: [CreateRelease] with parameters: [REL_E2E_230621092432, TA E2E release, CHN_E2E_230621092432]
2021-06-23 09:24:53,969 INFO Configit.TA.Tests.TestSteps.BaseStep -- # Executing step: [Publish] with parameters: [REL_E2E_230621092432]
2021-06-23 09:25:11,402 INFO Configit.TA.Tests.TestSteps.BaseStep -- # Executing step: [Login] with parameters: [tech]
2021-06-23 09:25:17,011 INFO Configit.TA.Tests.TestSteps.BaseStep -- # Executing step: [OpenPackageDetails] with parameters: [REL_E2E_230621092432]
2021-06-23 09:25:19,536 INFO Configit.TA.Tests.TestSteps.BaseStep -- # Executing step: [VerifyConfiguratorDefaultValue] with parameters: [REL_E2E_230621092432, Rocket Model E2E, expected: Paint Colour:Black]
2021-06-23 09:25:19,536 INFO Configit.TA.Tests.TestSteps.BaseStep -- # Executing step: [OpenPackageDetails] with parameters: [REL_E2E_230621092432]
2021-06-23 09:25:21,549 INFO Configit.TA.Tests.TestSteps.BaseStep -- # Executing step: [VerifyConfiguratorDefaultValues] with parameters: [REL_E2E_230621092432, Rocket Model E2E, [Paint Colour = 'Black'] ]
2021-06-23 09:25:24,073 INFO Configit.TA.Tests.TestSteps.BaseStep -- # Executing step: [SetConfiguratorValues] with parameters: [[Market = 'Denmark'] [Rocket brochure models = 'Engine 1.0 Single cabin'] [Rocket Derivatives = 'Basic'] [Build Date = 'DATE:23/06/2021'] ]
2021-06-23 09:25:30,255 INFO Configit.TA.Tests.TestSteps.BaseStep -- # Executing step: [VerifyConfiguratorValues] with parameters: [[Paint Colour = 'Black'] ]
2021-06-23 09:25:30,269 INFO Configit.TA.Tests.TestSteps.BaseStep -- # Executing step: [OpenPackageDetails] with parameters: [REL_E2E_230621092432]
2021-06-23 09:25:32,278 INFO Configit.TA.Tests.TestSteps.BaseStep -- # Executing step: [RemovePackage] with parameters: [REL_E2E_230621092432]
2021-06-23 09:25:34,170 INFO Configit.TA.Tests.TestScenarios.Base.BaseWebTestSuite -- Closing the browser...
2021-06-23 09:25:34,280 INFO Configit.TA.Tests.TestScenarios.Base.BaseWebTestSuite -- Closing the browser...
2021-06-23 09:25:36,286 INFO Configit.TA.Core.Configuration.LogExecutionDetailsAttribute -- ##### Finished running  test case: [ProductModelBasicFullFlow]
]]></output>
                </test-case>
              </test-suite>
              <test-suite type="TestFixture" id="1-1005" name="IntegrationSuite" fullname="Configit.TA.Tests.TestScenarios.IntegrationTests.IntegrationSuite" classname="Configit.TA.Tests.TestScenarios.IntegrationTests.IntegrationSuite" runstate="Runnable" testcasecount="5" result="Failed" site="Child" start-time="2021-06-23 09:25:36Z" end-time="2021-06-23 09:30:18Z" duration="282.647730" total="5" passed="0" failed="5" warnings="0" inconclusive="0" skipped="0" asserts="0">
                <properties />
                <failure>
                  <message><![CDATA[One or more child tests had errors]]></message>
                </failure>
                <output><![CDATA[2021-06-23 09:25:36,286 INFO Configit.TA.Core.Configuration.LogExecutionDetailsAttribute -- ########## Started running  test suite: [IntegrationSuite]
2021-06-23 09:30:18,956 INFO Configit.TA.Core.Configuration.LogExecutionDetailsAttribute -- ########## Finished running  test suite: [IntegrationSuite]
]]></output>
                <test-case id="1-1006" name="CreateFeatureApplicabilityDefault" fullname="Configit.TA.Tests.TestScenarios.IntegrationTests.IntegrationSuite.CreateFeatureApplicabilityDefault" methodname="CreateFeatureApplicabilityDefault" classname="Configit.TA.Tests.TestScenarios.IntegrationTests.IntegrationSuite" runstate="Runnable" seed="734577928" result="Failed" label="Error" start-time="2021-06-23 09:25:36Z" end-time="2021-06-23 09:26:15Z" duration="38.773083" asserts="0">
                  <properties>
                    <property name="Category" value="AceE2E" />
                  </properties>
                  <failure>
                    <message><![CDATA[System.Exception : Waiting for condition: [WaitForXmlImportProcessing] on object [DataRow] By: [By.XPath: ./tbody[1]/tr[not(contains(@class, 'ng-hide')) and ./*[not(contains(@class, 'no-results'))]][1]]... failed after [15] seconds.]]></message>
                    <stack-trace><![CDATA[   at Configit.TA.Core.WaitService.WaitForCondition[T](T obj, Func`2 condition, Int32 maxTimeoutSeconds, Boolean throwException, Action actionAfterCondition) in D:\a\ace-e2e-test\ace-e2e-test\Configit.TestAutomation\Configit.TA.Core\WaitService.cs:line 61
   at Configit.TA.Core.UiElements.UiWebElement.WaitUntil(Func`2 condition, Int32 timeoutInSeconds, Boolean throwException, Action actionAfterCondition) in D:\a\ace-e2e-test\ace-e2e-test\Configit.TestAutomation\Configit.TA.Core\UiElements\UiWebElement.cs:line 301
   at Configit.TA.Tests.TestSteps.AdministrationStep.WaitForXmlImportProcessing(String importDescription) in D:\a\ace-e2e-test\ace-e2e-test\Configit.TestAutomation\Configit.TA.Tests\TestSteps\AdministrationStep.cs:line 78
   at Configit.TA.Tests.TestSteps.AdministrationStep.ImportXmlFile(String filePath, String description) in D:\a\ace-e2e-test\ace-e2e-test\Configit.TestAutomation\Configit.TA.Tests\TestSteps\AdministrationStep.cs:line 37
   at Configit.TA.Tests.TestSteps.CreateDataSteps.ImportBasicProductModelFromXml(WorkItem workItem) in D:\a\ace-e2e-test\ace-e2e-test\Configit.TestAutomation\Configit.TA.Tests\TestSteps\CreateDataSteps.cs:line 21
   at Configit.TA.Tests.TestScenarios.IntegrationTests.IntegrationSuite.CreateFeatureApplicabilityDefault() in D:\a\ace-e2e-test\ace-e2e-test\Configit.TestAutomation\Configit.TA.Tests\TestScenarios\IntegrationTests\IntegrationSuite.cs:line 69]]></stack-trace>
                  </failure>
                  <output><![CDATA[2021-06-23 09:25:36,287 INFO Configit.TA.Core.Configuration.LogExecutionDetailsAttribute -- ##### Started running  test case: [CreateFeatureApplicabilityDefault]
2021-06-23 09:25:36,287 INFO Configit.TA.Tests.TestScenarios.Base.BaseWebTestSuite -- Initializing browser window...
2021-06-23 09:25:36,287 INFO Configit.TA.Core.Extensions.WrappedWebDriver -- Creating webdriver instance...
2021-06-23 09:25:37,487 INFO Configit.TA.Tests.TestScenarios.Base.BaseWebTestSuite -- Browser initialized.
2021-06-23 09:25:37,488 INFO Configit.TA.Tests.TestSteps.BaseStep -- # Executing step: [Login] with parameters: [Admin]
2021-06-23 09:25:42,032 INFO Configit.TA.Tests.TestSteps.BaseStep -- # Executing step: [CreateWorkItemFromHomePage] with parameters: [WI_23062021_092542032, test work item]
2021-06-23 09:25:44,760 INFO Configit.TA.Tests.TestSteps.BaseStep -- # Executing step: [NavigateToWorkItemsPage]
2021-06-23 09:25:45,789 INFO Configit.TA.Tests.TestSteps.BaseStep -- # Executing step: [OpenWorkItemDetails] with parameters: [WI_23062021_092542032]
2021-06-23 09:25:49,725 INFO Configit.TA.Tests.TestSteps.BaseStep -- # Executing step: [ImportXmlFile] with parameters: [D:\a\ace-e2e-test\ace-e2e-test\Configit.TestAutomation\Configit.TA.Tests\bin\Debug\TestData\CreateFeatureApplicabilityDefault_workitem496.xml]
2021-06-23 09:26:10,619 ERROR Configit.TA.Core.WaitService -- Waiting for condition: [WaitForXmlImportProcessing] on object [DataRow] By: [By.XPath: ./tbody[1]/tr[not(contains(@class, 'ng-hide')) and ./*[not(contains(@class, 'no-results'))]][1]]... failed after [15] seconds.
2021-06-23 09:26:10,957 INFO Configit.TA.Core.Extensions.WebDriverExtension -- Screenshot saved: D:\a\ace-e2e-test\ace-e2e-test\Configit.TestAutomation\Configit.TA.Tests\bin\Debug\screenshots\CreateFeatureApplicabilityDefault1-1006_20210623_092610620.png
2021-06-23 09:26:10,959 INFO Configit.TA.Tests.TestScenarios.Base.BaseWebTestSuite -- Closing the browser...
2021-06-23 09:26:11,053 INFO Configit.TA.Tests.TestScenarios.Base.BaseWebTestSuite -- Closing the browser...
2021-06-23 09:26:15,063 INFO Configit.TA.Core.Configuration.LogExecutionDetailsAttribute -- ##### Finished running  test case: [CreateFeatureApplicabilityDefault]
]]></output>
                  <attachments>
                    <attachment>
                      <filePath>D:\a\ace-e2e-test\ace-e2e-test\Configit.TestAutomation\Configit.TA.Tests\bin\Debug\screenshots\CreateFeatureApplicabilityDefault1-1006_20210623_092610620.png</filePath>
                    </attachment>
                  </attachments>
                </test-case>
                <test-case id="1-1009" name="CreateFeatureApplicabilityMultivalueDefault" fullname="Configit.TA.Tests.TestScenarios.IntegrationTests.IntegrationSuite.CreateFeatureApplicabilityMultivalueDefault" methodname="CreateFeatureApplicabilityMultivalueDefault" classname="Configit.TA.Tests.TestScenarios.IntegrationTests.IntegrationSuite" runstate="Runnable" seed="2135204446" result="Failed" label="Error" start-time="2021-06-23 09:26:15Z" end-time="2021-06-23 09:28:23Z" duration="127.930091" asserts="0">
                  <properties>
                    <property name="Category" value="AceE2E" />
                  </properties>
                  <failure>
                    <message><![CDATA[System.Exception : Waiting for condition: [WaitUntilIsDisplayed] on object [UiLabel] By: [By.XPath: //*[@label='Status']]... failed after [15] seconds.]]></message>
                    <stack-trace><![CDATA[   at Configit.TA.Core.WaitService.WaitForCondition[T](T obj, Func`2 condition, Int32 maxTimeoutSeconds, Boolean throwException, Action actionAfterCondition) in D:\a\ace-e2e-test\ace-e2e-test\Configit.TestAutomation\Configit.TA.Core\WaitService.cs:line 61
   at Configit.TA.Core.UiElements.UiWebElement.WaitUntil(Func`2 condition, Int32 timeoutInSeconds, Boolean throwException, Action actionAfterCondition) in D:\a\ace-e2e-test\ace-e2e-test\Configit.TestAutomation\Configit.TA.Core\UiElements\UiWebElement.cs:line 301
   at Configit.TA.Core.UiElements.UiWebElement.WaitUntilIsDisplayed(Int32 timeoutInSeconds) in D:\a\ace-e2e-test\ace-e2e-test\Configit.TestAutomation\Configit.TA.Core\UiElements\UiWebElement.cs:line 113
   at Configit.TA.Core.UiElements.UiWebElement.GetInnerText() in D:\a\ace-e2e-test\ace-e2e-test\Configit.TestAutomation\Configit.TA.Core\UiElements\UiWebElement.cs:line 204
   at Configit.TA.Core.UiElements.UiWebElement.GetParsedText() in D:\a\ace-e2e-test\ace-e2e-test\Configit.TestAutomation\Configit.TA.Core\UiElements\UiWebElement.cs:line 216
   at Configit.TA.Tests.TestSteps.ProductDefaultsSteps.AddFeatureApplicability(String productName, String familyName, Effectivity effectivity, Boolean navigateFromHome) in D:\a\ace-e2e-test\ace-e2e-test\Configit.TestAutomation\Configit.TA.Tests\TestSteps\ProductDefaultsSteps.cs:line 451
   at Configit.TA.Tests.TestScenarios.IntegrationTests.IntegrationSuite.CreateFeatureApplicabilityMultivalueDefault() in D:\a\ace-e2e-test\ace-e2e-test\Configit.TestAutomation\Configit.TA.Tests\TestScenarios\IntegrationTests\IntegrationSuite.cs:line 317]]></stack-trace>
                  </failure>
                  <output><![CDATA[2021-06-23 09:26:15,063 INFO Configit.TA.Core.Configuration.LogExecutionDetailsAttribute -- ##### Started running  test case: [CreateFeatureApplicabilityMultivalueDefault]
2021-06-23 09:26:15,063 INFO Configit.TA.Tests.TestScenarios.Base.BaseWebTestSuite -- Initializing browser window...
2021-06-23 09:26:15,063 INFO Configit.TA.Core.Extensions.WrappedWebDriver -- Creating webdriver instance...
2021-06-23 09:26:16,259 INFO Configit.TA.Tests.TestScenarios.Base.BaseWebTestSuite -- Browser initialized.
2021-06-23 09:26:16,259 INFO Configit.TA.Tests.TestSteps.BaseStep -- # Executing step: [Login] with parameters: [Admin]
2021-06-23 09:26:20,489 INFO Configit.TA.Tests.TestSteps.BaseStep -- # Executing step: [CreateWorkItemFromHomePage] with parameters: [WI_23062021_092620489, test work item]
2021-06-23 09:26:23,157 INFO Configit.TA.Tests.TestSteps.BaseStep -- # Executing step: [NavigateToWorkItemsPage]
2021-06-23 09:26:24,276 INFO Configit.TA.Tests.TestSteps.BaseStep -- # Executing step: [OpenWorkItemDetails] with parameters: [WI_23062021_092620489]
2021-06-23 09:26:28,145 INFO Configit.TA.Tests.TestSteps.BaseStep -- # Executing step: [ImportXmlFile] with parameters: [D:\a\ace-e2e-test\ace-e2e-test\Configit.TestAutomation\Configit.TA.Tests\bin\Debug\TestData\CreateFeatureApplicabilityMultivalueDefault_workitem497.xml]
2021-06-23 09:26:42,582 INFO Configit.TA.Tests.TestSteps.BaseStep -- # Executing step: [NavigateToWorkItemsPage]
2021-06-23 09:26:43,967 INFO Configit.TA.Tests.TestSteps.BaseStep -- # Executing step: [OpenWorkItemDetails] with parameters: [WI_23062021_092620489]
2021-06-23 09:26:47,167 INFO Configit.TA.Tests.TestSteps.BaseStep -- # Executing step: [UpdateWorkitem] with parameters: [WI_23062021_092620489]
2021-06-23 09:26:49,484 INFO Configit.TA.Tests.TestSteps.BaseStep -- # Executing step: [AddUsers] with parameters: [Ace Administrator]
2021-06-23 09:26:59,538 INFO Configit.TA.Tests.TestSteps.BaseStep -- # Executing step: [CreateFeatureFamily] with parameters: [GRPH_497, Painted graphics, Feature]
2021-06-23 09:27:05,396 INFO Configit.TA.Tests.TestSteps.BaseStep -- # Executing step: [CreateFeaturesFromFamilyView] with parameters: [Family code: GRPH_497 Feature codes: FLMS_497,FLMT_497,LINF_497,PNDB_497]
2021-06-23 09:27:09,129 INFO Configit.TA.Tests.TestSteps.BaseStep -- # Executing step: [AddFeatures] with parameters: [Family code: GRPH_497 Feature codes: FLMS_497,FLMT_497,LINF_497,PNDB_497]
2021-06-23 09:27:36,480 INFO Configit.TA.Tests.TestSteps.BaseStep -- # Executing step: [AddMarketAvailability] with parameters: [ROCKET_497, All, Denmark]
2021-06-23 09:27:53,375 INFO Configit.TA.Tests.TestSteps.BaseStep -- # Executing step: [AddFeatureApplicability] with parameters: [ROCKET_497, GRPH_497]
2021-06-23 09:28:20,667 ERROR Configit.TA.Core.WaitService -- Waiting for condition: [WaitUntilIsDisplayed] on object [UiLabel] By: [By.XPath: //*[@label='Status']]... failed after [15] seconds.
2021-06-23 09:28:20,896 INFO Configit.TA.Core.Extensions.WebDriverExtension -- Screenshot saved: D:\a\ace-e2e-test\ace-e2e-test\Configit.TestAutomation\Configit.TA.Tests\bin\Debug\screenshots\CreateFeatureApplicabilityMultivalueDefault1-1009_20210623_092820667.png
2021-06-23 09:28:20,897 INFO Configit.TA.Tests.TestScenarios.Base.BaseWebTestSuite -- Closing the browser...
2021-06-23 09:28:20,996 INFO Configit.TA.Tests.TestScenarios.Base.BaseWebTestSuite -- Closing the browser...
2021-06-23 09:28:23,003 INFO Configit.TA.Core.Configuration.LogExecutionDetailsAttribute -- ##### Finished running  test case: [CreateFeatureApplicabilityMultivalueDefault]
]]></output>
                  <attachments>
                    <attachment>
                      <filePath>D:\a\ace-e2e-test\ace-e2e-test\Configit.TestAutomation\Configit.TA.Tests\bin\Debug\screenshots\CreateFeatureApplicabilityMultivalueDefault1-1009_20210623_092820667.png</filePath>
                    </attachment>
                  </attachments>
                </test-case>
                <test-case id="1-1007" name="CreateFeatureApplicabilityOverDefault" fullname="Configit.TA.Tests.TestScenarios.IntegrationTests.IntegrationSuite.CreateFeatureApplicabilityOverDefault" methodname="CreateFeatureApplicabilityOverDefault" classname="Configit.TA.Tests.TestScenarios.IntegrationTests.IntegrationSuite" runstate="Runnable" seed="122810742" result="Failed" label="Error" start-time="2021-06-23 09:28:23Z" end-time="2021-06-23 09:29:01Z" duration="38.603701" asserts="0">
                  <properties>
                    <property name="Category" value="AceE2E" />
                  </properties>
                  <failure>
                    <message><![CDATA[System.Exception : Waiting for condition: [WaitForXmlImportProcessing] on object [DataRow] By: [By.XPath: ./tbody[1]/tr[not(contains(@class, 'ng-hide')) and ./*[not(contains(@class, 'no-results'))]][1]]... failed after [15] seconds.]]></message>
                    <stack-trace><![CDATA[   at Configit.TA.Core.WaitService.WaitForCondition[T](T obj, Func`2 condition, Int32 maxTimeoutSeconds, Boolean throwException, Action actionAfterCondition) in D:\a\ace-e2e-test\ace-e2e-test\Configit.TestAutomation\Configit.TA.Core\WaitService.cs:line 61
   at Configit.TA.Core.UiElements.UiWebElement.WaitUntil(Func`2 condition, Int32 timeoutInSeconds, Boolean throwException, Action actionAfterCondition) in D:\a\ace-e2e-test\ace-e2e-test\Configit.TestAutomation\Configit.TA.Core\UiElements\UiWebElement.cs:line 301
   at Configit.TA.Tests.TestSteps.AdministrationStep.WaitForXmlImportProcessing(String importDescription) in D:\a\ace-e2e-test\ace-e2e-test\Configit.TestAutomation\Configit.TA.Tests\TestSteps\AdministrationStep.cs:line 78
   at Configit.TA.Tests.TestSteps.AdministrationStep.ImportXmlFile(String filePath, String description) in D:\a\ace-e2e-test\ace-e2e-test\Configit.TestAutomation\Configit.TA.Tests\TestSteps\AdministrationStep.cs:line 37
   at Configit.TA.Tests.TestSteps.CreateDataSteps.ImportBasicProductModelFromXml(WorkItem workItem) in D:\a\ace-e2e-test\ace-e2e-test\Configit.TestAutomation\Configit.TA.Tests\TestSteps\CreateDataSteps.cs:line 21
   at Configit.TA.Tests.TestScenarios.IntegrationTests.IntegrationSuite.CreateFeatureApplicabilityOverDefault() in D:\a\ace-e2e-test\ace-e2e-test\Configit.TestAutomation\Configit.TA.Tests\TestScenarios\IntegrationTests\IntegrationSuite.cs:line 135]]></stack-trace>
                  </failure>
                  <output><![CDATA[2021-06-23 09:28:23,004 INFO Configit.TA.Core.Configuration.LogExecutionDetailsAttribute -- ##### Started running  test case: [CreateFeatureApplicabilityOverDefault]
2021-06-23 09:28:23,004 INFO Configit.TA.Tests.TestScenarios.Base.BaseWebTestSuite -- Initializing browser window...
2021-06-23 09:28:23,004 INFO Configit.TA.Core.Extensions.WrappedWebDriver -- Creating webdriver instance...
2021-06-23 09:28:24,192 INFO Configit.TA.Tests.TestScenarios.Base.BaseWebTestSuite -- Browser initialized.
2021-06-23 09:28:24,192 INFO Configit.TA.Tests.TestSteps.BaseStep -- # Executing step: [Login] with parameters: [Admin]
2021-06-23 09:28:28,746 INFO Configit.TA.Tests.TestSteps.BaseStep -- # Executing step: [CreateWorkItemFromHomePage] with parameters: [WI_23062021_092828746, test work item]
2021-06-23 09:28:31,476 INFO Configit.TA.Tests.TestSteps.BaseStep -- # Executing step: [NavigateToWorkItemsPage]
2021-06-23 09:28:32,579 INFO Configit.TA.Tests.TestSteps.BaseStep -- # Executing step: [OpenWorkItemDetails] with parameters: [WI_23062021_092828746]
2021-06-23 09:28:36,413 INFO Configit.TA.Tests.TestSteps.BaseStep -- # Executing step: [ImportXmlFile] with parameters: [D:\a\ace-e2e-test\ace-e2e-test\Configit.TestAutomation\Configit.TA.Tests\bin\Debug\TestData\CreateFeatureApplicabilityOverDefault_workitem498.xml]
2021-06-23 09:28:57,270 ERROR Configit.TA.Core.WaitService -- Waiting for condition: [WaitForXmlImportProcessing] on object [DataRow] By: [By.XPath: ./tbody[1]/tr[not(contains(@class, 'ng-hide')) and ./*[not(contains(@class, 'no-results'))]][1]]... failed after [15] seconds.
2021-06-23 09:28:57,464 INFO Configit.TA.Core.Extensions.WebDriverExtension -- Screenshot saved: D:\a\ace-e2e-test\ace-e2e-test\Configit.TestAutomation\Configit.TA.Tests\bin\Debug\screenshots\CreateFeatureApplicabilityOverDefault1-1007_20210623_092857270.png
2021-06-23 09:28:57,465 INFO Configit.TA.Tests.TestScenarios.Base.BaseWebTestSuite -- Closing the browser...
2021-06-23 09:28:57,601 INFO Configit.TA.Tests.TestScenarios.Base.BaseWebTestSuite -- Closing the browser...
2021-06-23 09:29:01,610 INFO Configit.TA.Core.Configuration.LogExecutionDetailsAttribute -- ##### Finished running  test case: [CreateFeatureApplicabilityOverDefault]
]]></output>
                  <attachments>
                    <attachment>
                      <filePath>D:\a\ace-e2e-test\ace-e2e-test\Configit.TestAutomation\Configit.TA.Tests\bin\Debug\screenshots\CreateFeatureApplicabilityOverDefault1-1007_20210623_092857270.png</filePath>
                    </attachment>
                  </attachments>
                </test-case>
                <test-case id="1-1008" name="CreateFeatureApplicabilitySelections" fullname="Configit.TA.Tests.TestScenarios.IntegrationTests.IntegrationSuite.CreateFeatureApplicabilitySelections" methodname="CreateFeatureApplicabilitySelections" classname="Configit.TA.Tests.TestScenarios.IntegrationTests.IntegrationSuite" runstate="Runnable" seed="162587249" result="Failed" label="Error" start-time="2021-06-23 09:29:01Z" end-time="2021-06-23 09:29:40Z" duration="39.130893" asserts="0">
                  <properties>
                    <property name="Category" value="AceE2E" />
                  </properties>
                  <failure>
                    <message><![CDATA[System.Exception : Waiting for condition: [WaitForXmlImportProcessing] on object [DataRow] By: [By.XPath: ./tbody[1]/tr[not(contains(@class, 'ng-hide')) and ./*[not(contains(@class, 'no-results'))]][1]]... failed after [15] seconds.]]></message>
                    <stack-trace><![CDATA[   at Configit.TA.Core.WaitService.WaitForCondition[T](T obj, Func`2 condition, Int32 maxTimeoutSeconds, Boolean throwException, Action actionAfterCondition) in D:\a\ace-e2e-test\ace-e2e-test\Configit.TestAutomation\Configit.TA.Core\WaitService.cs:line 61
   at Configit.TA.Core.UiElements.UiWebElement.WaitUntil(Func`2 condition, Int32 timeoutInSeconds, Boolean throwException, Action actionAfterCondition) in D:\a\ace-e2e-test\ace-e2e-test\Configit.TestAutomation\Configit.TA.Core\UiElements\UiWebElement.cs:line 301
   at Configit.TA.Tests.TestSteps.AdministrationStep.WaitForXmlImportProcessing(String importDescription) in D:\a\ace-e2e-test\ace-e2e-test\Configit.TestAutomation\Configit.TA.Tests\TestSteps\AdministrationStep.cs:line 78
   at Configit.TA.Tests.TestSteps.AdministrationStep.ImportXmlFile(String filePath, String description) in D:\a\ace-e2e-test\ace-e2e-test\Configit.TestAutomation\Configit.TA.Tests\TestSteps\AdministrationStep.cs:line 37
   at Configit.TA.Tests.TestSteps.CreateDataSteps.ImportBasicProductModelFromXml(WorkItem workItem) in D:\a\ace-e2e-test\ace-e2e-test\Configit.TestAutomation\Configit.TA.Tests\TestSteps\CreateDataSteps.cs:line 21
   at Configit.TA.Tests.TestScenarios.IntegrationTests.IntegrationSuite.CreateFeatureApplicabilitySelections() in D:\a\ace-e2e-test\ace-e2e-test\Configit.TestAutomation\Configit.TA.Tests\TestScenarios\IntegrationTests\IntegrationSuite.cs:line 213]]></stack-trace>
                  </failure>
                  <output><![CDATA[2021-06-23 09:29:01,611 INFO Configit.TA.Core.Configuration.LogExecutionDetailsAttribute -- ##### Started running  test case: [CreateFeatureApplicabilitySelections]
2021-06-23 09:29:01,611 INFO Configit.TA.Tests.TestScenarios.Base.BaseWebTestSuite -- Initializing browser window...
2021-06-23 09:29:01,611 INFO Configit.TA.Core.Extensions.WrappedWebDriver -- Creating webdriver instance...
2021-06-23 09:29:02,882 INFO Configit.TA.Tests.TestScenarios.Base.BaseWebTestSuite -- Browser initialized.
2021-06-23 09:29:02,882 INFO Configit.TA.Tests.TestSteps.BaseStep -- # Executing step: [Login] with parameters: [Admin]
2021-06-23 09:29:07,185 INFO Configit.TA.Tests.TestSteps.BaseStep -- # Executing step: [CreateWorkItemFromHomePage] with parameters: [WI_23062021_092907185, test work item]
2021-06-23 09:29:09,926 INFO Configit.TA.Tests.TestSteps.BaseStep -- # Executing step: [NavigateToWorkItemsPage]
2021-06-23 09:29:10,985 INFO Configit.TA.Tests.TestSteps.BaseStep -- # Executing step: [OpenWorkItemDetails] with parameters: [WI_23062021_092907185]
2021-06-23 09:29:14,783 INFO Configit.TA.Tests.TestSteps.BaseStep -- # Executing step: [ImportXmlFile] with parameters: [D:\a\ace-e2e-test\ace-e2e-test\Configit.TestAutomation\Configit.TA.Tests\bin\Debug\TestData\CreateFeatureApplicabilitySelections_workitem499.xml]
2021-06-23 09:29:36,399 ERROR Configit.TA.Core.WaitService -- Waiting for condition: [WaitForXmlImportProcessing] on object [DataRow] By: [By.XPath: ./tbody[1]/tr[not(contains(@class, 'ng-hide')) and ./*[not(contains(@class, 'no-results'))]][1]]... failed after [15] seconds.
2021-06-23 09:29:36,605 INFO Configit.TA.Core.Extensions.WebDriverExtension -- Screenshot saved: D:\a\ace-e2e-test\ace-e2e-test\Configit.TestAutomation\Configit.TA.Tests\bin\Debug\screenshots\CreateFeatureApplicabilitySelections1-1008_20210623_092936399.png
2021-06-23 09:29:36,606 INFO Configit.TA.Tests.TestScenarios.Base.BaseWebTestSuite -- Closing the browser...
2021-06-23 09:29:36,735 INFO Configit.TA.Tests.TestScenarios.Base.BaseWebTestSuite -- Closing the browser...
2021-06-23 09:29:40,744 INFO Configit.TA.Core.Configuration.LogExecutionDetailsAttribute -- ##### Finished running  test case: [CreateFeatureApplicabilitySelections]
]]></output>
                  <attachments>
                    <attachment>
                      <filePath>D:\a\ace-e2e-test\ace-e2e-test\Configit.TestAutomation\Configit.TA.Tests\bin\Debug\screenshots\CreateFeatureApplicabilitySelections1-1008_20210623_092936399.png</filePath>
                    </attachment>
                  </attachments>
                </test-case>
                <test-case id="1-1010" name="RulesVerification" fullname="Configit.TA.Tests.TestScenarios.IntegrationTests.IntegrationSuite.RulesVerification" methodname="RulesVerification" classname="Configit.TA.Tests.TestScenarios.IntegrationTests.IntegrationSuite" runstate="Runnable" seed="1566021706" result="Failed" label="Error" start-time="2021-06-23 09:29:40Z" end-time="2021-06-23 09:30:18Z" duration="38.208357" asserts="0">
                  <properties>
                    <property name="Category" value="AceE2E" />
                  </properties>
                  <failure>
                    <message><![CDATA[System.Exception : Waiting for condition: [WaitForXmlImportProcessing] on object [DataRow] By: [By.XPath: ./tbody[1]/tr[not(contains(@class, 'ng-hide')) and ./*[not(contains(@class, 'no-results'))]][1]]... failed after [15] seconds.]]></message>
                    <stack-trace><![CDATA[   at Configit.TA.Core.WaitService.WaitForCondition[T](T obj, Func`2 condition, Int32 maxTimeoutSeconds, Boolean throwException, Action actionAfterCondition) in D:\a\ace-e2e-test\ace-e2e-test\Configit.TestAutomation\Configit.TA.Core\WaitService.cs:line 61
   at Configit.TA.Core.UiElements.UiWebElement.WaitUntil(Func`2 condition, Int32 timeoutInSeconds, Boolean throwException, Action actionAfterCondition) in D:\a\ace-e2e-test\ace-e2e-test\Configit.TestAutomation\Configit.TA.Core\UiElements\UiWebElement.cs:line 301
   at Configit.TA.Tests.TestSteps.AdministrationStep.WaitForXmlImportProcessing(String importDescription) in D:\a\ace-e2e-test\ace-e2e-test\Configit.TestAutomation\Configit.TA.Tests\TestSteps\AdministrationStep.cs:line 78
   at Configit.TA.Tests.TestSteps.AdministrationStep.ImportXmlFile(String filePath, String description) in D:\a\ace-e2e-test\ace-e2e-test\Configit.TestAutomation\Configit.TA.Tests\TestSteps\AdministrationStep.cs:line 37
   at Configit.TA.Tests.TestSteps.CreateDataSteps.ImportBasicProductModelFromXml(WorkItem workItem) in D:\a\ace-e2e-test\ace-e2e-test\Configit.TestAutomation\Configit.TA.Tests\TestSteps\CreateDataSteps.cs:line 21
   at Configit.TA.Tests.TestScenarios.IntegrationTests.IntegrationSuite.RulesVerification() in D:\a\ace-e2e-test\ace-e2e-test\Configit.TestAutomation\Configit.TA.Tests\TestScenarios\IntegrationTests\IntegrationSuite.cs:line 404]]></stack-trace>
                  </failure>
                  <output><![CDATA[2021-06-23 09:29:40,744 INFO Configit.TA.Core.Configuration.LogExecutionDetailsAttribute -- ##### Started running  test case: [RulesVerification]
2021-06-23 09:29:40,744 INFO Configit.TA.Tests.TestScenarios.Base.BaseWebTestSuite -- Initializing browser window...
2021-06-23 09:29:40,744 INFO Configit.TA.Core.Extensions.WrappedWebDriver -- Creating webdriver instance...
2021-06-23 09:29:41,999 INFO Configit.TA.Tests.TestScenarios.Base.BaseWebTestSuite -- Browser initialized.
2021-06-23 09:29:41,999 INFO Configit.TA.Tests.TestSteps.BaseStep -- # Executing step: [Login] with parameters: [Admin]
2021-06-23 09:29:46,147 INFO Configit.TA.Tests.TestSteps.BaseStep -- # Executing step: [CreateWorkItemFromHomePage] with parameters: [WI_23062021_092946147, test work item]
2021-06-23 09:29:48,884 INFO Configit.TA.Tests.TestSteps.BaseStep -- # Executing step: [NavigateToWorkItemsPage]
2021-06-23 09:29:49,959 INFO Configit.TA.Tests.TestSteps.BaseStep -- # Executing step: [OpenWorkItemDetails] with parameters: [WI_23062021_092946147]
2021-06-23 09:29:53,798 INFO Configit.TA.Tests.TestSteps.BaseStep -- # Executing step: [ImportXmlFile] with parameters: [D:\a\ace-e2e-test\ace-e2e-test\Configit.TestAutomation\Configit.TA.Tests\bin\Debug\TestData\RulesVerification_workitem500.xml]
2021-06-23 09:30:14,607 ERROR Configit.TA.Core.WaitService -- Waiting for condition: [WaitForXmlImportProcessing] on object [DataRow] By: [By.XPath: ./tbody[1]/tr[not(contains(@class, 'ng-hide')) and ./*[not(contains(@class, 'no-results'))]][1]]... failed after [15] seconds.
2021-06-23 09:30:14,816 INFO Configit.TA.Core.Extensions.WebDriverExtension -- Screenshot saved: D:\a\ace-e2e-test\ace-e2e-test\Configit.TestAutomation\Configit.TA.Tests\bin\Debug\screenshots\RulesVerification1-1010_20210623_093014608.png
2021-06-23 09:30:14,817 INFO Configit.TA.Tests.TestScenarios.Base.BaseWebTestSuite -- Closing the browser...
2021-06-23 09:30:14,946 INFO Configit.TA.Tests.TestScenarios.Base.BaseWebTestSuite -- Closing the browser...
2021-06-23 09:30:18,956 INFO Configit.TA.Core.Configuration.LogExecutionDetailsAttribute -- ##### Finished running  test case: [RulesVerification]
]]></output>
                  <attachments>
                    <attachment>
                      <filePath>D:\a\ace-e2e-test\ace-e2e-test\Configit.TestAutomation\Configit.TA.Tests\bin\Debug\screenshots\RulesVerification1-1010_20210623_093014608.png</filePath>
                    </attachment>
                  </attachments>
                </test-case>
              </test-suite>
            </test-suite>
            <test-suite type="TestSuite" id="1-1084" name="Sanity" fullname="Configit.TA.Tests.TestScenarios.Sanity" runstate="Runnable" testcasecount="3" result="Passed" start-time="2021-06-23 08:20:09Z" end-time="2021-06-23 09:30:18Z" duration="4209.503340" total="0" passed="0" failed="0" warnings="0" inconclusive="0" skipped="0" asserts="0">
              <properties />
              <test-suite type="TestFixture" id="1-1001" name="SanityTestSuite" fullname="Configit.TA.Tests.TestScenarios.Sanity.SanityTestSuite" classname="Configit.TA.Tests.TestScenarios.Sanity.SanityTestSuite" runstate="Runnable" testcasecount="3" result="Passed" start-time="2021-06-23 09:30:18Z" end-time="2021-06-23 09:30:18Z" duration="0.000002" total="0" passed="0" failed="0" warnings="0" inconclusive="0" skipped="0" asserts="0">
                <properties />
              </test-suite>
            </test-suite>
          </test-suite>
        </test-suite>
      </test-suite>
    </test-suite>
  </test-suite>
</test-run>